mode: set
react-golang-starter/internal/ai/advanced.go:11.133,12.24 1 0
react-golang-starter/internal/ai/advanced.go:12.24,14.3 1 0
react-golang-starter/internal/ai/advanced.go:17.2,17.53 1 0
react-golang-starter/internal/ai/advanced.go:17.53,19.3 1 0
react-golang-starter/internal/ai/advanced.go:22.2,22.17 1 0
react-golang-starter/internal/ai/advanced.go:22.17,23.64 1 0
react-golang-starter/internal/ai/advanced.go:23.64,25.4 1 0
react-golang-starter/internal/ai/advanced.go:26.3,26.47 1 0
react-golang-starter/internal/ai/advanced.go:26.47,28.4 1 0
react-golang-starter/internal/ai/advanced.go:32.2,39.16 4 0
react-golang-starter/internal/ai/advanced.go:39.16,41.3 1 0
react-golang-starter/internal/ai/advanced.go:43.2,43.43 1 0
react-golang-starter/internal/ai/advanced.go:47.101,50.17 2 0
react-golang-starter/internal/ai/advanced.go:50.17,52.3 1 0
react-golang-starter/internal/ai/advanced.go:53.2,58.17 3 0
react-golang-starter/internal/ai/advanced.go:58.17,60.3 1 0
react-golang-starter/internal/ai/advanced.go:63.2,63.29 1 0
react-golang-starter/internal/ai/advanced.go:63.29,67.37 3 0
react-golang-starter/internal/ai/advanced.go:67.37,73.4 1 0
react-golang-starter/internal/ai/advanced.go:75.3,81.29 3 0
react-golang-starter/internal/ai/advanced.go:81.29,87.4 1 0
react-golang-starter/internal/ai/advanced.go:91.2,91.19 1 0
react-golang-starter/internal/ai/advanced.go:91.19,95.29 2 0
react-golang-starter/internal/ai/advanced.go:95.29,102.4 1 0
react-golang-starter/internal/ai/advanced.go:105.2,105.15 1 0
react-golang-starter/internal/ai/advanced.go:109.70,119.2 2 0
react-golang-starter/internal/ai/advanced.go:122.73,123.15 1 0
react-golang-starter/internal/ai/advanced.go:124.23,125.43 1 0
react-golang-starter/internal/ai/advanced.go:126.22,127.47 1 0
react-golang-starter/internal/ai/advanced.go:128.25,129.53 1 0
react-golang-starter/internal/ai/advanced.go:130.23,131.50 1 0
react-golang-starter/internal/ai/advanced.go:132.27,133.50 1 0
react-golang-starter/internal/ai/advanced.go:134.10,135.53 1 0
react-golang-starter/internal/ai/advanced.go:140.78,141.14 1 0
react-golang-starter/internal/ai/advanced.go:142.13,143.44 1 0
react-golang-starter/internal/ai/advanced.go:144.14,145.45 1 0
react-golang-starter/internal/ai/advanced.go:146.10,147.45 1 0
react-golang-starter/internal/ai/advanced.go:152.67,153.19 1 0
react-golang-starter/internal/ai/advanced.go:153.19,155.3 1 0
react-golang-starter/internal/ai/advanced.go:158.2,159.16 2 0
react-golang-starter/internal/ai/advanced.go:159.16,161.3 1 0
react-golang-starter/internal/ai/advanced.go:163.2,164.59 2 0
react-golang-starter/internal/ai/advanced.go:164.59,166.3 1 0
react-golang-starter/internal/ai/advanced.go:168.2,168.16 1 0
react-golang-starter/internal/ai/advanced.go:172.102,173.17 1 0
react-golang-starter/internal/ai/advanced.go:173.17,180.3 1 0
react-golang-starter/internal/ai/advanced.go:182.2,187.67 2 0
react-golang-starter/internal/ai/advanced.go:187.67,188.57 1 0
react-golang-starter/internal/ai/advanced.go:188.57,189.32 1 0
react-golang-starter/internal/ai/advanced.go:189.32,194.5 1 0
react-golang-starter/internal/ai/advanced.go:198.2,198.15 1 0
react-golang-starter/internal/ai/chat.go:11.116,12.37 1 0
react-golang-starter/internal/ai/chat.go:12.37,14.3 1 0
react-golang-starter/internal/ai/chat.go:17.2,26.16 4 0
react-golang-starter/internal/ai/chat.go:26.16,28.3 1 0
react-golang-starter/internal/ai/chat.go:30.2,30.35 1 0
react-golang-starter/internal/ai/chat.go:34.109,35.24 1 0
react-golang-starter/internal/ai/chat.go:35.24,37.3 1 0
react-golang-starter/internal/ai/chat.go:40.2,47.16 4 0
react-golang-starter/internal/ai/chat.go:47.16,49.3 1 0
react-golang-starter/internal/ai/chat.go:51.2,51.35 1 0
react-golang-starter/internal/ai/chat.go:55.97,60.17 2 0
react-golang-starter/internal/ai/chat.go:60.17,62.3 1 0
react-golang-starter/internal/ai/chat.go:64.2,64.27 1 0
react-golang-starter/internal/ai/chat.go:64.27,66.3 1 0
react-golang-starter/internal/ai/chat.go:68.2,68.29 1 0
react-golang-starter/internal/ai/chat.go:68.29,70.3 1 0
react-golang-starter/internal/ai/chat.go:72.2,72.22 1 0
react-golang-starter/internal/ai/chat.go:72.22,74.3 1 0
react-golang-starter/internal/ai/chat.go:76.2,76.22 1 0
react-golang-starter/internal/ai/chat.go:76.22,79.3 2 0
react-golang-starter/internal/ai/chat.go:81.2,81.32 1 0
react-golang-starter/internal/ai/chat.go:81.32,83.3 1 0
react-golang-starter/internal/ai/chat.go:85.2,85.15 1 0
react-golang-starter/internal/ai/chat.go:89.89,91.17 2 0
react-golang-starter/internal/ai/chat.go:91.17,93.3 1 0
react-golang-starter/internal/ai/chat.go:95.2,98.44 2 0
react-golang-starter/internal/ai/chat.go:98.44,100.3 1 0
react-golang-starter/internal/ai/chat.go:102.2,102.15 1 0
react-golang-starter/internal/ai/chat.go:106.81,109.31 2 0
react-golang-starter/internal/ai/chat.go:109.31,111.29 1 0
react-golang-starter/internal/ai/chat.go:111.29,112.12 1 0
react-golang-starter/internal/ai/chat.go:115.3,116.75 2 0
react-golang-starter/internal/ai/chat.go:119.2,119.17 1 0
react-golang-starter/internal/ai/chat.go:123.59,124.14 1 0
react-golang-starter/internal/ai/chat.go:125.16,126.24 1 0
react-golang-starter/internal/ai/chat.go:127.32,128.25 1 0
react-golang-starter/internal/ai/chat.go:129.10,130.24 1 0
react-golang-starter/internal/ai/chat.go:135.86,136.17 1 0
react-golang-starter/internal/ai/chat.go:136.17,141.3 1 0
react-golang-starter/internal/ai/chat.go:144.2,145.67 2 0
react-golang-starter/internal/ai/chat.go:145.67,146.57 1 0
react-golang-starter/internal/ai/chat.go:146.57,147.23 1 0
react-golang-starter/internal/ai/chat.go:147.23,149.5 1 0
react-golang-starter/internal/ai/chat.go:154.2,155.31 2 0
react-golang-starter/internal/ai/chat.go:155.31,161.3 1 0
react-golang-starter/internal/ai/chat.go:163.2,167.3 1 0
react-golang-starter/internal/ai/config.go:45.30,67.2 1 1
react-golang-starter/internal/ai/config.go:70.27,73.51 2 1
react-golang-starter/internal/ai/config.go:73.51,75.3 1 1
react-golang-starter/internal/ai/config.go:76.2,76.49 1 1
react-golang-starter/internal/ai/config.go:76.49,78.3 1 1
react-golang-starter/internal/ai/config.go:79.2,79.59 1 1
react-golang-starter/internal/ai/config.go:79.59,81.3 1 1
react-golang-starter/internal/ai/config.go:82.2,82.54 1 1
react-golang-starter/internal/ai/config.go:82.54,83.55 1 1
react-golang-starter/internal/ai/config.go:83.55,85.4 1 1
react-golang-starter/internal/ai/config.go:87.2,87.59 1 1
react-golang-starter/internal/ai/config.go:87.59,88.55 1 1
react-golang-starter/internal/ai/config.go:88.55,90.4 1 1
react-golang-starter/internal/ai/config.go:92.2,92.61 1 1
react-golang-starter/internal/ai/config.go:92.61,93.67 1 1
react-golang-starter/internal/ai/config.go:93.67,95.4 1 1
react-golang-starter/internal/ai/config.go:99.2,99.56 1 1
react-golang-starter/internal/ai/config.go:99.56,100.31 1 1
react-golang-starter/internal/ai/config.go:101.15,102.40 1 1
react-golang-starter/internal/ai/config.go:103.14,104.39 1 1
react-golang-starter/internal/ai/config.go:105.17,106.42 1 1
react-golang-starter/internal/ai/config.go:107.15,108.40 1 1
react-golang-starter/internal/ai/config.go:109.20,110.44 1 1
react-golang-starter/internal/ai/config.go:115.2,115.61 1 1
react-golang-starter/internal/ai/config.go:115.61,116.55 1 0
react-golang-starter/internal/ai/config.go:116.55,118.4 1 0
react-golang-starter/internal/ai/config.go:120.2,120.65 1 1
react-golang-starter/internal/ai/config.go:120.65,121.55 1 0
react-golang-starter/internal/ai/config.go:121.55,123.4 1 0
react-golang-starter/internal/ai/config.go:125.2,125.63 1 1
react-golang-starter/internal/ai/config.go:125.63,126.55 1 0
react-golang-starter/internal/ai/config.go:126.55,128.4 1 0
react-golang-starter/internal/ai/config.go:132.2,132.66 1 1
react-golang-starter/internal/ai/config.go:132.66,134.3 1 1
react-golang-starter/internal/ai/config.go:135.2,135.59 1 1
react-golang-starter/internal/ai/config.go:135.59,137.3 1 1
react-golang-starter/internal/ai/config.go:140.2,140.51 1 1
react-golang-starter/internal/ai/config.go:140.51,142.3 1 1
react-golang-starter/internal/ai/config.go:142.8,144.3 1 1
react-golang-starter/internal/ai/config.go:146.2,146.15 1 1
react-golang-starter/internal/ai/config.go:150.35,151.16 1 1
react-golang-starter/internal/ai/config.go:151.16,153.3 1 1
react-golang-starter/internal/ai/config.go:155.2,155.20 1 1
react-golang-starter/internal/ai/config.go:155.20,157.3 1 1
react-golang-starter/internal/ai/config.go:159.2,159.12 1 1
react-golang-starter/internal/ai/embeddings.go:11.96,12.35 1 0
react-golang-starter/internal/ai/embeddings.go:12.35,14.3 1 0
react-golang-starter/internal/ai/embeddings.go:16.2,17.16 2 0
react-golang-starter/internal/ai/embeddings.go:17.16,19.3 1 0
react-golang-starter/internal/ai/embeddings.go:21.2,21.26 1 0
react-golang-starter/internal/ai/embeddings.go:21.26,23.3 1 0
react-golang-starter/internal/ai/embeddings.go:25.2,25.27 1 0
react-golang-starter/internal/ai/embeddings.go:29.102,30.21 1 0
react-golang-starter/internal/ai/embeddings.go:30.21,32.3 1 0
react-golang-starter/internal/ai/embeddings.go:35.2,36.26 2 0
react-golang-starter/internal/ai/embeddings.go:36.26,37.33 1 0
react-golang-starter/internal/ai/embeddings.go:37.33,39.4 1 0
react-golang-starter/internal/ai/embeddings.go:42.2,42.26 1 0
react-golang-starter/internal/ai/embeddings.go:42.26,44.3 1 0
react-golang-starter/internal/ai/embeddings.go:47.2,48.34 2 0
react-golang-starter/internal/ai/embeddings.go:48.34,54.3 1 0
react-golang-starter/internal/ai/embeddings.go:57.2,58.16 2 0
react-golang-starter/internal/ai/embeddings.go:58.16,60.3 1 0
react-golang-starter/internal/ai/embeddings.go:63.2,64.38 2 0
react-golang-starter/internal/ai/embeddings.go:64.38,66.3 1 0
react-golang-starter/internal/ai/embeddings.go:68.2,68.24 1 0
react-golang-starter/internal/ai/multimodal.go:12.111,13.37 1 0
react-golang-starter/internal/ai/multimodal.go:13.37,15.3 1 0
react-golang-starter/internal/ai/multimodal.go:18.2,19.16 2 0
react-golang-starter/internal/ai/multimodal.go:19.16,21.3 1 0
react-golang-starter/internal/ai/multimodal.go:24.2,41.16 5 0
react-golang-starter/internal/ai/multimodal.go:41.16,43.3 1 0
react-golang-starter/internal/ai/multimodal.go:45.2,45.35 1 0
react-golang-starter/internal/ai/multimodal.go:49.143,50.37 1 0
react-golang-starter/internal/ai/multimodal.go:50.37,52.3 1 0
react-golang-starter/internal/ai/multimodal.go:55.2,57.29 2 0
react-golang-starter/internal/ai/multimodal.go:57.29,59.17 2 0
react-golang-starter/internal/ai/multimodal.go:59.17,61.4 1 0
react-golang-starter/internal/ai/multimodal.go:62.3,62.33 1 0
react-golang-starter/internal/ai/multimodal.go:66.2,78.16 5 0
react-golang-starter/internal/ai/multimodal.go:78.16,80.3 1 0
react-golang-starter/internal/ai/multimodal.go:82.2,82.35 1 0
react-golang-starter/internal/ai/multimodal.go:86.81,88.21 1 0
react-golang-starter/internal/ai/multimodal.go:88.21,90.3 1 0
react-golang-starter/internal/ai/multimodal.go:93.2,93.22 1 0
react-golang-starter/internal/ai/multimodal.go:93.22,95.3 1 0
react-golang-starter/internal/ai/multimodal.go:98.2,99.16 2 0
react-golang-starter/internal/ai/multimodal.go:99.16,102.17 2 0
react-golang-starter/internal/ai/multimodal.go:102.17,104.4 1 0
react-golang-starter/internal/ai/multimodal.go:108.2,108.46 1 0
react-golang-starter/internal/ai/multimodal.go:108.46,110.3 1 0
react-golang-starter/internal/ai/multimodal.go:113.2,113.67 1 0
react-golang-starter/internal/ai/multimodal.go:117.65,118.26 1 0
react-golang-starter/internal/ai/multimodal.go:118.26,120.3 1 0
react-golang-starter/internal/ai/multimodal.go:123.2,123.21 1 0
react-golang-starter/internal/ai/multimodal.go:123.21,125.10 2 0
react-golang-starter/internal/ai/multimodal.go:126.41,127.22 1 0
react-golang-starter/internal/ai/multimodal.go:128.41,129.22 1 0
react-golang-starter/internal/ai/multimodal.go:130.42,131.23 1 0
react-golang-starter/internal/ai/multimodal.go:132.11,133.23 1 0
react-golang-starter/internal/ai/multimodal.go:138.2,138.21 1 0
react-golang-starter/internal/ai/service.go:53.39,56.17 2 1
react-golang-starter/internal/ai/service.go:56.17,57.43 1 1
react-golang-starter/internal/ai/service.go:57.43,60.4 2 1
react-golang-starter/internal/ai/service.go:62.3,62.22 1 1
react-golang-starter/internal/ai/service.go:62.22,66.4 3 1
react-golang-starter/internal/ai/service.go:69.3,74.17 3 0
react-golang-starter/internal/ai/service.go:74.17,77.4 2 0
react-golang-starter/internal/ai/service.go:79.3,87.33 2 0
react-golang-starter/internal/ai/service.go:90.2,90.16 1 1
react-golang-starter/internal/ai/service.go:94.27,98.2 3 1
react-golang-starter/internal/ai/service.go:101.25,104.2 2 1
react-golang-starter/internal/ai/service.go:107.43,109.2 1 1
react-golang-starter/internal/ai/service.go:112.45,114.2 1 1
react-golang-starter/internal/ai/service.go:117.44,119.2 1 1
react-golang-starter/internal/ai/service.go:122.61,123.44 1 1
react-golang-starter/internal/ai/service.go:123.44,125.3 1 1
react-golang-starter/internal/ai/service.go:126.2,126.12 1 1
react-golang-starter/internal/ai/service.go:130.68,131.49 1 1
react-golang-starter/internal/ai/service.go:131.49,133.3 1 1
react-golang-starter/internal/ai/service.go:134.2,135.31 2 1
react-golang-starter/internal/ai/service.go:135.31,137.3 1 1
react-golang-starter/internal/ai/service.go:138.2,138.44 1 1
react-golang-starter/internal/ai/service.go:138.44,140.3 1 1
react-golang-starter/internal/ai/service.go:141.2,141.12 1 1
react-golang-starter/internal/ai/service.go:145.61,146.44 1 1
react-golang-starter/internal/ai/service.go:146.44,148.3 1 1
react-golang-starter/internal/ai/service.go:149.2,149.12 1 1
react-golang-starter/internal/ai/service.go:155.114,157.2 1 1
react-golang-starter/internal/ai/service.go:159.107,161.2 1 1
react-golang-starter/internal/ai/service.go:163.122,165.2 1 1
react-golang-starter/internal/ai/service.go:167.131,169.2 1 1
react-golang-starter/internal/ai/service.go:171.109,173.2 1 1
react-golang-starter/internal/ai/service.go:175.141,177.2 1 1
react-golang-starter/internal/ai/service.go:179.94,181.2 1 1
react-golang-starter/internal/ai/service.go:183.100,185.2 1 1
react-golang-starter/internal/ai/service.go:187.59,189.2 1 1
react-golang-starter/internal/ai/service.go:191.66,193.2 1 1
react-golang-starter/internal/ai/service.go:195.59,197.2 1 1
react-golang-starter/internal/ai/service.go:199.41,201.2 1 1
react-golang-starter/internal/ai/service.go:203.43,205.2 1 1
react-golang-starter/internal/ai/service.go:207.42,209.2 1 1
react-golang-starter/internal/ai/streaming.go:10.124,11.24 1 0
react-golang-starter/internal/ai/streaming.go:11.24,13.3 1 0
react-golang-starter/internal/ai/streaming.go:16.2,25.12 4 0
react-golang-starter/internal/ai/streaming.go:25.12,30.103 2 0
react-golang-starter/internal/ai/streaming.go:30.103,31.18 1 0
react-golang-starter/internal/ai/streaming.go:31.18,34.5 2 0
react-golang-starter/internal/ai/streaming.go:37.4,38.18 2 0
react-golang-starter/internal/ai/streaming.go:38.18,40.5 1 0
react-golang-starter/internal/ai/streaming.go:44.3,44.36 1 0
react-golang-starter/internal/ai/streaming.go:47.2,47.20 1 0
react-golang-starter/internal/ai/streaming.go:51.93,52.46 1 0
react-golang-starter/internal/ai/streaming.go:52.46,54.3 1 0
react-golang-starter/internal/ai/streaming.go:56.2,57.30 2 0
react-golang-starter/internal/ai/streaming.go:57.30,59.3 1 0
react-golang-starter/internal/ai/streaming.go:61.2,62.47 2 0
react-golang-starter/internal/ai/streaming.go:62.47,63.22 1 0
react-golang-starter/internal/ai/streaming.go:63.22,65.4 1 0
react-golang-starter/internal/ai/streaming.go:68.2,68.13 1 0
