mode: set
react-golang-starter/internal/auth/auth.go:41.52,43.16 2 1
react-golang-starter/internal/auth/auth.go:43.16,45.3 1 0
react-golang-starter/internal/auth/auth.go:46.2,46.36 1 1
react-golang-starter/internal/auth/auth.go:50.58,53.2 2 1
react-golang-starter/internal/auth/auth.go:57.53,59.21 2 1
react-golang-starter/internal/auth/auth.go:59.21,61.3 1 1
react-golang-starter/internal/auth/auth.go:64.2,78.16 5 1
react-golang-starter/internal/auth/auth.go:78.16,80.3 1 0
react-golang-starter/internal/auth/auth.go:82.2,82.25 1 1
react-golang-starter/internal/auth/auth.go:86.55,88.2 1 1
react-golang-starter/internal/auth/auth.go:92.95,94.21 2 1
react-golang-starter/internal/auth/auth.go:94.21,96.3 1 1
react-golang-starter/internal/auth/auth.go:99.2,114.16 5 1
react-golang-starter/internal/auth/auth.go:114.16,116.3 1 0
react-golang-starter/internal/auth/auth.go:118.2,118.25 1 1
react-golang-starter/internal/auth/auth.go:122.55,124.21 2 1
react-golang-starter/internal/auth/auth.go:124.21,126.3 1 0
react-golang-starter/internal/auth/auth.go:128.2,128.104 1 1
react-golang-starter/internal/auth/auth.go:128.104,129.58 1 1
react-golang-starter/internal/auth/auth.go:129.58,131.4 1 0
react-golang-starter/internal/auth/auth.go:132.3,132.32 1 1
react-golang-starter/internal/auth/auth.go:135.2,135.16 1 1
react-golang-starter/internal/auth/auth.go:135.16,137.3 1 1
react-golang-starter/internal/auth/auth.go:139.2,139.61 1 1
react-golang-starter/internal/auth/auth.go:139.61,141.3 1 1
react-golang-starter/internal/auth/auth.go:143.2,143.41 1 0
react-golang-starter/internal/auth/auth.go:147.50,149.44 2 1
react-golang-starter/internal/auth/auth.go:149.44,151.3 1 0
react-golang-starter/internal/auth/auth.go:152.2,152.39 1 1
react-golang-starter/internal/auth/auth.go:156.45,158.44 2 1
react-golang-starter/internal/auth/auth.go:158.44,160.3 1 0
react-golang-starter/internal/auth/auth.go:161.2,161.39 1 1
react-golang-starter/internal/auth/auth.go:166.37,169.2 2 1
react-golang-starter/internal/auth/auth.go:173.52,175.23 2 1
react-golang-starter/internal/auth/auth.go:175.23,177.3 1 1
react-golang-starter/internal/auth/auth.go:179.2,180.29 2 1
react-golang-starter/internal/auth/auth.go:180.29,182.3 1 1
react-golang-starter/internal/auth/auth.go:184.2,184.45 1 1
react-golang-starter/internal/auth/auth.go:189.51,191.23 2 1
react-golang-starter/internal/auth/auth.go:191.23,194.27 2 1
react-golang-starter/internal/auth/auth.go:194.27,196.31 2 1
react-golang-starter/internal/auth/auth.go:196.31,198.5 1 1
react-golang-starter/internal/auth/auth.go:200.3,200.26 1 1
react-golang-starter/internal/auth/auth.go:203.2,204.32 2 1
react-golang-starter/internal/auth/auth.go:204.32,206.3 1 1
react-golang-starter/internal/auth/auth.go:208.2,208.45 1 1
react-golang-starter/internal/auth/auth.go:212.64,213.22 1 1
react-golang-starter/internal/auth/auth.go:213.22,215.3 1 1
react-golang-starter/internal/auth/auth.go:217.2,218.45 2 1
react-golang-starter/internal/auth/auth.go:218.45,220.3 1 1
react-golang-starter/internal/auth/auth.go:222.2,222.22 1 1
react-golang-starter/internal/auth/auth.go:226.46,227.23 1 1
react-golang-starter/internal/auth/auth.go:227.23,229.3 1 1
react-golang-starter/internal/auth/auth.go:232.2,233.15 2 1
react-golang-starter/internal/auth/auth.go:233.15,235.3 1 1
react-golang-starter/internal/auth/auth.go:238.2,239.15 2 1
react-golang-starter/internal/auth/auth.go:239.15,241.3 1 1
react-golang-starter/internal/auth/auth.go:244.2,245.15 2 1
react-golang-starter/internal/auth/auth.go:245.15,247.3 1 1
react-golang-starter/internal/auth/auth.go:249.2,249.12 1 1
react-golang-starter/internal/auth/auth.go:253.40,254.20 1 1
react-golang-starter/internal/auth/auth.go:254.20,256.3 1 1
react-golang-starter/internal/auth/auth.go:258.2,258.22 1 1
react-golang-starter/internal/auth/auth.go:258.22,260.3 1 1
react-golang-starter/internal/auth/auth.go:262.2,262.36 1 1
react-golang-starter/internal/auth/auth.go:262.36,264.3 1 1
react-golang-starter/internal/auth/auth.go:267.2,268.21 2 1
react-golang-starter/internal/auth/auth.go:268.21,270.3 1 0
react-golang-starter/internal/auth/auth.go:272.2,275.68 2 1
react-golang-starter/internal/auth/auth.go:275.68,277.3 1 1
react-golang-starter/internal/auth/auth.go:280.2,281.68 1 1
react-golang-starter/internal/auth/auth.go:281.68,283.3 1 1
react-golang-starter/internal/auth/auth.go:286.2,287.35 2 1
react-golang-starter/internal/auth/auth.go:287.35,288.67 1 1
react-golang-starter/internal/auth/auth.go:288.67,290.4 1 1
react-golang-starter/internal/auth/auth.go:293.2,293.12 1 1
react-golang-starter/internal/auth/auth.go:298.45,300.2 1 1
react-golang-starter/internal/auth/auth.go:303.28,306.2 2 1
react-golang-starter/internal/auth/auth.go:310.40,312.22 2 1
react-golang-starter/internal/auth/auth.go:312.22,314.3 1 1
react-golang-starter/internal/auth/auth.go:315.2,315.29 1 1
react-golang-starter/internal/auth/auth.go:319.57,330.2 2 1
react-golang-starter/internal/auth/auth.go:333.45,343.2 1 1
react-golang-starter/internal/auth/auth.go:346.60,357.2 2 1
react-golang-starter/internal/auth/auth.go:360.48,370.2 1 1
react-golang-starter/internal/auth/auth.go:373.69,375.16 2 1
react-golang-starter/internal/auth/auth.go:375.16,377.3 1 1
react-golang-starter/internal/auth/auth.go:378.2,378.24 1 1
react-golang-starter/internal/auth/auth.go:378.24,380.3 1 1
react-golang-starter/internal/auth/auth.go:381.2,381.26 1 1
react-golang-starter/internal/auth/auth.go:385.62,387.16 2 1
react-golang-starter/internal/auth/auth.go:387.16,389.3 1 1
react-golang-starter/internal/auth/auth.go:390.2,390.24 1 1
react-golang-starter/internal/auth/auth.go:390.24,392.3 1 1
react-golang-starter/internal/auth/auth.go:393.2,393.26 1 1
react-golang-starter/internal/auth/blacklist.go:28.36,30.20 2 1
react-golang-starter/internal/auth/blacklist.go:30.20,32.3 1 1
react-golang-starter/internal/auth/blacklist.go:33.2,33.17 1 1
react-golang-starter/internal/auth/blacklist.go:38.90,40.24 1 1
react-golang-starter/internal/auth/blacklist.go:40.24,42.3 1 1
react-golang-starter/internal/auth/blacklist.go:44.2,44.18 1 0
react-golang-starter/internal/auth/blacklist.go:44.18,46.3 1 0
react-golang-starter/internal/auth/blacklist.go:48.2,57.57 3 0
react-golang-starter/internal/auth/blacklist.go:57.57,61.3 2 0
react-golang-starter/internal/auth/blacklist.go:65.2,69.81 4 0
react-golang-starter/internal/auth/blacklist.go:69.81,72.3 1 0
react-golang-starter/internal/auth/blacklist.go:74.2,74.12 1 0
react-golang-starter/internal/auth/blacklist.go:82.44,84.24 1 1
react-golang-starter/internal/auth/blacklist.go:84.24,86.3 1 1
react-golang-starter/internal/auth/blacklist.go:88.2,95.33 5 0
react-golang-starter/internal/auth/blacklist.go:95.33,98.3 1 0
react-golang-starter/internal/auth/blacklist.go:101.2,104.35 2 0
react-golang-starter/internal/auth/blacklist.go:104.35,113.27 3 0
react-golang-starter/internal/auth/blacklist.go:113.27,115.4 1 0
react-golang-starter/internal/auth/blacklist.go:117.3,117.15 1 0
react-golang-starter/internal/auth/blacklist.go:120.2,124.19 2 0
react-golang-starter/internal/auth/blacklist.go:124.19,127.87 3 0
react-golang-starter/internal/auth/blacklist.go:127.87,129.4 1 0
react-golang-starter/internal/auth/blacklist.go:132.2,132.22 1 0
react-golang-starter/internal/auth/blacklist.go:137.45,139.24 1 1
react-golang-starter/internal/auth/blacklist.go:139.24,141.3 1 1
react-golang-starter/internal/auth/blacklist.go:143.2,147.25 2 0
react-golang-starter/internal/auth/blacklist.go:147.25,149.3 1 0
react-golang-starter/internal/auth/blacklist.go:151.2,151.29 1 0
react-golang-starter/internal/auth/blacklist.go:151.29,153.3 1 0
react-golang-starter/internal/auth/blacklist.go:155.2,155.12 1 0
react-golang-starter/internal/auth/blacklist.go:160.60,162.24 1 1
react-golang-starter/internal/auth/blacklist.go:162.24,164.3 1 1
react-golang-starter/internal/auth/blacklist.go:171.2,177.24 1 0
react-golang-starter/internal/auth/blacklist.go:177.24,179.3 1 0
react-golang-starter/internal/auth/blacklist.go:181.2,182.12 2 0
react-golang-starter/internal/auth/handlers.go:57.59,59.61 2 1
react-golang-starter/internal/auth/handlers.go:59.61,62.3 2 1
react-golang-starter/internal/auth/handlers.go:65.2,65.49 1 1
react-golang-starter/internal/auth/handlers.go:65.49,68.3 2 1
react-golang-starter/internal/auth/handlers.go:71.2,71.55 1 1
react-golang-starter/internal/auth/handlers.go:71.55,74.3 2 1
react-golang-starter/internal/auth/handlers.go:77.2,81.99 3 0
react-golang-starter/internal/auth/handlers.go:81.99,84.3 2 0
react-golang-starter/internal/auth/handlers.go:87.2,88.16 2 0
react-golang-starter/internal/auth/handlers.go:88.16,91.3 2 0
react-golang-starter/internal/auth/handlers.go:94.2,95.16 2 0
react-golang-starter/internal/auth/handlers.go:95.16,98.3 2 0
react-golang-starter/internal/auth/handlers.go:101.2,113.56 2 0
react-golang-starter/internal/auth/handlers.go:113.56,116.3 2 0
react-golang-starter/internal/auth/handlers.go:119.2,122.24 2 0
react-golang-starter/internal/auth/handlers.go:122.24,123.119 1 0
react-golang-starter/internal/auth/handlers.go:123.119,126.4 1 0
react-golang-starter/internal/auth/handlers.go:130.2,131.16 2 0
react-golang-starter/internal/auth/handlers.go:131.16,134.3 2 0
react-golang-starter/internal/auth/handlers.go:137.2,138.16 2 0
react-golang-starter/internal/auth/handlers.go:138.16,141.3 2 0
react-golang-starter/internal/auth/handlers.go:144.2,148.54 5 0
react-golang-starter/internal/auth/handlers.go:148.54,150.3 1 0
react-golang-starter/internal/auth/handlers.go:153.2,165.44 4 0
react-golang-starter/internal/auth/handlers.go:214.56,216.61 2 1
react-golang-starter/internal/auth/handlers.go:216.61,219.3 2 1
react-golang-starter/internal/auth/handlers.go:222.2,226.91 3 0
react-golang-starter/internal/auth/handlers.go:226.91,229.3 2 0
react-golang-starter/internal/auth/handlers.go:232.2,232.69 1 0
react-golang-starter/internal/auth/handlers.go:232.69,245.3 4 0
react-golang-starter/internal/auth/handlers.go:248.2,248.20 1 0
react-golang-starter/internal/auth/handlers.go:248.20,251.3 2 0
react-golang-starter/internal/auth/handlers.go:254.2,254.49 1 0
react-golang-starter/internal/auth/handlers.go:254.49,259.3 3 0
react-golang-starter/internal/auth/handlers.go:262.2,262.61 1 0
react-golang-starter/internal/auth/handlers.go:262.61,270.24 4 0
react-golang-starter/internal/auth/handlers.go:270.24,272.4 1 0
react-golang-starter/internal/auth/handlers.go:276.2,277.16 2 0
react-golang-starter/internal/auth/handlers.go:277.16,280.3 2 0
react-golang-starter/internal/auth/handlers.go:283.2,284.16 2 0
react-golang-starter/internal/auth/handlers.go:284.16,287.3 2 0
react-golang-starter/internal/auth/handlers.go:290.2,294.54 5 0
react-golang-starter/internal/auth/handlers.go:294.54,296.3 1 0
react-golang-starter/internal/auth/handlers.go:299.2,312.39 5 0
react-golang-starter/internal/auth/handlers.go:322.57,325.16 2 0
react-golang-starter/internal/auth/handlers.go:325.16,328.23 2 0
react-golang-starter/internal/auth/handlers.go:328.23,330.4 1 0
react-golang-starter/internal/auth/handlers.go:334.2,334.23 1 0
react-golang-starter/internal/auth/handlers.go:334.23,336.34 2 0
react-golang-starter/internal/auth/handlers.go:336.34,338.31 1 0
react-golang-starter/internal/auth/handlers.go:338.31,340.5 1 0
react-golang-starter/internal/auth/handlers.go:343.4,349.37 3 0
react-golang-starter/internal/auth/handlers.go:353.2,355.43 3 0
react-golang-starter/internal/auth/handlers.go:390.61,392.9 2 1
react-golang-starter/internal/auth/handlers.go:392.9,395.3 2 1
react-golang-starter/internal/auth/handlers.go:397.2,397.71 1 0
react-golang-starter/internal/auth/handlers.go:422.58,424.17 2 1
react-golang-starter/internal/auth/handlers.go:424.17,427.3 2 1
react-golang-starter/internal/auth/handlers.go:429.2,430.94 2 0
react-golang-starter/internal/auth/handlers.go:430.94,433.3 2 0
react-golang-starter/internal/auth/handlers.go:436.2,436.36 1 0
react-golang-starter/internal/auth/handlers.go:436.36,438.50 2 0
react-golang-starter/internal/auth/handlers.go:438.50,441.4 2 0
react-golang-starter/internal/auth/handlers.go:445.2,450.54 5 0
react-golang-starter/internal/auth/handlers.go:450.54,453.3 2 0
react-golang-starter/internal/auth/handlers.go:455.2,455.53 1 0
react-golang-starter/internal/auth/handlers.go:486.67,488.61 2 1
react-golang-starter/internal/auth/handlers.go:488.61,491.3 2 1
react-golang-starter/internal/auth/handlers.go:493.2,494.85 2 0
react-golang-starter/internal/auth/handlers.go:494.85,498.3 2 0
react-golang-starter/internal/auth/handlers.go:501.2,502.16 2 0
react-golang-starter/internal/auth/handlers.go:502.16,505.3 2 0
react-golang-starter/internal/auth/handlers.go:508.2,516.54 6 0
react-golang-starter/internal/auth/handlers.go:516.54,519.3 2 0
react-golang-starter/internal/auth/handlers.go:522.2,522.24 1 0
react-golang-starter/internal/auth/handlers.go:522.24,523.113 1 0
react-golang-starter/internal/auth/handlers.go:523.113,525.4 1 0
react-golang-starter/internal/auth/handlers.go:528.2,528.82 1 0
react-golang-starter/internal/auth/handlers.go:559.60,561.61 2 1
react-golang-starter/internal/auth/handlers.go:561.61,564.3 2 1
react-golang-starter/internal/auth/handlers.go:567.2,567.55 1 1
react-golang-starter/internal/auth/handlers.go:567.55,570.3 2 1
react-golang-starter/internal/auth/handlers.go:573.2,576.102 3 0
react-golang-starter/internal/auth/handlers.go:576.102,579.3 2 0
react-golang-starter/internal/auth/handlers.go:582.2,582.38 1 0
react-golang-starter/internal/auth/handlers.go:582.38,583.51 1 0
react-golang-starter/internal/auth/handlers.go:583.51,586.4 2 0
react-golang-starter/internal/auth/handlers.go:590.2,591.16 2 0
react-golang-starter/internal/auth/handlers.go:591.16,594.3 2 0
react-golang-starter/internal/auth/handlers.go:597.2,602.54 5 0
react-golang-starter/internal/auth/handlers.go:602.54,605.3 2 0
react-golang-starter/internal/auth/handlers.go:608.2,616.53 4 0
react-golang-starter/internal/auth/handlers.go:632.65,635.16 2 1
react-golang-starter/internal/auth/handlers.go:635.16,638.3 2 1
react-golang-starter/internal/auth/handlers.go:641.2,642.96 2 0
react-golang-starter/internal/auth/handlers.go:642.96,645.3 2 0
react-golang-starter/internal/auth/handlers.go:648.2,648.37 1 0
react-golang-starter/internal/auth/handlers.go:648.37,649.50 1 0
react-golang-starter/internal/auth/handlers.go:649.50,652.4 2 0
react-golang-starter/internal/auth/handlers.go:656.2,656.20 1 0
react-golang-starter/internal/auth/handlers.go:656.20,659.3 2 0
react-golang-starter/internal/auth/handlers.go:662.2,663.16 2 0
react-golang-starter/internal/auth/handlers.go:663.16,666.3 2 0
react-golang-starter/internal/auth/handlers.go:670.2,671.16 2 0
react-golang-starter/internal/auth/handlers.go:671.16,674.3 2 0
react-golang-starter/internal/auth/handlers.go:675.2,679.54 5 0
react-golang-starter/internal/auth/handlers.go:679.54,682.3 2 0
react-golang-starter/internal/auth/handlers.go:685.2,695.39 4 0
react-golang-starter/internal/auth/handlers.go:700.60,704.87 2 0
react-golang-starter/internal/auth/handlers.go:704.87,706.3 1 0
react-golang-starter/internal/auth/handlers.go:709.2,713.56 3 0
react-golang-starter/internal/auth/handlers.go:713.56,726.25 4 0
react-golang-starter/internal/auth/handlers.go:726.25,735.18 2 0
react-golang-starter/internal/auth/handlers.go:735.18,737.5 1 0
react-golang-starter/internal/auth/handlers.go:742.2,747.71 2 0
react-golang-starter/internal/auth/handlers.go:747.71,749.3 1 0
react-golang-starter/internal/auth/handlers.go:752.2,756.4 1 0
react-golang-starter/internal/auth/handlers.go:760.42,762.55 1 0
react-golang-starter/internal/auth/handlers.go:762.55,764.48 1 0
react-golang-starter/internal/auth/handlers.go:764.48,766.4 1 0
react-golang-starter/internal/auth/handlers.go:767.3,767.32 1 0
react-golang-starter/internal/auth/handlers.go:771.2,771.49 1 0
react-golang-starter/internal/auth/handlers.go:771.49,773.3 1 0
react-golang-starter/internal/auth/handlers.go:776.2,777.50 2 0
react-golang-starter/internal/auth/handlers.go:777.50,779.3 1 0
react-golang-starter/internal/auth/handlers.go:780.2,780.11 1 0
react-golang-starter/internal/auth/middleware.go:31.53,32.71 1 1
react-golang-starter/internal/auth/middleware.go:32.71,38.17 4 1
react-golang-starter/internal/auth/middleware.go:38.17,41.24 2 1
react-golang-starter/internal/auth/middleware.go:41.24,44.5 2 1
react-golang-starter/internal/auth/middleware.go:45.4,46.18 2 1
react-golang-starter/internal/auth/middleware.go:46.18,49.5 2 1
react-golang-starter/internal/auth/middleware.go:53.3,53.38 1 1
react-golang-starter/internal/auth/middleware.go:53.38,56.4 2 0
react-golang-starter/internal/auth/middleware.go:58.3,59.17 2 1
react-golang-starter/internal/auth/middleware.go:59.17,62.4 2 1
react-golang-starter/internal/auth/middleware.go:65.3,68.69 3 0
react-golang-starter/internal/auth/middleware.go:68.69,71.56 2 0
react-golang-starter/internal/auth/middleware.go:71.56,73.5 1 0
react-golang-starter/internal/auth/middleware.go:75.4,75.72 1 0
react-golang-starter/internal/auth/middleware.go:75.72,78.5 2 0
react-golang-starter/internal/auth/middleware.go:80.4,80.66 1 0
react-golang-starter/internal/auth/middleware.go:83.3,83.21 1 0
react-golang-starter/internal/auth/middleware.go:83.21,86.4 2 0
react-golang-starter/internal/auth/middleware.go:89.3,95.40 6 0
react-golang-starter/internal/auth/middleware.go:101.61,102.71 1 1
react-golang-starter/internal/auth/middleware.go:102.71,107.17 3 1
react-golang-starter/internal/auth/middleware.go:107.17,110.24 2 1
react-golang-starter/internal/auth/middleware.go:110.24,112.5 1 1
react-golang-starter/internal/auth/middleware.go:115.3,115.24 1 1
react-golang-starter/internal/auth/middleware.go:115.24,117.18 2 1
react-golang-starter/internal/auth/middleware.go:117.18,122.71 3 0
react-golang-starter/internal/auth/middleware.go:122.71,125.58 2 0
react-golang-starter/internal/auth/middleware.go:125.58,127.7 1 0
react-golang-starter/internal/auth/middleware.go:129.6,129.74 1 0
react-golang-starter/internal/auth/middleware.go:129.74,133.7 2 0
react-golang-starter/internal/auth/middleware.go:135.6,135.68 1 0
react-golang-starter/internal/auth/middleware.go:138.5,138.22 1 0
react-golang-starter/internal/auth/middleware.go:138.22,147.6 7 0
react-golang-starter/internal/auth/middleware.go:152.3,152.23 1 1
react-golang-starter/internal/auth/middleware.go:157.67,160.2 2 1
react-golang-starter/internal/auth/middleware.go:163.64,166.2 2 1
react-golang-starter/internal/auth/middleware.go:169.77,175.2 5 1
react-golang-starter/internal/auth/middleware.go:178.76,180.2 1 1
react-golang-starter/internal/auth/middleware.go:183.61,186.2 2 1
react-golang-starter/internal/auth/middleware.go:189.66,192.2 2 1
react-golang-starter/internal/auth/middleware.go:196.54,197.86 1 0
react-golang-starter/internal/auth/middleware.go:197.86,199.10 2 0
react-golang-starter/internal/auth/middleware.go:199.10,202.4 2 0
react-golang-starter/internal/auth/middleware.go:205.3,205.67 1 0
react-golang-starter/internal/auth/middleware.go:205.67,208.4 2 0
react-golang-starter/internal/auth/middleware.go:210.3,210.23 1 0
react-golang-starter/internal/auth/middleware.go:216.59,217.86 1 0
react-golang-starter/internal/auth/middleware.go:217.86,219.10 2 0
react-golang-starter/internal/auth/middleware.go:219.10,222.4 2 0
react-golang-starter/internal/auth/middleware.go:225.3,225.41 1 0
react-golang-starter/internal/auth/middleware.go:225.41,228.4 2 0
react-golang-starter/internal/auth/middleware.go:230.3,230.23 1 0
react-golang-starter/internal/auth/middleware.go:236.77,237.46 1 0
react-golang-starter/internal/auth/middleware.go:237.46,238.87 1 0
react-golang-starter/internal/auth/middleware.go:238.87,240.11 2 0
react-golang-starter/internal/auth/middleware.go:240.11,243.5 2 0
react-golang-starter/internal/auth/middleware.go:245.4,248.33 3 0
react-golang-starter/internal/auth/middleware.go:248.33,251.5 2 0
react-golang-starter/internal/auth/middleware.go:253.4,253.28 1 0
react-golang-starter/internal/auth/middleware.go:253.28,256.5 2 0
react-golang-starter/internal/auth/middleware.go:258.4,258.24 1 0
react-golang-starter/internal/auth/middleware.go:264.65,267.2 2 1
react-golang-starter/internal/auth/middleware.go:271.66,274.2 2 0
react-golang-starter/internal/auth/oauth.go:50.18,54.54 3 0
react-golang-starter/internal/auth/oauth.go:54.54,63.3 2 0
react-golang-starter/internal/auth/oauth.go:66.2,68.54 3 0
react-golang-starter/internal/auth/oauth.go:68.54,77.3 2 0
react-golang-starter/internal/auth/oauth.go:80.50,82.19 2 1
react-golang-starter/internal/auth/oauth.go:82.19,84.3 1 1
react-golang-starter/internal/auth/oauth.go:85.2,85.72 1 1
react-golang-starter/internal/auth/oauth.go:89.38,91.40 2 1
react-golang-starter/internal/auth/oauth.go:91.40,93.3 1 0
react-golang-starter/internal/auth/oauth.go:94.2,101.77 5 1
react-golang-starter/internal/auth/oauth.go:101.77,104.3 1 0
react-golang-starter/internal/auth/oauth.go:106.2,106.19 1 1
react-golang-starter/internal/auth/oauth.go:110.39,118.13 5 1
react-golang-starter/internal/auth/oauth.go:118.13,120.3 1 1
react-golang-starter/internal/auth/oauth.go:123.2,125.13 2 0
react-golang-starter/internal/auth/oauth.go:130.58,134.18 3 1
react-golang-starter/internal/auth/oauth.go:135.34,136.29 1 1
react-golang-starter/internal/auth/oauth.go:137.34,138.29 1 1
react-golang-starter/internal/auth/oauth.go:139.10,141.9 2 1
react-golang-starter/internal/auth/oauth.go:144.2,144.19 1 1
react-golang-starter/internal/auth/oauth.go:144.19,147.3 2 1
react-golang-starter/internal/auth/oauth.go:149.2,150.16 2 0
react-golang-starter/internal/auth/oauth.go:150.16,154.3 3 0
react-golang-starter/internal/auth/oauth.go:156.2,164.37 4 0
react-golang-starter/internal/auth/oauth.go:169.66,178.22 5 1
react-golang-starter/internal/auth/oauth.go:178.22,183.3 4 1
react-golang-starter/internal/auth/oauth.go:185.2,185.16 1 1
react-golang-starter/internal/auth/oauth.go:185.16,188.3 2 1
react-golang-starter/internal/auth/oauth.go:191.2,191.27 1 1
react-golang-starter/internal/auth/oauth.go:191.27,194.3 2 1
react-golang-starter/internal/auth/oauth.go:197.2,198.18 2 0
react-golang-starter/internal/auth/oauth.go:199.34,200.29 1 0
react-golang-starter/internal/auth/oauth.go:201.34,202.29 1 0
react-golang-starter/internal/auth/oauth.go:203.10,205.9 2 0
react-golang-starter/internal/auth/oauth.go:208.2,208.19 1 0
react-golang-starter/internal/auth/oauth.go:208.19,211.3 2 0
react-golang-starter/internal/auth/oauth.go:214.2,216.16 3 0
react-golang-starter/internal/auth/oauth.go:216.16,220.3 3 0
react-golang-starter/internal/auth/oauth.go:223.2,224.16 2 0
react-golang-starter/internal/auth/oauth.go:224.16,228.3 3 0
react-golang-starter/internal/auth/oauth.go:230.2,230.26 1 0
react-golang-starter/internal/auth/oauth.go:230.26,233.3 2 0
react-golang-starter/internal/auth/oauth.go:236.2,237.16 2 0
react-golang-starter/internal/auth/oauth.go:237.16,239.44 2 0
react-golang-starter/internal/auth/oauth.go:239.44,241.4 1 0
react-golang-starter/internal/auth/oauth.go:241.9,243.4 1 0
react-golang-starter/internal/auth/oauth.go:244.3,244.9 1 0
react-golang-starter/internal/auth/oauth.go:248.2,249.16 2 0
react-golang-starter/internal/auth/oauth.go:249.16,253.3 3 0
react-golang-starter/internal/auth/oauth.go:255.2,256.16 2 0
react-golang-starter/internal/auth/oauth.go:256.16,260.3 3 0
react-golang-starter/internal/auth/oauth.go:263.2,266.53 4 0
react-golang-starter/internal/auth/oauth.go:266.53,268.3 1 0
react-golang-starter/internal/auth/oauth.go:271.2,275.23 3 0
react-golang-starter/internal/auth/oauth.go:275.23,277.3 1 0
react-golang-starter/internal/auth/oauth.go:280.2,281.15 2 0
react-golang-starter/internal/auth/oauth.go:281.15,283.3 1 0
react-golang-starter/internal/auth/oauth.go:285.2,285.64 1 0
react-golang-starter/internal/auth/oauth.go:288.81,290.23 2 1
react-golang-starter/internal/auth/oauth.go:290.23,292.3 1 1
react-golang-starter/internal/auth/oauth.go:294.2,295.64 2 1
react-golang-starter/internal/auth/oauth.go:298.75,320.2 2 0
react-golang-starter/internal/auth/oauth.go:323.120,324.18 1 0
react-golang-starter/internal/auth/oauth.go:325.34,326.39 1 0
react-golang-starter/internal/auth/oauth.go:327.34,328.39 1 0
react-golang-starter/internal/auth/oauth.go:329.10,330.37 1 0
react-golang-starter/internal/auth/oauth.go:334.97,337.16 3 0
react-golang-starter/internal/auth/oauth.go:337.16,339.3 1 0
react-golang-starter/internal/auth/oauth.go:340.2,343.16 3 0
react-golang-starter/internal/auth/oauth.go:343.16,345.3 1 0
react-golang-starter/internal/auth/oauth.go:347.2,355.58 2 0
react-golang-starter/internal/auth/oauth.go:355.58,357.3 1 0
react-golang-starter/internal/auth/oauth.go:359.2,365.8 1 0
react-golang-starter/internal/auth/oauth.go:368.97,373.16 3 0
react-golang-starter/internal/auth/oauth.go:373.16,375.3 1 0
react-golang-starter/internal/auth/oauth.go:376.2,379.16 3 0
react-golang-starter/internal/auth/oauth.go:379.16,381.3 1 0
react-golang-starter/internal/auth/oauth.go:383.2,391.58 2 0
react-golang-starter/internal/auth/oauth.go:391.58,393.3 1 0
react-golang-starter/internal/auth/oauth.go:396.2,397.17 2 0
react-golang-starter/internal/auth/oauth.go:397.17,400.17 3 0
react-golang-starter/internal/auth/oauth.go:400.17,402.4 1 0
react-golang-starter/internal/auth/oauth.go:405.2,406.16 2 0
react-golang-starter/internal/auth/oauth.go:406.16,408.3 1 0
react-golang-starter/internal/auth/oauth.go:410.2,416.8 1 0
react-golang-starter/internal/auth/oauth.go:419.86,421.16 2 0
react-golang-starter/internal/auth/oauth.go:421.16,423.3 1 0
react-golang-starter/internal/auth/oauth.go:424.2,427.16 3 0
react-golang-starter/internal/auth/oauth.go:427.16,429.3 1 0
react-golang-starter/internal/auth/oauth.go:431.2,437.54 2 0
react-golang-starter/internal/auth/oauth.go:437.54,439.3 1 0
react-golang-starter/internal/auth/oauth.go:442.2,442.27 1 0
react-golang-starter/internal/auth/oauth.go:442.27,443.30 1 0
react-golang-starter/internal/auth/oauth.go:443.30,445.4 1 0
react-golang-starter/internal/auth/oauth.go:449.2,449.27 1 0
react-golang-starter/internal/auth/oauth.go:449.27,450.17 1 0
react-golang-starter/internal/auth/oauth.go:450.17,452.4 1 0
react-golang-starter/internal/auth/oauth.go:455.2,455.16 1 0
react-golang-starter/internal/auth/oauth.go:459.109,463.16 3 0
react-golang-starter/internal/auth/oauth.go:463.16,466.81 2 0
react-golang-starter/internal/auth/oauth.go:466.81,468.4 1 0
react-golang-starter/internal/auth/oauth.go:470.3,471.27 2 0
react-golang-starter/internal/auth/oauth.go:475.2,477.16 3 0
react-golang-starter/internal/auth/oauth.go:477.16,479.75 1 0
react-golang-starter/internal/auth/oauth.go:479.75,481.4 1 0
react-golang-starter/internal/auth/oauth.go:482.3,482.35 1 0
react-golang-starter/internal/auth/oauth.go:486.2,500.58 2 0
react-golang-starter/internal/auth/oauth.go:500.58,502.3 1 0
react-golang-starter/internal/auth/oauth.go:505.2,505.68 1 0
react-golang-starter/internal/auth/oauth.go:505.68,507.3 1 0
react-golang-starter/internal/auth/oauth.go:509.2,515.27 2 0
react-golang-starter/internal/auth/oauth.go:518.102,530.28 2 0
react-golang-starter/internal/auth/oauth.go:530.28,532.3 1 0
react-golang-starter/internal/auth/oauth.go:534.2,534.43 1 0
react-golang-starter/internal/auth/oauth.go:537.79,539.30 2 0
react-golang-starter/internal/auth/oauth.go:539.30,541.3 1 0
react-golang-starter/internal/auth/oauth.go:542.2,542.28 1 0
react-golang-starter/internal/auth/oauth.go:542.28,544.3 1 0
react-golang-starter/internal/auth/oauth.go:545.2,547.57 2 0
react-golang-starter/internal/auth/oauth.go:547.57,549.3 1 0
react-golang-starter/internal/auth/oauth.go:554.65,556.9 2 1
react-golang-starter/internal/auth/oauth.go:556.9,559.3 2 1
react-golang-starter/internal/auth/oauth.go:561.2,562.89 2 0
react-golang-starter/internal/auth/oauth.go:562.89,566.3 3 0
react-golang-starter/internal/auth/oauth.go:568.2,569.30 2 0
react-golang-starter/internal/auth/oauth.go:569.30,575.3 1 0
react-golang-starter/internal/auth/oauth.go:577.2,582.37 3 0
react-golang-starter/internal/auth/oauth.go:587.61,589.9 2 1
react-golang-starter/internal/auth/oauth.go:589.9,592.3 2 1
react-golang-starter/internal/auth/oauth.go:594.2,597.25 2 0
react-golang-starter/internal/auth/oauth.go:597.25,601.17 3 0
react-golang-starter/internal/auth/oauth.go:601.17,604.4 2 0
react-golang-starter/internal/auth/oauth.go:608.2,609.25 2 0
react-golang-starter/internal/auth/oauth.go:609.25,613.3 3 0
react-golang-starter/internal/auth/oauth.go:615.2,615.30 1 0
react-golang-starter/internal/auth/oauth.go:615.30,618.3 2 0
react-golang-starter/internal/auth/oauth.go:621.2,621.36 1 0
react-golang-starter/internal/auth/oauth.go:621.36,625.3 3 0
react-golang-starter/internal/auth/oauth.go:627.2,636.4 3 0
react-golang-starter/internal/auth/oauth.go:640.31,642.2 1 1
react-golang-starter/internal/auth/oauth.go:645.37,647.2 1 1
react-golang-starter/internal/auth/oauth.go:650.37,652.2 1 1
react-golang-starter/internal/auth/permissions.go:46.67,48.13 2 1
react-golang-starter/internal/auth/permissions.go:48.13,50.3 1 1
react-golang-starter/internal/auth/permissions.go:52.2,52.35 1 1
react-golang-starter/internal/auth/permissions.go:52.35,53.27 1 1
react-golang-starter/internal/auth/permissions.go:53.27,55.4 1 1
react-golang-starter/internal/auth/permissions.go:57.2,57.14 1 1
react-golang-starter/internal/auth/permissions.go:61.74,62.37 1 1
react-golang-starter/internal/auth/permissions.go:62.37,63.36 1 1
react-golang-starter/internal/auth/permissions.go:63.36,65.4 1 1
react-golang-starter/internal/auth/permissions.go:67.2,67.14 1 1
react-golang-starter/internal/auth/permissions.go:71.61,72.37 1 1
react-golang-starter/internal/auth/permissions.go:72.37,73.23 1 1
react-golang-starter/internal/auth/permissions.go:73.23,75.4 1 1
react-golang-starter/internal/auth/permissions.go:77.2,77.14 1 1
react-golang-starter/internal/auth/permissions.go:81.88,82.46 1 1
react-golang-starter/internal/auth/permissions.go:82.46,83.72 1 1
react-golang-starter/internal/auth/permissions.go:83.72,85.11 2 1
react-golang-starter/internal/auth/permissions.go:85.11,88.5 2 1
react-golang-starter/internal/auth/permissions.go:90.4,90.53 1 1
react-golang-starter/internal/auth/permissions.go:90.53,93.5 2 1
react-golang-starter/internal/auth/permissions.go:95.4,95.24 1 1
react-golang-starter/internal/auth/permissions.go:101.78,102.46 1 1
react-golang-starter/internal/auth/permissions.go:102.46,103.72 1 1
react-golang-starter/internal/auth/permissions.go:103.72,105.11 2 1
react-golang-starter/internal/auth/permissions.go:105.11,108.5 2 1
react-golang-starter/internal/auth/permissions.go:110.4,110.44 1 1
react-golang-starter/internal/auth/permissions.go:110.44,113.5 2 1
react-golang-starter/internal/auth/permissions.go:115.4,115.24 1 1
react-golang-starter/internal/auth/response.go:28.73,30.2 1 1
react-golang-starter/internal/auth/response.go:32.76,34.2 1 1
react-golang-starter/internal/auth/response.go:36.102,38.2 1 1
react-golang-starter/internal/auth/response.go:40.78,42.2 1 1
react-golang-starter/internal/auth/response.go:44.80,46.2 1 1
react-golang-starter/internal/auth/response.go:48.77,50.2 1 1
react-golang-starter/internal/auth/response.go:52.76,54.2 1 1
react-golang-starter/internal/auth/response.go:56.76,58.2 1 1
react-golang-starter/internal/auth/response.go:60.81,62.2 1 1
react-golang-starter/internal/auth/response.go:64.83,66.2 1 1
react-golang-starter/internal/auth/response.go:68.80,70.2 1 1
react-golang-starter/internal/auth/response.go:72.80,74.2 1 1
react-golang-starter/internal/auth/response.go:76.84,78.2 1 1
react-golang-starter/internal/auth/response.go:80.83,82.2 1 1
react-golang-starter/internal/auth/tenant_middleware.go:29.57,31.2 1 1
react-golang-starter/internal/auth/tenant_middleware.go:36.80,37.71 1 1
react-golang-starter/internal/auth/tenant_middleware.go:37.71,42.25 3 1
react-golang-starter/internal/auth/tenant_middleware.go:42.25,45.4 2 1
react-golang-starter/internal/auth/tenant_middleware.go:48.3,49.20 2 1
react-golang-starter/internal/auth/tenant_middleware.go:49.20,51.4 1 1
react-golang-starter/internal/auth/tenant_middleware.go:53.3,53.20 1 1
react-golang-starter/internal/auth/tenant_middleware.go:53.20,56.4 2 1
react-golang-starter/internal/auth/tenant_middleware.go:59.3,61.23 3 0
react-golang-starter/internal/auth/tenant_middleware.go:61.23,63.4 1 0
react-golang-starter/internal/auth/tenant_middleware.go:63.9,66.78 2 0
react-golang-starter/internal/auth/tenant_middleware.go:66.78,67.38 1 0
react-golang-starter/internal/auth/tenant_middleware.go:67.38,70.6 2 0
react-golang-starter/internal/auth/tenant_middleware.go:71.5,72.11 2 0
react-golang-starter/internal/auth/tenant_middleware.go:74.4,76.35 2 0
react-golang-starter/internal/auth/tenant_middleware.go:80.3,82.86 3 0
react-golang-starter/internal/auth/tenant_middleware.go:82.86,84.4 1 0
react-golang-starter/internal/auth/tenant_middleware.go:84.9,88.88 2 0
react-golang-starter/internal/auth/tenant_middleware.go:88.88,89.38 1 0
react-golang-starter/internal/auth/tenant_middleware.go:89.38,92.6 2 0
react-golang-starter/internal/auth/tenant_middleware.go:93.5,94.11 2 0
react-golang-starter/internal/auth/tenant_middleware.go:96.4,98.40 2 0
react-golang-starter/internal/auth/tenant_middleware.go:102.3,105.40 3 0
react-golang-starter/internal/auth/tenant_middleware.go:110.108,111.46 1 1
react-golang-starter/internal/auth/tenant_middleware.go:111.46,112.72 1 1
react-golang-starter/internal/auth/tenant_middleware.go:112.72,114.25 2 1
react-golang-starter/internal/auth/tenant_middleware.go:114.25,117.5 2 1
react-golang-starter/internal/auth/tenant_middleware.go:119.4,119.51 1 1
react-golang-starter/internal/auth/tenant_middleware.go:119.51,122.5 2 1
react-golang-starter/internal/auth/tenant_middleware.go:124.4,124.24 1 1
react-golang-starter/internal/auth/tenant_middleware.go:132.81,133.71 1 1
react-golang-starter/internal/auth/tenant_middleware.go:133.71,137.25 3 1
react-golang-starter/internal/auth/tenant_middleware.go:137.25,140.4 2 1
react-golang-starter/internal/auth/tenant_middleware.go:143.3,144.20 2 1
react-golang-starter/internal/auth/tenant_middleware.go:144.20,146.4 1 1
react-golang-starter/internal/auth/tenant_middleware.go:148.3,148.20 1 1
react-golang-starter/internal/auth/tenant_middleware.go:148.20,151.4 2 1
react-golang-starter/internal/auth/tenant_middleware.go:154.3,156.23 3 0
react-golang-starter/internal/auth/tenant_middleware.go:156.23,158.4 1 0
react-golang-starter/internal/auth/tenant_middleware.go:158.9,161.78 2 0
react-golang-starter/internal/auth/tenant_middleware.go:161.78,165.5 2 0
react-golang-starter/internal/auth/tenant_middleware.go:166.4,168.35 2 0
react-golang-starter/internal/auth/tenant_middleware.go:172.3,174.86 3 0
react-golang-starter/internal/auth/tenant_middleware.go:174.86,176.4 1 0
react-golang-starter/internal/auth/tenant_middleware.go:176.9,180.88 2 0
react-golang-starter/internal/auth/tenant_middleware.go:180.88,184.5 2 0
react-golang-starter/internal/auth/tenant_middleware.go:185.4,187.40 2 0
react-golang-starter/internal/auth/tenant_middleware.go:191.3,194.40 3 0
react-golang-starter/internal/auth/tenant_middleware.go:199.75,201.9 2 1
react-golang-starter/internal/auth/tenant_middleware.go:201.9,203.3 1 1
react-golang-starter/internal/auth/tenant_middleware.go:204.2,204.12 1 1
react-golang-starter/internal/auth/tenant_middleware.go:208.79,210.9 2 1
react-golang-starter/internal/auth/tenant_middleware.go:210.9,212.3 1 1
react-golang-starter/internal/auth/tenant_middleware.go:213.2,213.19 1 1
react-golang-starter/internal/auth/tenant_middleware.go:218.54,219.36 1 1
react-golang-starter/internal/auth/tenant_middleware.go:219.36,221.3 1 0
