mode: set
react-golang-starter/internal/handlers/admin_handlers.go:26.60,54.59 8 0
react-golang-starter/internal/handlers/admin_handlers.go:54.59,57.3 2 0
react-golang-starter/internal/handlers/admin_handlers.go:59.2,80.33 9 0
react-golang-starter/internal/handlers/admin_handlers.go:80.33,83.3 2 0
react-golang-starter/internal/handlers/admin_handlers.go:85.2,101.33 6 0
react-golang-starter/internal/handlers/admin_handlers.go:101.33,104.3 2 0
react-golang-starter/internal/handlers/admin_handlers.go:106.2,112.16 5 0
react-golang-starter/internal/handlers/admin_handlers.go:112.16,114.3 1 0
react-golang-starter/internal/handlers/admin_handlers.go:114.8,116.19 2 0
react-golang-starter/internal/handlers/admin_handlers.go:116.19,119.51 3 0
react-golang-starter/internal/handlers/admin_handlers.go:119.51,121.13 2 0
react-golang-starter/internal/handlers/admin_handlers.go:123.4,123.35 1 0
react-golang-starter/internal/handlers/admin_handlers.go:127.2,128.34 2 0
react-golang-starter/internal/handlers/admin_handlers.go:146.59,150.64 2 0
react-golang-starter/internal/handlers/admin_handlers.go:150.64,151.70 1 0
react-golang-starter/internal/handlers/admin_handlers.go:151.70,154.4 2 0
react-golang-starter/internal/handlers/admin_handlers.go:156.2,157.70 2 0
react-golang-starter/internal/handlers/admin_handlers.go:157.70,158.74 1 0
react-golang-starter/internal/handlers/admin_handlers.go:158.74,161.4 2 0
react-golang-starter/internal/handlers/admin_handlers.go:163.2,172.16 8 0
react-golang-starter/internal/handlers/admin_handlers.go:172.16,175.3 2 0
react-golang-starter/internal/handlers/admin_handlers.go:178.2,179.27 2 0
react-golang-starter/internal/handlers/admin_handlers.go:179.27,181.3 1 0
react-golang-starter/internal/handlers/admin_handlers.go:183.2,195.37 4 0
react-golang-starter/internal/handlers/admin_handlers.go:209.62,212.9 2 1
react-golang-starter/internal/handlers/admin_handlers.go:212.9,215.3 2 1
react-golang-starter/internal/handlers/admin_handlers.go:218.2,218.42 1 1
react-golang-starter/internal/handlers/admin_handlers.go:218.42,221.3 2 1
react-golang-starter/internal/handlers/admin_handlers.go:224.2,224.32 1 1
react-golang-starter/internal/handlers/admin_handlers.go:224.32,227.3 2 1
react-golang-starter/internal/handlers/admin_handlers.go:229.2,230.61 2 1
react-golang-starter/internal/handlers/admin_handlers.go:230.61,233.3 2 1
react-golang-starter/internal/handlers/admin_handlers.go:236.2,236.33 1 1
react-golang-starter/internal/handlers/admin_handlers.go:236.33,239.3 2 1
react-golang-starter/internal/handlers/admin_handlers.go:242.2,243.98 2 0
react-golang-starter/internal/handlers/admin_handlers.go:243.98,246.3 2 0
react-golang-starter/internal/handlers/admin_handlers.go:249.2,249.46 1 0
react-golang-starter/internal/handlers/admin_handlers.go:249.46,252.3 2 0
react-golang-starter/internal/handlers/admin_handlers.go:255.2,256.16 2 0
react-golang-starter/internal/handlers/admin_handlers.go:256.16,259.3 2 0
react-golang-starter/internal/handlers/admin_handlers.go:262.2,271.37 4 0
react-golang-starter/internal/handlers/admin_handlers.go:282.64,285.9 2 1
react-golang-starter/internal/handlers/admin_handlers.go:285.9,288.3 2 1
react-golang-starter/internal/handlers/admin_handlers.go:291.2,291.32 1 1
react-golang-starter/internal/handlers/admin_handlers.go:291.32,294.3 2 1
react-golang-starter/internal/handlers/admin_handlers.go:297.2,298.108 2 0
react-golang-starter/internal/handlers/admin_handlers.go:298.108,301.3 2 0
react-golang-starter/internal/handlers/admin_handlers.go:304.2,305.16 2 0
react-golang-starter/internal/handlers/admin_handlers.go:305.16,308.3 2 0
react-golang-starter/internal/handlers/admin_handlers.go:311.2,319.37 4 0
react-golang-starter/internal/handlers/admin_handlers.go:334.66,337.9 2 1
react-golang-starter/internal/handlers/admin_handlers.go:337.9,340.3 2 1
react-golang-starter/internal/handlers/admin_handlers.go:343.2,343.42 1 1
react-golang-starter/internal/handlers/admin_handlers.go:343.42,346.3 2 1
react-golang-starter/internal/handlers/admin_handlers.go:349.2,351.16 3 1
react-golang-starter/internal/handlers/admin_handlers.go:351.16,354.3 2 1
react-golang-starter/internal/handlers/admin_handlers.go:357.2,360.61 2 1
react-golang-starter/internal/handlers/admin_handlers.go:360.61,363.3 2 1
react-golang-starter/internal/handlers/admin_handlers.go:366.2,372.27 2 1
react-golang-starter/internal/handlers/admin_handlers.go:372.27,375.3 2 1
react-golang-starter/internal/handlers/admin_handlers.go:378.2,379.88 2 0
react-golang-starter/internal/handlers/admin_handlers.go:379.88,382.3 2 0
react-golang-starter/internal/handlers/admin_handlers.go:385.2,385.35 1 0
react-golang-starter/internal/handlers/admin_handlers.go:385.35,388.3 2 0
react-golang-starter/internal/handlers/admin_handlers.go:391.2,392.25 2 0
react-golang-starter/internal/handlers/admin_handlers.go:392.25,394.3 1 0
react-golang-starter/internal/handlers/admin_handlers.go:397.2,399.79 3 0
react-golang-starter/internal/handlers/admin_handlers.go:399.79,402.3 2 0
react-golang-starter/internal/handlers/admin_handlers.go:405.2,408.50 3 0
react-golang-starter/internal/handlers/admin_handlers.go:422.61,425.9 2 1
react-golang-starter/internal/handlers/admin_handlers.go:425.9,428.3 2 1
react-golang-starter/internal/handlers/admin_handlers.go:431.2,431.77 1 1
react-golang-starter/internal/handlers/admin_handlers.go:431.77,434.3 2 1
react-golang-starter/internal/handlers/admin_handlers.go:437.2,439.16 3 1
react-golang-starter/internal/handlers/admin_handlers.go:439.16,442.3 2 1
react-golang-starter/internal/handlers/admin_handlers.go:445.2,445.35 1 1
react-golang-starter/internal/handlers/admin_handlers.go:445.35,448.3 2 1
react-golang-starter/internal/handlers/admin_handlers.go:451.2,452.88 2 0
react-golang-starter/internal/handlers/admin_handlers.go:452.88,455.3 2 0
react-golang-starter/internal/handlers/admin_handlers.go:458.2,458.75 1 0
react-golang-starter/internal/handlers/admin_handlers.go:458.75,461.3 2 0
react-golang-starter/internal/handlers/admin_handlers.go:464.2,466.79 3 0
react-golang-starter/internal/handlers/admin_handlers.go:466.79,469.3 2 0
react-golang-starter/internal/handlers/admin_handlers.go:472.2,483.37 5 0
react-golang-starter/internal/handlers/admin_handlers.go:497.61,500.9 2 1
react-golang-starter/internal/handlers/admin_handlers.go:500.9,503.3 2 1
react-golang-starter/internal/handlers/admin_handlers.go:506.2,506.77 1 1
react-golang-starter/internal/handlers/admin_handlers.go:506.77,509.3 2 1
react-golang-starter/internal/handlers/admin_handlers.go:512.2,514.16 3 1
react-golang-starter/internal/handlers/admin_handlers.go:514.16,517.3 2 1
react-golang-starter/internal/handlers/admin_handlers.go:520.2,521.88 2 0
react-golang-starter/internal/handlers/admin_handlers.go:521.88,524.3 2 0
react-golang-starter/internal/handlers/admin_handlers.go:527.2,529.79 3 0
react-golang-starter/internal/handlers/admin_handlers.go:529.79,532.3 2 0
react-golang-starter/internal/handlers/admin_handlers.go:535.2,546.37 5 0
react-golang-starter/internal/handlers/admin_handlers.go:560.58,563.9 2 1
react-golang-starter/internal/handlers/admin_handlers.go:563.9,566.3 2 1
react-golang-starter/internal/handlers/admin_handlers.go:569.2,569.42 1 1
react-golang-starter/internal/handlers/admin_handlers.go:569.42,572.3 2 1
react-golang-starter/internal/handlers/admin_handlers.go:575.2,577.16 3 1
react-golang-starter/internal/handlers/admin_handlers.go:577.16,580.3 2 1
react-golang-starter/internal/handlers/admin_handlers.go:583.2,584.74 2 0
react-golang-starter/internal/handlers/admin_handlers.go:584.74,587.3 2 0
react-golang-starter/internal/handlers/admin_handlers.go:590.2,590.27 1 0
react-golang-starter/internal/handlers/admin_handlers.go:590.27,593.3 2 0
react-golang-starter/internal/handlers/admin_handlers.go:596.2,596.92 1 0
react-golang-starter/internal/handlers/admin_handlers.go:596.92,599.3 2 0
react-golang-starter/internal/handlers/admin_handlers.go:602.2,611.40 5 0
react-golang-starter/internal/handlers/admin_handlers.go:624.62,627.9 2 1
react-golang-starter/internal/handlers/admin_handlers.go:627.9,630.3 2 1
react-golang-starter/internal/handlers/admin_handlers.go:633.2,633.42 1 1
react-golang-starter/internal/handlers/admin_handlers.go:633.42,636.3 2 1
react-golang-starter/internal/handlers/admin_handlers.go:639.2,643.121 3 0
react-golang-starter/internal/handlers/admin_handlers.go:643.121,646.3 2 0
react-golang-starter/internal/handlers/admin_handlers.go:649.2,650.155 2 0
react-golang-starter/internal/handlers/admin_handlers.go:650.155,653.3 2 0
react-golang-starter/internal/handlers/admin_handlers.go:656.2,657.26 2 0
react-golang-starter/internal/handlers/admin_handlers.go:657.26,659.3 1 0
react-golang-starter/internal/handlers/admin_handlers.go:661.2,673.40 4 0
react-golang-starter/internal/handlers/admin_handlers.go:687.58,689.17 2 1
react-golang-starter/internal/handlers/admin_handlers.go:689.17,692.3 2 1
react-golang-starter/internal/handlers/admin_handlers.go:695.2,704.34 4 0
react-golang-starter/internal/handlers/admin_handlers.go:704.34,707.3 2 0
react-golang-starter/internal/handlers/admin_handlers.go:710.2,711.26 2 0
react-golang-starter/internal/handlers/admin_handlers.go:711.26,713.3 1 0
react-golang-starter/internal/handlers/admin_handlers.go:715.2,722.37 3 0
react-golang-starter/internal/handlers/ai_handlers.go:47.53,49.23 1 1
react-golang-starter/internal/handlers/ai_handlers.go:49.23,52.3 2 1
react-golang-starter/internal/handlers/ai_handlers.go:55.2,56.61 2 0
react-golang-starter/internal/handlers/ai_handlers.go:56.61,59.3 2 0
react-golang-starter/internal/handlers/ai_handlers.go:62.2,62.28 1 0
react-golang-starter/internal/handlers/ai_handlers.go:62.28,65.3 2 0
react-golang-starter/internal/handlers/ai_handlers.go:68.2,68.71 1 0
react-golang-starter/internal/handlers/ai_handlers.go:68.71,69.14 1 0
react-golang-starter/internal/handlers/ai_handlers.go:70.30,71.62 1 0
react-golang-starter/internal/handlers/ai_handlers.go:72.28,73.67 1 0
react-golang-starter/internal/handlers/ai_handlers.go:74.26,75.49 1 0
react-golang-starter/internal/handlers/ai_handlers.go:76.11,78.51 2 0
react-golang-starter/internal/handlers/ai_handlers.go:80.3,80.9 1 0
react-golang-starter/internal/handlers/ai_handlers.go:84.2,99.16 5 0
react-golang-starter/internal/handlers/ai_handlers.go:99.16,100.44 1 0
react-golang-starter/internal/handlers/ai_handlers.go:100.44,103.4 2 0
react-golang-starter/internal/handlers/ai_handlers.go:104.3,104.34 1 0
react-golang-starter/internal/handlers/ai_handlers.go:104.34,107.4 2 0
react-golang-starter/internal/handlers/ai_handlers.go:108.3,110.9 3 0
react-golang-starter/internal/handlers/ai_handlers.go:113.2,113.50 1 0
react-golang-starter/internal/handlers/ai_handlers.go:118.59,120.23 1 1
react-golang-starter/internal/handlers/ai_handlers.go:120.23,123.3 2 1
react-golang-starter/internal/handlers/ai_handlers.go:126.2,127.61 2 0
react-golang-starter/internal/handlers/ai_handlers.go:127.61,130.3 2 0
react-golang-starter/internal/handlers/ai_handlers.go:133.2,133.28 1 0
react-golang-starter/internal/handlers/ai_handlers.go:133.28,136.3 2 0
react-golang-starter/internal/handlers/ai_handlers.go:139.2,139.71 1 0
react-golang-starter/internal/handlers/ai_handlers.go:139.71,140.14 1 0
react-golang-starter/internal/handlers/ai_handlers.go:141.30,142.62 1 0
react-golang-starter/internal/handlers/ai_handlers.go:143.28,144.67 1 0
react-golang-starter/internal/handlers/ai_handlers.go:145.26,146.49 1 0
react-golang-starter/internal/handlers/ai_handlers.go:147.11,149.51 2 0
react-golang-starter/internal/handlers/ai_handlers.go:151.3,151.9 1 0
react-golang-starter/internal/handlers/ai_handlers.go:155.2,173.9 7 0
react-golang-starter/internal/handlers/ai_handlers.go:173.9,176.3 2 0
react-golang-starter/internal/handlers/ai_handlers.go:179.2,183.16 4 0
react-golang-starter/internal/handlers/ai_handlers.go:183.16,185.44 1 0
react-golang-starter/internal/handlers/ai_handlers.go:185.44,187.4 1 0
react-golang-starter/internal/handlers/ai_handlers.go:187.9,190.4 2 0
react-golang-starter/internal/handlers/ai_handlers.go:191.3,192.9 2 0
react-golang-starter/internal/handlers/ai_handlers.go:196.2,196.28 1 0
react-golang-starter/internal/handlers/ai_handlers.go:196.28,197.25 1 0
react-golang-starter/internal/handlers/ai_handlers.go:197.25,202.4 4 0
react-golang-starter/internal/handlers/ai_handlers.go:204.3,204.17 1 0
react-golang-starter/internal/handlers/ai_handlers.go:204.17,208.4 3 0
react-golang-starter/internal/handlers/ai_handlers.go:211.3,213.18 3 0
react-golang-starter/internal/handlers/ai_handlers.go:219.61,221.23 1 1
react-golang-starter/internal/handlers/ai_handlers.go:221.23,224.3 2 1
react-golang-starter/internal/handlers/ai_handlers.go:227.2,228.61 2 0
react-golang-starter/internal/handlers/ai_handlers.go:228.61,231.3 2 0
react-golang-starter/internal/handlers/ai_handlers.go:234.2,234.22 1 0
react-golang-starter/internal/handlers/ai_handlers.go:234.22,237.3 2 0
react-golang-starter/internal/handlers/ai_handlers.go:238.2,238.49 1 0
react-golang-starter/internal/handlers/ai_handlers.go:238.49,241.3 2 0
react-golang-starter/internal/handlers/ai_handlers.go:244.2,244.52 1 0
react-golang-starter/internal/handlers/ai_handlers.go:244.52,246.3 1 0
react-golang-starter/internal/handlers/ai_handlers.go:249.2,253.16 4 0
react-golang-starter/internal/handlers/ai_handlers.go:253.16,254.44 1 0
react-golang-starter/internal/handlers/ai_handlers.go:254.44,257.4 2 0
react-golang-starter/internal/handlers/ai_handlers.go:258.3,258.33 1 0
react-golang-starter/internal/handlers/ai_handlers.go:258.33,261.4 2 0
react-golang-starter/internal/handlers/ai_handlers.go:262.3,262.32 1 0
react-golang-starter/internal/handlers/ai_handlers.go:262.32,265.4 2 0
react-golang-starter/internal/handlers/ai_handlers.go:266.3,268.9 3 0
react-golang-starter/internal/handlers/ai_handlers.go:271.2,271.54 1 0
react-golang-starter/internal/handlers/ai_handlers.go:276.59,278.23 1 1
react-golang-starter/internal/handlers/ai_handlers.go:278.23,281.3 2 1
react-golang-starter/internal/handlers/ai_handlers.go:284.2,285.61 2 0
react-golang-starter/internal/handlers/ai_handlers.go:285.61,288.3 2 0
react-golang-starter/internal/handlers/ai_handlers.go:291.2,291.25 1 0
react-golang-starter/internal/handlers/ai_handlers.go:291.25,294.3 2 0
react-golang-starter/internal/handlers/ai_handlers.go:297.2,297.65 1 0
react-golang-starter/internal/handlers/ai_handlers.go:297.65,298.14 1 0
react-golang-starter/internal/handlers/ai_handlers.go:299.27,300.57 1 0
react-golang-starter/internal/handlers/ai_handlers.go:301.28,302.56 1 0
react-golang-starter/internal/handlers/ai_handlers.go:303.11,305.48 2 0
react-golang-starter/internal/handlers/ai_handlers.go:307.3,307.9 1 0
react-golang-starter/internal/handlers/ai_handlers.go:311.2,315.16 4 0
react-golang-starter/internal/handlers/ai_handlers.go:315.16,316.44 1 0
react-golang-starter/internal/handlers/ai_handlers.go:316.44,319.4 2 0
react-golang-starter/internal/handlers/ai_handlers.go:320.3,322.9 3 0
react-golang-starter/internal/handlers/ai_handlers.go:326.2,327.78 2 0
react-golang-starter/internal/handlers/ai_handlers.go:327.78,329.3 1 0
react-golang-starter/internal/handlers/ai_handlers.go:331.2,334.4 1 0
react-golang-starter/internal/handlers/ai_handlers.go:353.61,355.23 1 1
react-golang-starter/internal/handlers/ai_handlers.go:355.23,358.3 2 1
react-golang-starter/internal/handlers/ai_handlers.go:361.2,362.61 2 0
react-golang-starter/internal/handlers/ai_handlers.go:362.61,365.3 2 0
react-golang-starter/internal/handlers/ai_handlers.go:368.2,368.28 1 0
react-golang-starter/internal/handlers/ai_handlers.go:368.28,371.3 2 0
react-golang-starter/internal/handlers/ai_handlers.go:374.2,374.71 1 0
react-golang-starter/internal/handlers/ai_handlers.go:374.71,375.14 1 0
react-golang-starter/internal/handlers/ai_handlers.go:376.30,377.62 1 0
react-golang-starter/internal/handlers/ai_handlers.go:378.28,379.67 1 0
react-golang-starter/internal/handlers/ai_handlers.go:380.26,381.49 1 0
react-golang-starter/internal/handlers/ai_handlers.go:382.11,384.51 2 0
react-golang-starter/internal/handlers/ai_handlers.go:386.3,386.9 1 0
react-golang-starter/internal/handlers/ai_handlers.go:390.2,411.16 5 0
react-golang-starter/internal/handlers/ai_handlers.go:411.16,412.44 1 0
react-golang-starter/internal/handlers/ai_handlers.go:412.44,415.4 2 0
react-golang-starter/internal/handlers/ai_handlers.go:416.3,416.14 1 0
react-golang-starter/internal/handlers/ai_handlers.go:417.33,418.106 1 0
react-golang-starter/internal/handlers/ai_handlers.go:419.33,420.92 1 0
react-golang-starter/internal/handlers/ai_handlers.go:421.29,422.112 1 0
react-golang-starter/internal/handlers/ai_handlers.go:423.11,425.59 2 0
react-golang-starter/internal/handlers/ai_handlers.go:427.3,427.9 1 0
react-golang-starter/internal/handlers/ai_handlers.go:430.2,430.59 1 0
react-golang-starter/internal/handlers/api_key_handlers.go:41.61,43.17 2 1
react-golang-starter/internal/handlers/api_key_handlers.go:43.17,46.3 2 1
react-golang-starter/internal/handlers/api_key_handlers.go:48.2,49.83 2 0
react-golang-starter/internal/handlers/api_key_handlers.go:49.83,52.3 2 0
react-golang-starter/internal/handlers/api_key_handlers.go:54.2,55.25 2 0
react-golang-starter/internal/handlers/api_key_handlers.go:55.25,57.3 1 0
react-golang-starter/internal/handlers/api_key_handlers.go:59.2,63.4 2 0
react-golang-starter/internal/handlers/api_key_handlers.go:75.60,77.17 2 1
react-golang-starter/internal/handlers/api_key_handlers.go:77.17,80.3 2 1
react-golang-starter/internal/handlers/api_key_handlers.go:82.2,84.16 3 1
react-golang-starter/internal/handlers/api_key_handlers.go:84.16,87.3 2 1
react-golang-starter/internal/handlers/api_key_handlers.go:89.2,90.101 2 0
react-golang-starter/internal/handlers/api_key_handlers.go:90.101,93.3 2 0
react-golang-starter/internal/handlers/api_key_handlers.go:95.2,96.55 2 0
react-golang-starter/internal/handlers/api_key_handlers.go:109.63,111.17 2 1
react-golang-starter/internal/handlers/api_key_handlers.go:111.17,114.3 2 1
react-golang-starter/internal/handlers/api_key_handlers.go:116.2,117.61 2 1
react-golang-starter/internal/handlers/api_key_handlers.go:117.61,120.3 2 1
react-golang-starter/internal/handlers/api_key_handlers.go:123.2,128.41 4 1
react-golang-starter/internal/handlers/api_key_handlers.go:128.41,131.3 2 1
react-golang-starter/internal/handlers/api_key_handlers.go:134.2,134.46 1 1
react-golang-starter/internal/handlers/api_key_handlers.go:134.46,137.3 2 1
react-golang-starter/internal/handlers/api_key_handlers.go:140.2,140.26 1 1
react-golang-starter/internal/handlers/api_key_handlers.go:140.26,143.3 2 1
react-golang-starter/internal/handlers/api_key_handlers.go:146.2,147.119 2 0
react-golang-starter/internal/handlers/api_key_handlers.go:147.119,150.3 2 0
react-golang-starter/internal/handlers/api_key_handlers.go:153.2,157.16 3 0
react-golang-starter/internal/handlers/api_key_handlers.go:157.16,160.3 2 0
react-golang-starter/internal/handlers/api_key_handlers.go:163.2,178.55 4 0
react-golang-starter/internal/handlers/api_key_handlers.go:178.55,181.3 2 0
react-golang-starter/internal/handlers/api_key_handlers.go:183.2,185.55 3 0
react-golang-starter/internal/handlers/api_key_handlers.go:199.63,201.17 2 1
react-golang-starter/internal/handlers/api_key_handlers.go:201.17,204.3 2 1
react-golang-starter/internal/handlers/api_key_handlers.go:206.2,208.16 3 1
react-golang-starter/internal/handlers/api_key_handlers.go:208.16,211.3 2 1
react-golang-starter/internal/handlers/api_key_handlers.go:213.2,214.101 2 0
react-golang-starter/internal/handlers/api_key_handlers.go:214.101,217.3 2 0
react-golang-starter/internal/handlers/api_key_handlers.go:219.2,220.61 2 0
react-golang-starter/internal/handlers/api_key_handlers.go:220.61,223.3 2 0
react-golang-starter/internal/handlers/api_key_handlers.go:226.2,226.21 1 0
react-golang-starter/internal/handlers/api_key_handlers.go:226.21,228.39 2 0
react-golang-starter/internal/handlers/api_key_handlers.go:228.39,231.4 2 0
react-golang-starter/internal/handlers/api_key_handlers.go:232.3,232.18 1 0
react-golang-starter/internal/handlers/api_key_handlers.go:236.2,236.23 1 0
react-golang-starter/internal/handlers/api_key_handlers.go:236.23,238.23 2 0
react-golang-starter/internal/handlers/api_key_handlers.go:238.23,241.4 2 0
react-golang-starter/internal/handlers/api_key_handlers.go:243.3,245.17 3 0
react-golang-starter/internal/handlers/api_key_handlers.go:245.17,248.4 2 0
react-golang-starter/internal/handlers/api_key_handlers.go:249.3,250.50 2 0
react-golang-starter/internal/handlers/api_key_handlers.go:254.2,254.25 1 0
react-golang-starter/internal/handlers/api_key_handlers.go:254.25,256.3 1 0
react-golang-starter/internal/handlers/api_key_handlers.go:258.2,260.53 2 0
react-golang-starter/internal/handlers/api_key_handlers.go:260.53,263.3 2 0
react-golang-starter/internal/handlers/api_key_handlers.go:265.2,266.55 2 0
react-golang-starter/internal/handlers/api_key_handlers.go:278.63,280.17 2 1
react-golang-starter/internal/handlers/api_key_handlers.go:280.17,283.3 2 1
react-golang-starter/internal/handlers/api_key_handlers.go:285.2,287.16 3 1
react-golang-starter/internal/handlers/api_key_handlers.go:287.16,290.3 2 1
react-golang-starter/internal/handlers/api_key_handlers.go:292.2,293.25 2 0
react-golang-starter/internal/handlers/api_key_handlers.go:293.25,296.3 2 0
react-golang-starter/internal/handlers/api_key_handlers.go:298.2,298.30 1 0
react-golang-starter/internal/handlers/api_key_handlers.go:298.30,301.3 2 0
react-golang-starter/internal/handlers/api_key_handlers.go:303.2,307.4 2 0
react-golang-starter/internal/handlers/api_key_handlers.go:320.61,322.17 2 1
react-golang-starter/internal/handlers/api_key_handlers.go:322.17,325.3 2 1
react-golang-starter/internal/handlers/api_key_handlers.go:327.2,329.16 3 1
react-golang-starter/internal/handlers/api_key_handlers.go:329.16,332.3 2 1
react-golang-starter/internal/handlers/api_key_handlers.go:334.2,335.101 2 0
react-golang-starter/internal/handlers/api_key_handlers.go:335.101,338.3 2 0
react-golang-starter/internal/handlers/api_key_handlers.go:341.2,342.16 2 0
react-golang-starter/internal/handlers/api_key_handlers.go:342.16,345.3 2 0
react-golang-starter/internal/handlers/api_key_handlers.go:349.2,353.4 2 0
react-golang-starter/internal/handlers/api_key_handlers.go:357.71,359.134 2 0
react-golang-starter/internal/handlers/api_key_handlers.go:359.134,361.3 1 0
react-golang-starter/internal/handlers/api_key_handlers.go:363.2,364.16 2 0
react-golang-starter/internal/handlers/api_key_handlers.go:364.16,366.3 1 0
react-golang-starter/internal/handlers/api_key_handlers.go:369.2,375.26 3 0
react-golang-starter/internal/handlers/api_key_handlers.go:384.41,386.18 2 1
react-golang-starter/internal/handlers/api_key_handlers.go:386.18,388.3 1 1
react-golang-starter/internal/handlers/api_key_handlers.go:390.2,391.21 2 1
react-golang-starter/internal/handlers/api_key_handlers.go:395.39,398.2 2 1
react-golang-starter/internal/handlers/api_key_handlers.go:401.51,403.16 2 1
react-golang-starter/internal/handlers/api_key_handlers.go:403.16,405.3 1 0
react-golang-starter/internal/handlers/api_key_handlers.go:407.2,408.16 2 1
react-golang-starter/internal/handlers/api_key_handlers.go:408.16,410.3 1 0
react-golang-starter/internal/handlers/api_key_handlers.go:412.2,413.16 2 1
react-golang-starter/internal/handlers/api_key_handlers.go:413.16,415.3 1 0
react-golang-starter/internal/handlers/api_key_handlers.go:417.2,418.59 2 1
react-golang-starter/internal/handlers/api_key_handlers.go:418.59,420.3 1 0
react-golang-starter/internal/handlers/api_key_handlers.go:422.2,423.59 2 1
react-golang-starter/internal/handlers/api_key_handlers.go:427.54,429.16 2 1
react-golang-starter/internal/handlers/api_key_handlers.go:429.16,431.3 1 1
react-golang-starter/internal/handlers/api_key_handlers.go:433.2,434.16 2 1
react-golang-starter/internal/handlers/api_key_handlers.go:434.16,436.3 1 0
react-golang-starter/internal/handlers/api_key_handlers.go:438.2,439.16 2 1
react-golang-starter/internal/handlers/api_key_handlers.go:439.16,441.3 1 0
react-golang-starter/internal/handlers/api_key_handlers.go:443.2,444.16 2 1
react-golang-starter/internal/handlers/api_key_handlers.go:444.16,446.3 1 0
react-golang-starter/internal/handlers/api_key_handlers.go:448.2,448.39 1 1
react-golang-starter/internal/handlers/api_key_handlers.go:448.39,450.3 1 0
react-golang-starter/internal/handlers/api_key_handlers.go:452.2,454.16 3 1
react-golang-starter/internal/handlers/api_key_handlers.go:454.16,456.3 1 0
react-golang-starter/internal/handlers/api_key_handlers.go:458.2,458.31 1 1
react-golang-starter/internal/handlers/debug_handlers.go:26.57,31.2 1 1
react-golang-starter/internal/handlers/debug_handlers.go:44.75,77.2 2 1
react-golang-starter/internal/handlers/debug_handlers.go:87.75,91.131 2 1
react-golang-starter/internal/handlers/debug_handlers.go:91.131,97.3 2 1
react-golang-starter/internal/handlers/debug_handlers.go:99.2,102.4 1 1
react-golang-starter/internal/handlers/debug_handlers.go:141.74,163.24 4 1
react-golang-starter/internal/handlers/debug_handlers.go:163.24,164.49 1 0
react-golang-starter/internal/handlers/debug_handlers.go:164.49,174.4 2 0
react-golang-starter/internal/handlers/debug_handlers.go:177.2,177.47 1 1
react-golang-starter/internal/handlers/debug_handlers.go:182.75,195.2 5 1
react-golang-starter/internal/handlers/debug_handlers.go:199.54,200.39 1 1
react-golang-starter/internal/handlers/debug_handlers.go:200.39,205.3 4 1
react-golang-starter/internal/handlers/debug_handlers.go:209.46,210.42 1 1
react-golang-starter/internal/handlers/debug_handlers.go:210.42,212.26 1 1
react-golang-starter/internal/handlers/debug_handlers.go:212.26,214.4 1 1
react-golang-starter/internal/handlers/debug_handlers.go:215.3,215.15 1 1
react-golang-starter/internal/handlers/debug_handlers.go:217.2,217.17 1 1
react-golang-starter/internal/handlers/debug_handlers.go:221.38,227.30 3 1
react-golang-starter/internal/handlers/debug_handlers.go:227.30,228.36 1 1
react-golang-starter/internal/handlers/debug_handlers.go:228.36,230.4 1 1
react-golang-starter/internal/handlers/debug_handlers.go:232.2,232.14 1 1
react-golang-starter/internal/handlers/feature_flag_handlers.go:38.62,40.72 2 0
react-golang-starter/internal/handlers/feature_flag_handlers.go:40.72,43.3 2 0
react-golang-starter/internal/handlers/feature_flag_handlers.go:46.2,47.29 2 0
react-golang-starter/internal/handlers/feature_flag_handlers.go:47.29,49.3 1 0
react-golang-starter/internal/handlers/feature_flag_handlers.go:51.2,57.37 3 0
react-golang-starter/internal/handlers/feature_flag_handlers.go:70.64,72.61 2 1
react-golang-starter/internal/handlers/feature_flag_handlers.go:72.61,75.3 2 1
react-golang-starter/internal/handlers/feature_flag_handlers.go:78.2,78.30 1 1
react-golang-starter/internal/handlers/feature_flag_handlers.go:78.30,81.3 2 1
react-golang-starter/internal/handlers/feature_flag_handlers.go:84.2,84.62 1 1
react-golang-starter/internal/handlers/feature_flag_handlers.go:84.62,87.3 2 1
react-golang-starter/internal/handlers/feature_flag_handlers.go:90.2,90.103 1 1
react-golang-starter/internal/handlers/feature_flag_handlers.go:90.103,93.3 2 1
react-golang-starter/internal/handlers/feature_flag_handlers.go:95.2,108.56 3 0
react-golang-starter/internal/handlers/feature_flag_handlers.go:108.56,109.49 1 0
react-golang-starter/internal/handlers/feature_flag_handlers.go:109.49,112.4 2 0
react-golang-starter/internal/handlers/feature_flag_handlers.go:113.3,114.9 2 0
react-golang-starter/internal/handlers/feature_flag_handlers.go:118.2,122.56 4 0
react-golang-starter/internal/handlers/feature_flag_handlers.go:137.64,141.77 3 0
react-golang-starter/internal/handlers/feature_flag_handlers.go:141.77,144.3 2 0
react-golang-starter/internal/handlers/feature_flag_handlers.go:146.2,147.61 2 0
react-golang-starter/internal/handlers/feature_flag_handlers.go:147.61,150.3 2 0
react-golang-starter/internal/handlers/feature_flag_handlers.go:153.2,153.21 1 0
react-golang-starter/internal/handlers/feature_flag_handlers.go:153.21,155.3 1 0
react-golang-starter/internal/handlers/feature_flag_handlers.go:156.2,156.28 1 0
react-golang-starter/internal/handlers/feature_flag_handlers.go:156.28,158.3 1 0
react-golang-starter/internal/handlers/feature_flag_handlers.go:159.2,159.24 1 0
react-golang-starter/internal/handlers/feature_flag_handlers.go:159.24,161.3 1 0
react-golang-starter/internal/handlers/feature_flag_handlers.go:162.2,162.34 1 0
react-golang-starter/internal/handlers/feature_flag_handlers.go:162.34,163.65 1 0
react-golang-starter/internal/handlers/feature_flag_handlers.go:163.65,166.4 2 0
react-golang-starter/internal/handlers/feature_flag_handlers.go:167.3,167.50 1 0
react-golang-starter/internal/handlers/feature_flag_handlers.go:169.2,169.29 1 0
react-golang-starter/internal/handlers/feature_flag_handlers.go:169.29,171.3 1 0
react-golang-starter/internal/handlers/feature_flag_handlers.go:172.2,172.24 1 0
react-golang-starter/internal/handlers/feature_flag_handlers.go:172.24,173.108 1 0
react-golang-starter/internal/handlers/feature_flag_handlers.go:173.108,176.4 2 0
react-golang-starter/internal/handlers/feature_flag_handlers.go:177.3,177.30 1 0
react-golang-starter/internal/handlers/feature_flag_handlers.go:179.2,181.54 2 0
react-golang-starter/internal/handlers/feature_flag_handlers.go:181.54,184.3 2 0
react-golang-starter/internal/handlers/feature_flag_handlers.go:187.2,190.56 3 0
react-golang-starter/internal/handlers/feature_flag_handlers.go:203.64,207.25 3 0
react-golang-starter/internal/handlers/feature_flag_handlers.go:207.25,210.3 2 0
react-golang-starter/internal/handlers/feature_flag_handlers.go:211.2,211.30 1 0
react-golang-starter/internal/handlers/feature_flag_handlers.go:211.30,214.3 2 0
react-golang-starter/internal/handlers/feature_flag_handlers.go:217.2,228.33 5 0
react-golang-starter/internal/handlers/feature_flag_handlers.go:239.69,244.9 3 1
react-golang-starter/internal/handlers/feature_flag_handlers.go:244.9,247.3 2 1
react-golang-starter/internal/handlers/feature_flag_handlers.go:250.2,254.72 3 0
react-golang-starter/internal/handlers/feature_flag_handlers.go:254.72,257.3 2 0
react-golang-starter/internal/handlers/feature_flag_handlers.go:260.2,265.37 4 0
react-golang-starter/internal/handlers/feature_flag_handlers.go:265.37,267.3 1 0
react-golang-starter/internal/handlers/feature_flag_handlers.go:270.2,271.29 2 0
react-golang-starter/internal/handlers/feature_flag_handlers.go:271.29,274.3 2 0
react-golang-starter/internal/handlers/feature_flag_handlers.go:277.2,280.35 3 0
react-golang-starter/internal/handlers/feature_flag_handlers.go:296.73,299.16 3 1
react-golang-starter/internal/handlers/feature_flag_handlers.go:299.16,302.3 2 1
react-golang-starter/internal/handlers/feature_flag_handlers.go:304.2,308.77 3 0
react-golang-starter/internal/handlers/feature_flag_handlers.go:308.77,311.3 2 0
react-golang-starter/internal/handlers/feature_flag_handlers.go:314.2,315.63 2 0
react-golang-starter/internal/handlers/feature_flag_handlers.go:315.63,318.3 2 0
react-golang-starter/internal/handlers/feature_flag_handlers.go:320.2,323.61 2 0
react-golang-starter/internal/handlers/feature_flag_handlers.go:323.61,326.3 2 0
react-golang-starter/internal/handlers/feature_flag_handlers.go:328.2,340.46 3 0
react-golang-starter/internal/handlers/feature_flag_handlers.go:340.46,343.3 2 0
react-golang-starter/internal/handlers/feature_flag_handlers.go:345.2,351.37 3 0
react-golang-starter/internal/handlers/feature_flag_handlers.go:366.76,369.16 3 1
react-golang-starter/internal/handlers/feature_flag_handlers.go:369.16,372.3 2 1
react-golang-starter/internal/handlers/feature_flag_handlers.go:374.2,378.77 3 0
react-golang-starter/internal/handlers/feature_flag_handlers.go:378.77,381.3 2 0
react-golang-starter/internal/handlers/feature_flag_handlers.go:383.2,384.25 2 0
react-golang-starter/internal/handlers/feature_flag_handlers.go:384.25,387.3 2 0
react-golang-starter/internal/handlers/feature_flag_handlers.go:389.2,395.37 3 0
react-golang-starter/internal/handlers/feature_flag_handlers.go:400.80,413.2 1 1
react-golang-starter/internal/handlers/feature_flag_handlers.go:415.38,416.37 1 1
react-golang-starter/internal/handlers/feature_flag_handlers.go:416.37,418.3 1 1
react-golang-starter/internal/handlers/feature_flag_handlers.go:419.2,419.24 1 1
react-golang-starter/internal/handlers/feature_flag_handlers.go:419.24,420.70 1 1
react-golang-starter/internal/handlers/feature_flag_handlers.go:420.70,422.4 1 1
react-golang-starter/internal/handlers/feature_flag_handlers.go:424.2,424.13 1 1
react-golang-starter/internal/handlers/feature_flag_handlers.go:427.90,429.19 1 1
react-golang-starter/internal/handlers/feature_flag_handlers.go:429.19,431.3 1 1
react-golang-starter/internal/handlers/feature_flag_handlers.go:434.2,434.32 1 1
react-golang-starter/internal/handlers/feature_flag_handlers.go:434.32,435.42 1 1
react-golang-starter/internal/handlers/feature_flag_handlers.go:435.42,436.24 1 1
react-golang-starter/internal/handlers/feature_flag_handlers.go:436.24,438.5 1 1
react-golang-starter/internal/handlers/feature_flag_handlers.go:443.2,443.35 1 1
react-golang-starter/internal/handlers/feature_flag_handlers.go:443.35,445.3 1 1
react-golang-starter/internal/handlers/feature_flag_handlers.go:446.2,446.33 1 1
react-golang-starter/internal/handlers/feature_flag_handlers.go:446.33,448.3 1 1
react-golang-starter/internal/handlers/feature_flag_handlers.go:451.2,456.54 5 1
react-golang-starter/internal/handlers/feature_flag_handlers.go:460.68,469.42 4 0
react-golang-starter/internal/handlers/feature_flag_handlers.go:469.42,473.41 2 0
react-golang-starter/internal/handlers/feature_flag_handlers.go:473.41,476.4 2 0
react-golang-starter/internal/handlers/feature_flag_handlers.go:480.2,486.32 3 0
react-golang-starter/internal/handlers/feature_flag_handlers.go:486.32,487.28 1 0
react-golang-starter/internal/handlers/feature_flag_handlers.go:487.28,489.41 2 0
react-golang-starter/internal/handlers/feature_flag_handlers.go:489.41,492.5 2 0
react-golang-starter/internal/handlers/feature_flag_handlers.go:496.2,496.22 1 0
react-golang-starter/internal/handlers/feature_flag_handlers.go:505.32,513.64 2 1
react-golang-starter/internal/handlers/feature_flag_handlers.go:513.64,516.3 2 1
react-golang-starter/internal/handlers/feature_flag_handlers.go:519.2,519.86 1 1
react-golang-starter/internal/handlers/feature_flag_handlers.go:519.86,524.3 4 1
react-golang-starter/internal/handlers/feature_flag_handlers.go:527.2,528.15 2 1
react-golang-starter/internal/handlers/file_handlers.go:42.46,47.2 3 1
react-golang-starter/internal/handlers/file_handlers.go:55.69,59.2 1 0
react-golang-starter/internal/handlers/file_handlers.go:72.75,75.16 2 0
react-golang-starter/internal/handlers/file_handlers.go:75.16,84.3 4 0
react-golang-starter/internal/handlers/file_handlers.go:86.2,87.16 2 0
react-golang-starter/internal/handlers/file_handlers.go:87.16,96.3 4 0
react-golang-starter/internal/handlers/file_handlers.go:97.2,100.26 2 0
react-golang-starter/internal/handlers/file_handlers.go:100.26,109.3 4 0
react-golang-starter/internal/handlers/file_handlers.go:113.2,115.33 3 0
react-golang-starter/internal/handlers/file_handlers.go:115.33,124.3 4 0
react-golang-starter/internal/handlers/file_handlers.go:127.2,130.54 2 0
react-golang-starter/internal/handlers/file_handlers.go:130.54,139.3 4 0
react-golang-starter/internal/handlers/file_handlers.go:142.2,143.23 2 0
react-golang-starter/internal/handlers/file_handlers.go:143.23,145.3 1 0
react-golang-starter/internal/handlers/file_handlers.go:148.2,148.38 1 0
react-golang-starter/internal/handlers/file_handlers.go:148.38,157.3 4 0
react-golang-starter/internal/handlers/file_handlers.go:160.2,161.63 2 0
react-golang-starter/internal/handlers/file_handlers.go:161.63,163.3 1 0
react-golang-starter/internal/handlers/file_handlers.go:164.2,168.16 3 0
react-golang-starter/internal/handlers/file_handlers.go:168.16,177.3 4 0
react-golang-starter/internal/handlers/file_handlers.go:179.2,186.37 3 0
react-golang-starter/internal/handlers/file_handlers.go:200.77,203.16 3 0
react-golang-starter/internal/handlers/file_handlers.go:203.16,212.3 4 0
react-golang-starter/internal/handlers/file_handlers.go:215.2,221.16 5 0
react-golang-starter/internal/handlers/file_handlers.go:221.16,222.47 1 0
react-golang-starter/internal/handlers/file_handlers.go:222.47,231.4 4 0
react-golang-starter/internal/handlers/file_handlers.go:232.3,239.9 4 0
react-golang-starter/internal/handlers/file_handlers.go:243.2,244.16 2 0
react-golang-starter/internal/handlers/file_handlers.go:244.16,246.46 1 0
react-golang-starter/internal/handlers/file_handlers.go:246.46,248.21 2 0
react-golang-starter/internal/handlers/file_handlers.go:248.21,257.5 4 0
react-golang-starter/internal/handlers/file_handlers.go:258.4,259.10 2 0
react-golang-starter/internal/handlers/file_handlers.go:261.3,268.9 4 0
react-golang-starter/internal/handlers/file_handlers.go:272.2,278.44 5 0
react-golang-starter/internal/handlers/file_handlers.go:278.44,287.3 4 0
react-golang-starter/internal/handlers/file_handlers.go:301.76,304.16 3 0
react-golang-starter/internal/handlers/file_handlers.go:304.16,313.3 4 0
react-golang-starter/internal/handlers/file_handlers.go:316.2,321.16 5 0
react-golang-starter/internal/handlers/file_handlers.go:321.16,322.47 1 0
react-golang-starter/internal/handlers/file_handlers.go:322.47,331.4 4 0
react-golang-starter/internal/handlers/file_handlers.go:332.3,339.9 4 0
react-golang-starter/internal/handlers/file_handlers.go:342.2,349.37 3 0
react-golang-starter/internal/handlers/file_handlers.go:363.75,366.16 3 0
react-golang-starter/internal/handlers/file_handlers.go:366.16,375.3 4 0
react-golang-starter/internal/handlers/file_handlers.go:378.2,384.16 5 0
react-golang-starter/internal/handlers/file_handlers.go:384.16,385.47 1 0
react-golang-starter/internal/handlers/file_handlers.go:385.47,394.4 4 0
react-golang-starter/internal/handlers/file_handlers.go:395.3,402.9 4 0
react-golang-starter/internal/handlers/file_handlers.go:405.2,406.16 2 0
react-golang-starter/internal/handlers/file_handlers.go:406.16,415.3 4 0
react-golang-starter/internal/handlers/file_handlers.go:417.2,424.37 3 0
react-golang-starter/internal/handlers/file_handlers.go:438.75,441.16 3 0
react-golang-starter/internal/handlers/file_handlers.go:441.16,450.3 4 0
react-golang-starter/internal/handlers/file_handlers.go:453.2,459.16 5 0
react-golang-starter/internal/handlers/file_handlers.go:459.16,460.47 1 0
react-golang-starter/internal/handlers/file_handlers.go:460.47,469.4 4 0
react-golang-starter/internal/handlers/file_handlers.go:470.3,477.9 4 0
react-golang-starter/internal/handlers/file_handlers.go:480.2,481.16 2 0
react-golang-starter/internal/handlers/file_handlers.go:481.16,490.3 4 0
react-golang-starter/internal/handlers/file_handlers.go:492.2,499.37 3 0
react-golang-starter/internal/handlers/file_handlers.go:512.74,519.20 5 0
react-golang-starter/internal/handlers/file_handlers.go:519.20,520.72 1 0
react-golang-starter/internal/handlers/file_handlers.go:520.72,522.4 1 0
react-golang-starter/internal/handlers/file_handlers.go:525.2,525.21 1 0
react-golang-starter/internal/handlers/file_handlers.go:525.21,526.62 1 0
react-golang-starter/internal/handlers/file_handlers.go:526.62,528.4 1 0
react-golang-starter/internal/handlers/file_handlers.go:532.2,537.16 5 0
react-golang-starter/internal/handlers/file_handlers.go:537.16,546.3 4 0
react-golang-starter/internal/handlers/file_handlers.go:548.2,549.29 2 0
react-golang-starter/internal/handlers/file_handlers.go:549.29,551.3 1 0
react-golang-starter/internal/handlers/file_handlers.go:553.2,560.37 3 0
react-golang-starter/internal/handlers/file_handlers.go:570.81,584.2 4 0
react-golang-starter/internal/handlers/handlers.go:95.42,97.2 1 1
react-golang-starter/internal/handlers/handlers.go:100.83,101.26 1 1
react-golang-starter/internal/handlers/handlers.go:101.26,103.3 1 1
react-golang-starter/internal/handlers/handlers.go:105.2,107.16 3 0
react-golang-starter/internal/handlers/handlers.go:107.16,109.3 1 0
react-golang-starter/internal/handlers/handlers.go:110.2,110.28 1 0
react-golang-starter/internal/handlers/handlers.go:114.85,115.26 1 1
react-golang-starter/internal/handlers/handlers.go:115.26,117.3 1 1
react-golang-starter/internal/handlers/handlers.go:119.2,119.96 1 0
react-golang-starter/internal/handlers/handlers.go:119.96,121.3 1 0
react-golang-starter/internal/handlers/handlers.go:125.60,126.26 1 1
react-golang-starter/internal/handlers/handlers.go:126.26,128.3 1 1
react-golang-starter/internal/handlers/handlers.go:129.2,129.67 1 0
react-golang-starter/internal/handlers/handlers.go:129.67,131.3 1 0
react-golang-starter/internal/handlers/handlers.go:149.28,151.2 1 1
react-golang-starter/internal/handlers/handlers.go:154.39,156.18 2 1
react-golang-starter/internal/handlers/handlers.go:156.18,158.3 1 1
react-golang-starter/internal/handlers/handlers.go:159.2,160.46 2 1
react-golang-starter/internal/handlers/handlers.go:160.46,163.3 2 1
react-golang-starter/internal/handlers/handlers.go:164.2,164.76 1 1
react-golang-starter/internal/handlers/handlers.go:168.45,174.14 5 1
react-golang-starter/internal/handlers/handlers.go:174.14,176.3 1 1
react-golang-starter/internal/handlers/handlers.go:177.2,177.15 1 1
react-golang-starter/internal/handlers/handlers.go:177.15,179.3 1 1
react-golang-starter/internal/handlers/handlers.go:180.2,180.17 1 1
react-golang-starter/internal/handlers/handlers.go:180.17,182.3 1 1
react-golang-starter/internal/handlers/handlers.go:183.2,183.36 1 1
react-golang-starter/internal/handlers/handlers.go:196.71,210.24 6 0
react-golang-starter/internal/handlers/handlers.go:210.24,217.3 2 0
react-golang-starter/internal/handlers/handlers.go:220.2,220.34 1 0
react-golang-starter/internal/handlers/handlers.go:220.34,221.33 1 0
react-golang-starter/internal/handlers/handlers.go:221.33,224.9 3 0
react-golang-starter/internal/handlers/handlers.go:227.3,227.62 1 0
react-golang-starter/internal/handlers/handlers.go:227.62,229.4 1 0
react-golang-starter/internal/handlers/handlers.go:233.2,252.13 5 0
react-golang-starter/internal/handlers/handlers.go:252.13,266.3 3 0
react-golang-starter/internal/handlers/handlers.go:269.2,269.43 1 0
react-golang-starter/internal/handlers/handlers.go:269.43,271.3 1 0
react-golang-starter/internal/handlers/handlers.go:273.2,273.42 1 0
react-golang-starter/internal/handlers/handlers.go:286.74,298.24 5 0
react-golang-starter/internal/handlers/handlers.go:298.24,302.3 3 0
react-golang-starter/internal/handlers/handlers.go:302.8,304.17 2 0
react-golang-starter/internal/handlers/handlers.go:304.17,308.4 3 0
react-golang-starter/internal/handlers/handlers.go:308.9,308.55 1 0
react-golang-starter/internal/handlers/handlers.go:308.55,312.4 3 0
react-golang-starter/internal/handlers/handlers.go:316.2,316.25 1 0
react-golang-starter/internal/handlers/handlers.go:316.25,318.27 2 0
react-golang-starter/internal/handlers/handlers.go:318.27,319.50 1 0
react-golang-starter/internal/handlers/handlers.go:319.50,321.40 2 0
react-golang-starter/internal/handlers/handlers.go:321.40,323.6 1 0
react-golang-starter/internal/handlers/handlers.go:326.8,328.3 1 0
react-golang-starter/internal/handlers/handlers.go:330.2,330.36 1 0
react-golang-starter/internal/handlers/handlers.go:376.34,377.54 1 1
react-golang-starter/internal/handlers/handlers.go:377.54,385.20 5 1
react-golang-starter/internal/handlers/handlers.go:385.20,386.60 1 1
react-golang-starter/internal/handlers/handlers.go:386.60,388.5 1 0
react-golang-starter/internal/handlers/handlers.go:388.10,391.5 2 1
react-golang-starter/internal/handlers/handlers.go:394.3,394.21 1 1
react-golang-starter/internal/handlers/handlers.go:394.21,395.73 1 1
react-golang-starter/internal/handlers/handlers.go:395.73,397.5 1 0
react-golang-starter/internal/handlers/handlers.go:397.10,400.5 2 1
react-golang-starter/internal/handlers/handlers.go:404.3,405.104 2 0
react-golang-starter/internal/handlers/handlers.go:405.104,408.4 2 0
react-golang-starter/internal/handlers/handlers.go:411.3,416.109 4 0
react-golang-starter/internal/handlers/handlers.go:416.109,419.4 2 0
react-golang-starter/internal/handlers/handlers.go:422.3,423.30 2 0
react-golang-starter/internal/handlers/handlers.go:423.30,425.4 1 0
react-golang-starter/internal/handlers/handlers.go:427.3,436.65 2 0
react-golang-starter/internal/handlers/handlers.go:476.33,477.54 1 1
react-golang-starter/internal/handlers/handlers.go:477.54,480.17 3 1
react-golang-starter/internal/handlers/handlers.go:480.17,483.4 2 1
react-golang-starter/internal/handlers/handlers.go:486.3,487.10 2 1
react-golang-starter/internal/handlers/handlers.go:487.10,490.4 2 1
react-golang-starter/internal/handlers/handlers.go:493.3,494.49 2 0
react-golang-starter/internal/handlers/handlers.go:494.49,497.4 2 0
react-golang-starter/internal/handlers/handlers.go:500.3,500.75 1 0
react-golang-starter/internal/handlers/handlers.go:500.75,504.4 3 0
react-golang-starter/internal/handlers/handlers.go:506.3,507.89 2 0
react-golang-starter/internal/handlers/handlers.go:507.89,510.4 2 0
react-golang-starter/internal/handlers/handlers.go:512.3,518.63 4 0
react-golang-starter/internal/handlers/handlers.go:563.36,564.54 1 1
react-golang-starter/internal/handlers/handlers.go:564.54,567.62 2 1
react-golang-starter/internal/handlers/handlers.go:567.62,570.4 2 1
react-golang-starter/internal/handlers/handlers.go:573.3,573.55 1 1
react-golang-starter/internal/handlers/handlers.go:573.55,576.4 2 1
react-golang-starter/internal/handlers/handlers.go:579.3,579.61 1 1
react-golang-starter/internal/handlers/handlers.go:579.61,582.4 2 1
react-golang-starter/internal/handlers/handlers.go:585.3,586.119 2 0
react-golang-starter/internal/handlers/handlers.go:586.119,589.4 2 0
react-golang-starter/internal/handlers/handlers.go:592.3,593.17 2 0
react-golang-starter/internal/handlers/handlers.go:593.17,596.4 2 0
react-golang-starter/internal/handlers/handlers.go:599.3,600.17 2 0
react-golang-starter/internal/handlers/handlers.go:600.17,603.4 2 0
react-golang-starter/internal/handlers/handlers.go:606.3,618.82 2 0
react-golang-starter/internal/handlers/handlers.go:618.82,621.4 2 0
react-golang-starter/internal/handlers/handlers.go:623.3,628.5 2 0
react-golang-starter/internal/handlers/handlers.go:675.36,676.54 1 1
react-golang-starter/internal/handlers/handlers.go:676.54,679.17 3 1
react-golang-starter/internal/handlers/handlers.go:679.17,682.4 2 1
react-golang-starter/internal/handlers/handlers.go:685.3,686.10 2 1
react-golang-starter/internal/handlers/handlers.go:686.10,689.4 2 1
react-golang-starter/internal/handlers/handlers.go:691.3,692.89 2 0
react-golang-starter/internal/handlers/handlers.go:692.89,695.4 2 0
react-golang-starter/internal/handlers/handlers.go:698.3,699.49 2 0
react-golang-starter/internal/handlers/handlers.go:699.49,702.4 2 0
react-golang-starter/internal/handlers/handlers.go:704.3,709.69 2 0
react-golang-starter/internal/handlers/handlers.go:709.69,712.4 2 0
react-golang-starter/internal/handlers/handlers.go:715.3,715.29 1 0
react-golang-starter/internal/handlers/handlers.go:715.29,716.63 1 0
react-golang-starter/internal/handlers/handlers.go:716.63,719.5 2 0
react-golang-starter/internal/handlers/handlers.go:722.4,723.147 2 0
react-golang-starter/internal/handlers/handlers.go:723.147,726.5 2 0
react-golang-starter/internal/handlers/handlers.go:728.4,728.33 1 0
react-golang-starter/internal/handlers/handlers.go:731.3,731.28 1 0
react-golang-starter/internal/handlers/handlers.go:731.28,734.29 2 0
react-golang-starter/internal/handlers/handlers.go:734.29,737.5 2 0
react-golang-starter/internal/handlers/handlers.go:738.4,738.34 1 0
react-golang-starter/internal/handlers/handlers.go:738.34,741.5 2 0
react-golang-starter/internal/handlers/handlers.go:742.4,742.27 1 0
react-golang-starter/internal/handlers/handlers.go:745.3,747.80 2 0
react-golang-starter/internal/handlers/handlers.go:747.80,750.4 2 0
react-golang-starter/internal/handlers/handlers.go:753.3,756.61 3 0
react-golang-starter/internal/handlers/handlers.go:783.36,784.54 1 1
react-golang-starter/internal/handlers/handlers.go:784.54,787.17 3 1
react-golang-starter/internal/handlers/handlers.go:787.17,790.4 2 1
react-golang-starter/internal/handlers/handlers.go:793.3,794.10 2 1
react-golang-starter/internal/handlers/handlers.go:794.10,797.4 2 1
react-golang-starter/internal/handlers/handlers.go:800.3,801.89 2 0
react-golang-starter/internal/handlers/handlers.go:801.89,804.4 2 0
react-golang-starter/internal/handlers/handlers.go:807.3,808.49 2 0
react-golang-starter/internal/handlers/handlers.go:808.49,811.4 2 0
react-golang-starter/internal/handlers/handlers.go:813.3,813.99 1 0
react-golang-starter/internal/handlers/handlers.go:813.99,816.4 2 0
react-golang-starter/internal/handlers/handlers.go:819.3,821.38 2 0
react-golang-starter/internal/handlers/handlers.go:841.40,842.54 1 1
react-golang-starter/internal/handlers/handlers.go:842.54,845.17 3 1
react-golang-starter/internal/handlers/handlers.go:845.17,848.4 2 1
react-golang-starter/internal/handlers/handlers.go:850.3,851.62 2 1
react-golang-starter/internal/handlers/handlers.go:851.62,854.4 2 1
react-golang-starter/internal/handlers/handlers.go:857.3,863.28 2 1
react-golang-starter/internal/handlers/handlers.go:863.28,866.4 2 1
react-golang-starter/internal/handlers/handlers.go:869.3,870.89 2 0
react-golang-starter/internal/handlers/handlers.go:870.89,873.4 2 0
react-golang-starter/internal/handlers/handlers.go:876.3,877.43 2 0
react-golang-starter/internal/handlers/handlers.go:877.43,880.4 2 0
react-golang-starter/internal/handlers/handlers.go:882.3,885.80 3 0
react-golang-starter/internal/handlers/handlers.go:885.80,888.4 2 0
react-golang-starter/internal/handlers/handlers.go:891.3,894.66 3 0
react-golang-starter/internal/handlers/handlers.go:909.64,920.2 1 1
react-golang-starter/internal/handlers/handlers.go:934.40,935.54 1 1
react-golang-starter/internal/handlers/handlers.go:935.54,937.10 2 1
react-golang-starter/internal/handlers/handlers.go:937.10,940.4 2 1
react-golang-starter/internal/handlers/handlers.go:942.3,943.71 2 1
react-golang-starter/internal/handlers/handlers.go:962.43,963.54 1 1
react-golang-starter/internal/handlers/handlers.go:963.54,965.10 2 1
react-golang-starter/internal/handlers/handlers.go:965.10,968.4 2 1
react-golang-starter/internal/handlers/handlers.go:970.3,971.62 2 1
react-golang-starter/internal/handlers/handlers.go:971.62,974.4 2 1
react-golang-starter/internal/handlers/handlers.go:977.3,977.56 1 0
react-golang-starter/internal/handlers/handlers.go:977.56,978.56 1 0
react-golang-starter/internal/handlers/handlers.go:978.56,981.5 2 0
react-golang-starter/internal/handlers/handlers.go:984.4,985.148 2 0
react-golang-starter/internal/handlers/handlers.go:985.148,988.5 2 0
react-golang-starter/internal/handlers/handlers.go:992.3,992.21 1 0
react-golang-starter/internal/handlers/handlers.go:992.21,994.4 1 0
react-golang-starter/internal/handlers/handlers.go:995.3,995.22 1 0
react-golang-starter/internal/handlers/handlers.go:995.22,997.4 1 0
react-golang-starter/internal/handlers/handlers.go:998.3,1000.87 2 0
react-golang-starter/internal/handlers/handlers.go:1000.87,1003.4 2 0
react-golang-starter/internal/handlers/handlers.go:1006.3,1009.69 3 0
react-golang-starter/internal/handlers/notification_handlers.go:30.63,33.24 3 1
react-golang-starter/internal/handlers/notification_handlers.go:33.24,36.3 2 1
react-golang-starter/internal/handlers/notification_handlers.go:39.2,40.45 2 0
react-golang-starter/internal/handlers/notification_handlers.go:40.45,41.63 1 0
react-golang-starter/internal/handlers/notification_handlers.go:41.63,43.4 1 0
react-golang-starter/internal/handlers/notification_handlers.go:46.2,47.51 2 0
react-golang-starter/internal/handlers/notification_handlers.go:47.51,48.81 1 0
react-golang-starter/internal/handlers/notification_handlers.go:48.81,50.4 1 0
react-golang-starter/internal/handlers/notification_handlers.go:53.2,57.16 3 0
react-golang-starter/internal/handlers/notification_handlers.go:57.16,59.3 1 0
react-golang-starter/internal/handlers/notification_handlers.go:62.2,63.50 2 0
react-golang-starter/internal/handlers/notification_handlers.go:63.50,67.3 3 0
react-golang-starter/internal/handlers/notification_handlers.go:70.2,73.36 2 0
react-golang-starter/internal/handlers/notification_handlers.go:73.36,75.3 1 0
react-golang-starter/internal/handlers/notification_handlers.go:78.2,80.112 3 0
react-golang-starter/internal/handlers/notification_handlers.go:80.112,84.3 3 0
react-golang-starter/internal/handlers/notification_handlers.go:87.2,88.34 2 0
react-golang-starter/internal/handlers/notification_handlers.go:88.34,99.3 1 0
react-golang-starter/internal/handlers/notification_handlers.go:101.2,107.4 1 0
react-golang-starter/internal/handlers/notification_handlers.go:120.67,123.24 3 1
react-golang-starter/internal/handlers/notification_handlers.go:123.24,126.3 2 1
react-golang-starter/internal/handlers/notification_handlers.go:128.2,129.16 2 1
react-golang-starter/internal/handlers/notification_handlers.go:129.16,132.3 2 1
react-golang-starter/internal/handlers/notification_handlers.go:134.2,142.25 3 0
react-golang-starter/internal/handlers/notification_handlers.go:142.25,146.3 3 0
react-golang-starter/internal/handlers/notification_handlers.go:148.2,148.30 1 0
react-golang-starter/internal/handlers/notification_handlers.go:148.30,151.3 2 0
react-golang-starter/internal/handlers/notification_handlers.go:153.2,153.97 1 0
react-golang-starter/internal/handlers/notification_handlers.go:164.71,167.24 3 1
react-golang-starter/internal/handlers/notification_handlers.go:167.24,170.3 2 1
react-golang-starter/internal/handlers/notification_handlers.go:172.2,180.25 3 0
react-golang-starter/internal/handlers/notification_handlers.go:180.25,184.3 3 0
react-golang-starter/internal/handlers/notification_handlers.go:186.2,188.4 1 0
react-golang-starter/internal/handlers/notification_handlers.go:201.65,204.24 3 1
react-golang-starter/internal/handlers/notification_handlers.go:204.24,207.3 2 1
react-golang-starter/internal/handlers/notification_handlers.go:209.2,210.16 2 1
react-golang-starter/internal/handlers/notification_handlers.go:210.16,213.3 2 1
react-golang-starter/internal/handlers/notification_handlers.go:215.2,219.25 2 0
react-golang-starter/internal/handlers/notification_handlers.go:219.25,223.3 3 0
react-golang-starter/internal/handlers/notification_handlers.go:225.2,225.30 1 0
react-golang-starter/internal/handlers/notification_handlers.go:225.30,228.3 2 0
react-golang-starter/internal/handlers/notification_handlers.go:230.2,230.90 1 0
react-golang-starter/internal/handlers/notification_handlers.go:254.65,258.61 3 1
react-golang-starter/internal/handlers/notification_handlers.go:258.61,261.3 2 1
react-golang-starter/internal/handlers/notification_handlers.go:263.2,263.21 1 1
react-golang-starter/internal/handlers/notification_handlers.go:263.21,266.3 2 1
react-golang-starter/internal/handlers/notification_handlers.go:268.2,276.81 2 0
react-golang-starter/internal/handlers/notification_handlers.go:276.81,280.3 3 0
react-golang-starter/internal/handlers/notification_handlers.go:282.2,291.4 1 0
react-golang-starter/internal/handlers/notification_handlers.go:295.98,304.2 2 0
react-golang-starter/internal/handlers/org_handlers.go:23.65,25.2 1 1
react-golang-starter/internal/handlers/org_handlers.go:89.80,91.24 2 1
react-golang-starter/internal/handlers/org_handlers.go:91.24,94.3 2 1
react-golang-starter/internal/handlers/org_handlers.go:97.2,98.16 2 0
react-golang-starter/internal/handlers/org_handlers.go:98.16,101.3 2 0
react-golang-starter/internal/handlers/org_handlers.go:104.2,105.36 2 0
react-golang-starter/internal/handlers/org_handlers.go:105.36,114.3 1 0
react-golang-starter/internal/handlers/org_handlers.go:116.2,116.84 1 0
react-golang-starter/internal/handlers/org_handlers.go:130.81,132.24 2 1
react-golang-starter/internal/handlers/org_handlers.go:132.24,135.3 2 1
react-golang-starter/internal/handlers/org_handlers.go:137.2,138.61 2 1
react-golang-starter/internal/handlers/org_handlers.go:138.61,141.3 2 1
react-golang-starter/internal/handlers/org_handlers.go:143.2,144.16 2 0
react-golang-starter/internal/handlers/org_handlers.go:144.16,145.10 1 0
react-golang-starter/internal/handlers/org_handlers.go:146.48,147.99 1 0
react-golang-starter/internal/handlers/org_handlers.go:148.49,149.61 1 0
react-golang-starter/internal/handlers/org_handlers.go:150.11,151.61 1 0
react-golang-starter/internal/handlers/org_handlers.go:153.3,153.9 1 0
react-golang-starter/internal/handlers/org_handlers.go:156.2,165.89 2 0
react-golang-starter/internal/handlers/org_handlers.go:179.78,183.37 3 1
react-golang-starter/internal/handlers/org_handlers.go:183.37,186.3 2 1
react-golang-starter/internal/handlers/org_handlers.go:188.2,197.84 2 0
react-golang-starter/internal/handlers/org_handlers.go:212.81,216.37 3 1
react-golang-starter/internal/handlers/org_handlers.go:216.37,219.3 2 1
react-golang-starter/internal/handlers/org_handlers.go:221.2,222.61 2 1
react-golang-starter/internal/handlers/org_handlers.go:222.61,225.3 2 1
react-golang-starter/internal/handlers/org_handlers.go:227.2,227.84 1 0
react-golang-starter/internal/handlers/org_handlers.go:227.84,230.3 2 0
react-golang-starter/internal/handlers/org_handlers.go:232.2,241.84 2 0
react-golang-starter/internal/handlers/org_handlers.go:254.81,257.16 2 1
react-golang-starter/internal/handlers/org_handlers.go:257.16,260.3 2 1
react-golang-starter/internal/handlers/org_handlers.go:262.2,262.74 1 0
react-golang-starter/internal/handlers/org_handlers.go:262.74,265.3 2 0
react-golang-starter/internal/handlers/org_handlers.go:267.2,267.141 1 0
react-golang-starter/internal/handlers/org_handlers.go:280.74,283.16 2 1
react-golang-starter/internal/handlers/org_handlers.go:283.16,286.3 2 1
react-golang-starter/internal/handlers/org_handlers.go:288.2,289.16 2 0
react-golang-starter/internal/handlers/org_handlers.go:289.16,292.3 2 0
react-golang-starter/internal/handlers/org_handlers.go:294.2,295.28 2 0
react-golang-starter/internal/handlers/org_handlers.go:295.28,297.26 2 0
react-golang-starter/internal/handlers/org_handlers.go:297.26,300.4 2 0
react-golang-starter/internal/handlers/org_handlers.go:302.3,304.20 3 0
react-golang-starter/internal/handlers/org_handlers.go:304.20,307.4 2 0
react-golang-starter/internal/handlers/org_handlers.go:309.3,317.5 1 0
react-golang-starter/internal/handlers/org_handlers.go:320.2,320.84 1 0
react-golang-starter/internal/handlers/org_handlers.go:335.75,339.38 3 1
react-golang-starter/internal/handlers/org_handlers.go:339.38,342.3 2 1
react-golang-starter/internal/handlers/org_handlers.go:344.2,345.61 2 1
react-golang-starter/internal/handlers/org_handlers.go:345.61,348.3 2 1
react-golang-starter/internal/handlers/org_handlers.go:351.2,351.37 1 1
react-golang-starter/internal/handlers/org_handlers.go:351.37,354.3 2 1
react-golang-starter/internal/handlers/org_handlers.go:356.2,357.16 2 0
react-golang-starter/internal/handlers/org_handlers.go:357.16,358.10 1 0
react-golang-starter/internal/handlers/org_handlers.go:359.50,360.51 1 0
react-golang-starter/internal/handlers/org_handlers.go:361.57,362.70 1 0
react-golang-starter/internal/handlers/org_handlers.go:363.11,364.59 1 0
react-golang-starter/internal/handlers/org_handlers.go:366.3,366.9 1 0
react-golang-starter/internal/handlers/org_handlers.go:369.2,378.89 2 0
react-golang-starter/internal/handlers/org_handlers.go:394.79,399.59 4 1
react-golang-starter/internal/handlers/org_handlers.go:399.59,402.3 2 1
react-golang-starter/internal/handlers/org_handlers.go:404.2,406.16 3 0
react-golang-starter/internal/handlers/org_handlers.go:406.16,409.3 2 0
react-golang-starter/internal/handlers/org_handlers.go:411.2,412.61 2 0
react-golang-starter/internal/handlers/org_handlers.go:412.61,415.3 2 0
react-golang-starter/internal/handlers/org_handlers.go:418.2,418.79 1 0
react-golang-starter/internal/handlers/org_handlers.go:418.79,421.3 2 0
react-golang-starter/internal/handlers/org_handlers.go:423.2,424.16 2 0
react-golang-starter/internal/handlers/org_handlers.go:424.16,425.10 1 0
react-golang-starter/internal/handlers/org_handlers.go:426.46,427.43 1 0
react-golang-starter/internal/handlers/org_handlers.go:428.56,429.56 1 0
react-golang-starter/internal/handlers/org_handlers.go:430.50,431.70 1 0
react-golang-starter/internal/handlers/org_handlers.go:432.11,433.53 1 0
react-golang-starter/internal/handlers/org_handlers.go:435.3,435.9 1 0
react-golang-starter/internal/handlers/org_handlers.go:438.2,438.133 1 0
react-golang-starter/internal/handlers/org_handlers.go:453.75,456.16 2 1
react-golang-starter/internal/handlers/org_handlers.go:456.16,459.3 2 1
react-golang-starter/internal/handlers/org_handlers.go:461.2,463.16 3 0
react-golang-starter/internal/handlers/org_handlers.go:463.16,466.3 2 0
react-golang-starter/internal/handlers/org_handlers.go:468.2,469.16 2 0
react-golang-starter/internal/handlers/org_handlers.go:469.16,470.10 1 0
react-golang-starter/internal/handlers/org_handlers.go:471.46,472.43 1 0
react-golang-starter/internal/handlers/org_handlers.go:473.54,474.57 1 0
react-golang-starter/internal/handlers/org_handlers.go:475.11,476.55 1 0
react-golang-starter/internal/handlers/org_handlers.go:478.3,478.9 1 0
react-golang-starter/internal/handlers/org_handlers.go:481.2,481.135 1 0
react-golang-starter/internal/handlers/org_handlers.go:494.78,497.16 2 1
react-golang-starter/internal/handlers/org_handlers.go:497.16,500.3 2 1
react-golang-starter/internal/handlers/org_handlers.go:502.2,503.16 2 0
react-golang-starter/internal/handlers/org_handlers.go:503.16,506.3 2 0
react-golang-starter/internal/handlers/org_handlers.go:508.2,509.34 2 0
react-golang-starter/internal/handlers/org_handlers.go:509.34,511.31 2 0
react-golang-starter/internal/handlers/org_handlers.go:511.31,513.4 1 0
react-golang-starter/internal/handlers/org_handlers.go:514.3,521.5 1 0
react-golang-starter/internal/handlers/org_handlers.go:524.2,524.84 1 0
react-golang-starter/internal/handlers/org_handlers.go:539.79,542.16 2 1
react-golang-starter/internal/handlers/org_handlers.go:542.16,545.3 2 1
react-golang-starter/internal/handlers/org_handlers.go:547.2,549.16 3 0
react-golang-starter/internal/handlers/org_handlers.go:549.16,552.3 2 0
react-golang-starter/internal/handlers/org_handlers.go:554.2,555.16 2 0
react-golang-starter/internal/handlers/org_handlers.go:555.16,556.53 1 0
react-golang-starter/internal/handlers/org_handlers.go:556.53,559.4 2 0
react-golang-starter/internal/handlers/org_handlers.go:560.3,561.9 2 0
react-golang-starter/internal/handlers/org_handlers.go:564.2,564.141 1 0
react-golang-starter/internal/handlers/org_handlers.go:578.79,580.24 2 1
react-golang-starter/internal/handlers/org_handlers.go:580.24,583.3 2 1
react-golang-starter/internal/handlers/org_handlers.go:585.2,586.17 2 1
react-golang-starter/internal/handlers/org_handlers.go:586.17,589.3 2 1
react-golang-starter/internal/handlers/org_handlers.go:591.2,592.16 2 0
react-golang-starter/internal/handlers/org_handlers.go:592.16,593.10 1 0
react-golang-starter/internal/handlers/org_handlers.go:594.55,595.47 1 0
react-golang-starter/internal/handlers/org_handlers.go:596.54,597.51 1 0
react-golang-starter/internal/handlers/org_handlers.go:598.55,599.65 1 0
react-golang-starter/internal/handlers/org_handlers.go:600.50,601.72 1 0
react-golang-starter/internal/handlers/org_handlers.go:602.11,603.59 1 0
react-golang-starter/internal/handlers/org_handlers.go:605.3,605.9 1 0
react-golang-starter/internal/handlers/org_handlers.go:609.2,610.30 2 0
react-golang-starter/internal/handlers/org_handlers.go:610.30,621.3 3 0
react-golang-starter/internal/handlers/org_handlers.go:623.2,623.140 1 0
react-golang-starter/internal/handlers/org_handlers.go:637.80,642.59 4 1
react-golang-starter/internal/handlers/org_handlers.go:642.59,645.3 2 1
react-golang-starter/internal/handlers/org_handlers.go:647.2,647.44 1 1
react-golang-starter/internal/handlers/org_handlers.go:647.44,650.3 2 1
react-golang-starter/internal/handlers/org_handlers.go:652.2,653.16 2 0
react-golang-starter/internal/handlers/org_handlers.go:653.16,656.3 2 0
react-golang-starter/internal/handlers/org_handlers.go:658.2,658.138 1 0
react-golang-starter/internal/handlers/org_handlers.go:687.85,690.16 2 0
react-golang-starter/internal/handlers/org_handlers.go:690.16,693.3 2 0
react-golang-starter/internal/handlers/org_handlers.go:696.2,697.16 2 0
react-golang-starter/internal/handlers/org_handlers.go:697.16,700.3 2 0
react-golang-starter/internal/handlers/org_handlers.go:702.2,712.30 3 0
react-golang-starter/internal/handlers/org_handlers.go:712.30,715.3 2 0
react-golang-starter/internal/handlers/org_handlers.go:717.2,717.84 1 0
react-golang-starter/internal/handlers/org_handlers.go:733.89,737.38 3 0
react-golang-starter/internal/handlers/org_handlers.go:737.38,740.3 2 0
react-golang-starter/internal/handlers/org_handlers.go:742.2,743.24 2 0
react-golang-starter/internal/handlers/org_handlers.go:743.24,746.3 2 0
react-golang-starter/internal/handlers/org_handlers.go:748.2,749.61 2 0
react-golang-starter/internal/handlers/org_handlers.go:749.61,752.3 2 0
react-golang-starter/internal/handlers/org_handlers.go:754.2,754.23 1 0
react-golang-starter/internal/handlers/org_handlers.go:754.23,757.3 2 0
react-golang-starter/internal/handlers/org_handlers.go:760.2,761.64 2 0
react-golang-starter/internal/handlers/org_handlers.go:761.64,763.3 1 0
react-golang-starter/internal/handlers/org_handlers.go:763.8,766.17 2 0
react-golang-starter/internal/handlers/org_handlers.go:766.17,770.4 3 0
react-golang-starter/internal/handlers/org_handlers.go:771.3,774.101 2 0
react-golang-starter/internal/handlers/org_handlers.go:774.101,776.4 1 0
react-golang-starter/internal/handlers/org_handlers.go:780.2,784.16 3 0
react-golang-starter/internal/handlers/org_handlers.go:784.16,788.3 3 0
react-golang-starter/internal/handlers/org_handlers.go:790.2,793.5 1 0
react-golang-starter/internal/handlers/org_handlers.go:808.94,811.16 2 0
react-golang-starter/internal/handlers/org_handlers.go:811.16,814.3 2 0
react-golang-starter/internal/handlers/org_handlers.go:816.2,817.24 2 0
react-golang-starter/internal/handlers/org_handlers.go:817.24,820.3 2 0
react-golang-starter/internal/handlers/org_handlers.go:822.2,822.64 1 0
react-golang-starter/internal/handlers/org_handlers.go:822.64,825.3 2 0
react-golang-starter/internal/handlers/org_handlers.go:828.2,832.16 3 0
react-golang-starter/internal/handlers/org_handlers.go:832.16,836.3 3 0
react-golang-starter/internal/handlers/org_handlers.go:838.2,840.5 1 0
react-golang-starter/internal/handlers/pagination.go:24.50,26.2 1 1
react-golang-starter/internal/handlers/pagination.go:29.90,31.14 2 1
react-golang-starter/internal/handlers/pagination.go:31.14,33.3 1 1
react-golang-starter/internal/handlers/pagination.go:35.2,36.35 2 1
react-golang-starter/internal/handlers/pagination.go:36.35,38.3 1 1
react-golang-starter/internal/handlers/pagination.go:40.2,46.3 2 1
react-golang-starter/internal/handlers/response.go:28.73,30.2 1 1
react-golang-starter/internal/handlers/response.go:32.76,34.2 1 1
react-golang-starter/internal/handlers/response.go:36.102,38.2 1 1
react-golang-starter/internal/handlers/response.go:40.78,42.2 1 1
react-golang-starter/internal/handlers/response.go:44.80,46.2 1 1
react-golang-starter/internal/handlers/response.go:48.77,50.2 1 1
react-golang-starter/internal/handlers/response.go:52.76,54.2 1 1
react-golang-starter/internal/handlers/response.go:56.76,58.2 1 1
react-golang-starter/internal/handlers/response.go:60.81,62.2 1 1
react-golang-starter/internal/handlers/response.go:64.83,66.2 1 1
react-golang-starter/internal/handlers/response.go:68.63,70.2 1 1
react-golang-starter/internal/handlers/settings_handlers.go:29.40,31.2 1 0
react-golang-starter/internal/handlers/settings_handlers.go:43.61,45.16 2 0
react-golang-starter/internal/handlers/settings_handlers.go:45.16,48.3 2 0
react-golang-starter/internal/handlers/settings_handlers.go:51.2,52.29 2 0
react-golang-starter/internal/handlers/settings_handlers.go:52.29,54.3 1 0
react-golang-starter/internal/handlers/settings_handlers.go:56.2,57.38 2 0
react-golang-starter/internal/handlers/settings_handlers.go:69.68,71.20 2 1
react-golang-starter/internal/handlers/settings_handlers.go:71.20,74.3 2 1
react-golang-starter/internal/handlers/settings_handlers.go:76.2,77.16 2 0
react-golang-starter/internal/handlers/settings_handlers.go:77.16,80.3 2 0
react-golang-starter/internal/handlers/settings_handlers.go:82.2,83.29 2 0
react-golang-starter/internal/handlers/settings_handlers.go:83.29,85.3 1 0
react-golang-starter/internal/handlers/settings_handlers.go:87.2,88.38 2 0
react-golang-starter/internal/handlers/settings_handlers.go:102.60,104.15 2 1
react-golang-starter/internal/handlers/settings_handlers.go:104.15,107.3 2 1
react-golang-starter/internal/handlers/settings_handlers.go:109.2,110.61 2 1
react-golang-starter/internal/handlers/settings_handlers.go:110.61,113.3 2 1
react-golang-starter/internal/handlers/settings_handlers.go:115.2,115.92 1 0
react-golang-starter/internal/handlers/settings_handlers.go:115.92,118.3 2 0
react-golang-starter/internal/handlers/settings_handlers.go:120.2,124.4 2 0
react-golang-starter/internal/handlers/settings_handlers.go:137.63,139.16 2 0
react-golang-starter/internal/handlers/settings_handlers.go:139.16,142.3 2 0
react-golang-starter/internal/handlers/settings_handlers.go:144.2,145.37 2 0
react-golang-starter/internal/handlers/settings_handlers.go:158.66,160.66 2 1
react-golang-starter/internal/handlers/settings_handlers.go:160.66,163.3 2 1
react-golang-starter/internal/handlers/settings_handlers.go:165.2,165.84 1 0
react-golang-starter/internal/handlers/settings_handlers.go:165.84,168.3 2 0
react-golang-starter/internal/handlers/settings_handlers.go:170.2,174.4 2 0
react-golang-starter/internal/handlers/settings_handlers.go:188.64,190.26 1 1
react-golang-starter/internal/handlers/settings_handlers.go:190.26,193.3 2 1
react-golang-starter/internal/handlers/settings_handlers.go:196.2,197.61 2 0
react-golang-starter/internal/handlers/settings_handlers.go:197.61,200.3 2 0
react-golang-starter/internal/handlers/settings_handlers.go:203.2,204.26 2 0
react-golang-starter/internal/handlers/settings_handlers.go:204.26,207.48 2 0
react-golang-starter/internal/handlers/settings_handlers.go:207.48,209.4 1 0
react-golang-starter/internal/handlers/settings_handlers.go:209.9,212.4 2 0
react-golang-starter/internal/handlers/settings_handlers.go:216.2,227.16 2 0
react-golang-starter/internal/handlers/settings_handlers.go:227.16,231.3 3 0
react-golang-starter/internal/handlers/settings_handlers.go:233.2,239.4 3 0
react-golang-starter/internal/handlers/settings_handlers.go:252.66,254.16 2 0
react-golang-starter/internal/handlers/settings_handlers.go:254.16,257.3 2 0
react-golang-starter/internal/handlers/settings_handlers.go:259.2,260.37 2 0
react-golang-starter/internal/handlers/settings_handlers.go:273.69,275.66 2 1
react-golang-starter/internal/handlers/settings_handlers.go:275.66,278.3 2 1
react-golang-starter/internal/handlers/settings_handlers.go:280.2,280.87 1 0
react-golang-starter/internal/handlers/settings_handlers.go:280.87,283.3 2 0
react-golang-starter/internal/handlers/settings_handlers.go:285.2,289.4 2 0
react-golang-starter/internal/handlers/settings_handlers.go:302.62,304.16 2 0
react-golang-starter/internal/handlers/settings_handlers.go:304.16,307.3 2 0
react-golang-starter/internal/handlers/settings_handlers.go:309.2,310.37 2 0
react-golang-starter/internal/handlers/settings_handlers.go:323.65,325.66 2 1
react-golang-starter/internal/handlers/settings_handlers.go:325.66,328.3 2 1
react-golang-starter/internal/handlers/settings_handlers.go:330.2,330.83 1 0
react-golang-starter/internal/handlers/settings_handlers.go:330.83,333.3 2 0
react-golang-starter/internal/handlers/settings_handlers.go:335.2,339.4 2 0
react-golang-starter/internal/handlers/settings_handlers.go:352.61,354.16 2 0
react-golang-starter/internal/handlers/settings_handlers.go:354.16,357.3 2 0
react-golang-starter/internal/handlers/settings_handlers.go:359.2,360.27 2 0
react-golang-starter/internal/handlers/settings_handlers.go:360.27,371.25 2 0
react-golang-starter/internal/handlers/settings_handlers.go:371.25,373.4 1 0
react-golang-starter/internal/handlers/settings_handlers.go:376.2,377.38 2 0
react-golang-starter/internal/handlers/settings_handlers.go:390.54,392.61 2 1
react-golang-starter/internal/handlers/settings_handlers.go:392.61,395.3 2 1
react-golang-starter/internal/handlers/settings_handlers.go:397.2,397.25 1 1
react-golang-starter/internal/handlers/settings_handlers.go:397.25,400.3 2 1
react-golang-starter/internal/handlers/settings_handlers.go:403.2,406.16 3 0
react-golang-starter/internal/handlers/settings_handlers.go:406.16,409.3 2 0
react-golang-starter/internal/handlers/settings_handlers.go:411.2,424.37 4 0
react-golang-starter/internal/handlers/settings_handlers.go:438.56,441.16 3 1
react-golang-starter/internal/handlers/settings_handlers.go:441.16,444.3 2 1
react-golang-starter/internal/handlers/settings_handlers.go:446.2,446.73 1 0
react-golang-starter/internal/handlers/settings_handlers.go:446.73,447.50 1 0
react-golang-starter/internal/handlers/settings_handlers.go:447.50,450.4 2 0
react-golang-starter/internal/handlers/settings_handlers.go:451.3,452.9 2 0
react-golang-starter/internal/handlers/settings_handlers.go:455.2,459.4 2 0
react-golang-starter/internal/handlers/settings_handlers.go:472.63,474.16 2 0
react-golang-starter/internal/handlers/settings_handlers.go:474.16,477.3 2 0
react-golang-starter/internal/handlers/settings_handlers.go:479.2,480.34 2 0
react-golang-starter/internal/handlers/settings_handlers.go:480.34,482.3 1 0
react-golang-starter/internal/handlers/settings_handlers.go:484.2,485.38 2 0
react-golang-starter/internal/handlers/settings_handlers.go:493.69,498.46 3 0
react-golang-starter/internal/handlers/settings_handlers.go:498.46,501.3 2 0
react-golang-starter/internal/handlers/settings_handlers.go:503.2,504.16 2 0
react-golang-starter/internal/handlers/settings_handlers.go:504.16,507.3 2 0
react-golang-starter/internal/handlers/settings_handlers.go:509.2,510.34 2 0
react-golang-starter/internal/handlers/settings_handlers.go:510.34,512.3 1 0
react-golang-starter/internal/handlers/settings_handlers.go:515.2,518.38 3 0
react-golang-starter/internal/handlers/settings_handlers.go:531.65,533.61 2 1
react-golang-starter/internal/handlers/settings_handlers.go:533.61,536.3 2 1
react-golang-starter/internal/handlers/settings_handlers.go:538.2,538.42 1 1
react-golang-starter/internal/handlers/settings_handlers.go:538.42,541.3 2 1
react-golang-starter/internal/handlers/settings_handlers.go:543.2,545.16 3 0
react-golang-starter/internal/handlers/settings_handlers.go:545.16,548.3 2 0
react-golang-starter/internal/handlers/settings_handlers.go:551.2,551.44 1 0
react-golang-starter/internal/handlers/settings_handlers.go:551.44,553.3 1 0
react-golang-starter/internal/handlers/settings_handlers.go:555.2,557.54 3 0
react-golang-starter/internal/handlers/settings_handlers.go:561.94,564.16 2 0
react-golang-starter/internal/handlers/settings_handlers.go:564.16,569.3 2 0
react-golang-starter/internal/handlers/settings_handlers.go:571.2,571.21 1 0
react-golang-starter/internal/handlers/settings_handlers.go:571.21,576.3 2 0
react-golang-starter/internal/handlers/settings_handlers.go:578.2,585.29 3 0
react-golang-starter/internal/handlers/settings_handlers.go:585.29,597.17 2 0
react-golang-starter/internal/handlers/settings_handlers.go:597.17,602.12 2 0
react-golang-starter/internal/handlers/settings_handlers.go:604.3,604.13 1 0
react-golang-starter/internal/handlers/settings_handlers.go:608.2,608.18 1 0
react-golang-starter/internal/handlers/settings_handlers.go:608.18,609.89 1 0
react-golang-starter/internal/handlers/settings_handlers.go:609.89,613.4 1 0
react-golang-starter/internal/handlers/settings_handlers.go:616.2,620.36 1 0
react-golang-starter/internal/handlers/settings_handlers.go:635.65,638.16 3 1
react-golang-starter/internal/handlers/settings_handlers.go:638.16,641.3 2 1
react-golang-starter/internal/handlers/settings_handlers.go:643.2,644.61 2 1
react-golang-starter/internal/handlers/settings_handlers.go:644.61,647.3 2 1
react-golang-starter/internal/handlers/settings_handlers.go:649.2,650.16 2 0
react-golang-starter/internal/handlers/settings_handlers.go:650.16,651.55 1 0
react-golang-starter/internal/handlers/settings_handlers.go:651.55,654.4 2 0
react-golang-starter/internal/handlers/settings_handlers.go:655.3,656.9 2 0
react-golang-starter/internal/handlers/settings_handlers.go:659.2,660.54 2 0
react-golang-starter/internal/handlers/settings_handlers.go:674.65,677.16 3 1
react-golang-starter/internal/handlers/settings_handlers.go:677.16,680.3 2 1
react-golang-starter/internal/handlers/settings_handlers.go:682.2,682.82 1 0
react-golang-starter/internal/handlers/settings_handlers.go:682.82,683.55 1 0
react-golang-starter/internal/handlers/settings_handlers.go:683.55,686.4 2 0
react-golang-starter/internal/handlers/settings_handlers.go:687.3,688.9 2 0
react-golang-starter/internal/handlers/settings_handlers.go:691.2,695.4 2 0
react-golang-starter/internal/handlers/settings_handlers.go:707.66,710.16 3 1
react-golang-starter/internal/handlers/settings_handlers.go:710.16,713.3 2 1
react-golang-starter/internal/handlers/settings_handlers.go:715.2,716.17 2 1
react-golang-starter/internal/handlers/settings_handlers.go:716.17,719.3 2 1
react-golang-starter/internal/handlers/settings_handlers.go:721.2,721.103 1 0
react-golang-starter/internal/handlers/settings_handlers.go:721.103,724.3 2 0
react-golang-starter/internal/handlers/settings_handlers.go:726.2,730.4 2 0
react-golang-starter/internal/handlers/settings_handlers.go:741.59,745.45 3 0
react-golang-starter/internal/handlers/settings_handlers.go:745.45,746.63 1 0
react-golang-starter/internal/handlers/settings_handlers.go:746.63,748.4 1 0
react-golang-starter/internal/handlers/settings_handlers.go:750.2,750.46 1 0
react-golang-starter/internal/handlers/settings_handlers.go:750.46,751.79 1 0
react-golang-starter/internal/handlers/settings_handlers.go:751.79,753.4 1 0
react-golang-starter/internal/handlers/settings_handlers.go:756.2,759.16 3 0
react-golang-starter/internal/handlers/settings_handlers.go:759.16,762.3 2 0
react-golang-starter/internal/handlers/settings_handlers.go:765.2,767.38 3 0
react-golang-starter/internal/handlers/settings_handlers.go:777.74,779.17 2 1
react-golang-starter/internal/handlers/settings_handlers.go:779.17,782.3 2 1
react-golang-starter/internal/handlers/settings_handlers.go:784.2,787.16 3 0
react-golang-starter/internal/handlers/settings_handlers.go:787.16,790.3 2 0
react-golang-starter/internal/handlers/settings_handlers.go:792.2,793.34 2 0
react-golang-starter/internal/handlers/settings_handlers.go:793.34,795.3 1 0
react-golang-starter/internal/handlers/settings_handlers.go:798.2,801.38 3 0
react-golang-starter/internal/handlers/settings_handlers.go:813.67,816.16 3 1
react-golang-starter/internal/handlers/settings_handlers.go:816.16,819.3 2 1
react-golang-starter/internal/handlers/settings_handlers.go:821.2,822.17 2 1
react-golang-starter/internal/handlers/settings_handlers.go:822.17,825.3 2 1
react-golang-starter/internal/handlers/settings_handlers.go:827.2,827.104 1 0
react-golang-starter/internal/handlers/settings_handlers.go:827.104,830.3 2 0
react-golang-starter/internal/handlers/settings_handlers.go:832.2,836.4 2 0
[...]
react-golang-starter/internal/handlers/user_settings_handlers.go:103.62,105.17 2 1
react-golang-starter/internal/handlers/user_settings_handlers.go:105.17,108.3 2 1
react-golang-starter/internal/handlers/user_settings_handlers.go:111.2,112.57 2 0
react-golang-starter/internal/handlers/user_settings_handlers.go:112.57,114.3 1 0
react-golang-starter/internal/handlers/user_settings_handlers.go:116.2,117.16 2 0
react-golang-starter/internal/handlers/user_settings_handlers.go:117.16,120.3 2 0
react-golang-starter/internal/handlers/user_settings_handlers.go:122.2,123.29 2 0
react-golang-starter/internal/handlers/user_settings_handlers.go:123.29,125.3 1 0
react-golang-starter/internal/handlers/user_settings_handlers.go:127.2,128.38 2 0
react-golang-starter/internal/handlers/user_settings_handlers.go:141.60,143.17 2 1
react-golang-starter/internal/handlers/user_settings_handlers.go:143.17,146.3 2 1
react-golang-starter/internal/handlers/user_settings_handlers.go:148.2,150.16 3 1
react-golang-starter/internal/handlers/user_settings_handlers.go:150.16,153.3 2 1
react-golang-starter/internal/handlers/user_settings_handlers.go:155.2,155.78 1 0
react-golang-starter/internal/handlers/user_settings_handlers.go:155.78,156.41 1 0
react-golang-starter/internal/handlers/user_settings_handlers.go:156.41,159.4 2 0
react-golang-starter/internal/handlers/user_settings_handlers.go:160.3,161.9 2 0
react-golang-starter/internal/handlers/user_settings_handlers.go:164.2,168.4 2 0
react-golang-starter/internal/handlers/user_settings_handlers.go:178.64,180.17 2 1
react-golang-starter/internal/handlers/user_settings_handlers.go:180.17,183.3 2 1
react-golang-starter/internal/handlers/user_settings_handlers.go:186.2,187.57 2 0
react-golang-starter/internal/handlers/user_settings_handlers.go:187.57,189.3 1 0
react-golang-starter/internal/handlers/user_settings_handlers.go:191.2,191.83 1 0
react-golang-starter/internal/handlers/user_settings_handlers.go:191.83,194.3 2 0
react-golang-starter/internal/handlers/user_settings_handlers.go:196.2,200.4 2 0
react-golang-starter/internal/handlers/user_settings_handlers.go:214.62,216.17 2 1
react-golang-starter/internal/handlers/user_settings_handlers.go:216.17,219.3 2 1
react-golang-starter/internal/handlers/user_settings_handlers.go:221.2,224.16 3 0
react-golang-starter/internal/handlers/user_settings_handlers.go:224.16,227.3 2 0
react-golang-starter/internal/handlers/user_settings_handlers.go:229.2,230.28 2 0
react-golang-starter/internal/handlers/user_settings_handlers.go:230.28,232.3 1 0
react-golang-starter/internal/handlers/user_settings_handlers.go:234.2,244.4 3 0
react-golang-starter/internal/handlers/user_settings_handlers.go:258.61,260.17 2 1
react-golang-starter/internal/handlers/user_settings_handlers.go:260.17,263.3 2 1
react-golang-starter/internal/handlers/user_settings_handlers.go:265.2,266.61 2 1
react-golang-starter/internal/handlers/user_settings_handlers.go:266.61,269.3 2 1
react-golang-starter/internal/handlers/user_settings_handlers.go:272.2,272.44 1 1
react-golang-starter/internal/handlers/user_settings_handlers.go:272.44,275.3 2 1
react-golang-starter/internal/handlers/user_settings_handlers.go:278.2,278.30 1 1
react-golang-starter/internal/handlers/user_settings_handlers.go:278.30,281.3 2 1
react-golang-starter/internal/handlers/user_settings_handlers.go:284.2,285.63 2 0
react-golang-starter/internal/handlers/user_settings_handlers.go:285.63,288.3 2 0
react-golang-starter/internal/handlers/user_settings_handlers.go:291.2,291.106 1 0
react-golang-starter/internal/handlers/user_settings_handlers.go:291.106,294.3 2 0
react-golang-starter/internal/handlers/user_settings_handlers.go:297.2,298.16 2 0
react-golang-starter/internal/handlers/user_settings_handlers.go:298.16,301.3 2 0
react-golang-starter/internal/handlers/user_settings_handlers.go:304.2,304.98 1 0
react-golang-starter/internal/handlers/user_settings_handlers.go:304.98,307.3 2 0
react-golang-starter/internal/handlers/user_settings_handlers.go:310.2,311.57 2 0
react-golang-starter/internal/handlers/user_settings_handlers.go:311.57,313.3 1 0
react-golang-starter/internal/handlers/user_settings_handlers.go:314.2,320.4 3 0
react-golang-starter/internal/handlers/user_settings_handlers.go:332.59,334.17 2 1
react-golang-starter/internal/handlers/user_settings_handlers.go:334.17,337.3 2 1
react-golang-starter/internal/handlers/user_settings_handlers.go:339.2,340.16 2 0
react-golang-starter/internal/handlers/user_settings_handlers.go:340.16,343.3 2 0
react-golang-starter/internal/handlers/user_settings_handlers.go:345.2,346.35 2 0
react-golang-starter/internal/handlers/user_settings_handlers.go:356.55,358.17 2 1
react-golang-starter/internal/handlers/user_settings_handlers.go:358.17,361.3 2 1
react-golang-starter/internal/handlers/user_settings_handlers.go:364.2,365.17 2 0
react-golang-starter/internal/handlers/user_settings_handlers.go:365.17,367.64 2 0
react-golang-starter/internal/handlers/user_settings_handlers.go:367.64,370.4 2 0
react-golang-starter/internal/handlers/user_settings_handlers.go:371.3,371.21 1 0
react-golang-starter/internal/handlers/user_settings_handlers.go:374.2,375.16 2 0
react-golang-starter/internal/handlers/user_settings_handlers.go:375.16,378.3 2 0
react-golang-starter/internal/handlers/user_settings_handlers.go:380.2,381.34 2 0
react-golang-starter/internal/handlers/user_settings_handlers.go:393.56,395.17 2 1
react-golang-starter/internal/handlers/user_settings_handlers.go:395.17,398.3 2 1
react-golang-starter/internal/handlers/user_settings_handlers.go:400.2,401.61 2 1
react-golang-starter/internal/handlers/user_settings_handlers.go:401.61,404.3 2 1
react-golang-starter/internal/handlers/user_settings_handlers.go:406.2,406.24 1 1
react-golang-starter/internal/handlers/user_settings_handlers.go:406.24,409.3 2 1
react-golang-starter/internal/handlers/user_settings_handlers.go:411.2,412.16 2 0
react-golang-starter/internal/handlers/user_settings_handlers.go:412.16,415.60 2 0
react-golang-starter/internal/handlers/user_settings_handlers.go:415.60,417.4 1 0
react-golang-starter/internal/handlers/user_settings_handlers.go:417.9,417.56 1 0
react-golang-starter/internal/handlers/user_settings_handlers.go:417.56,419.4 1 0
react-golang-starter/internal/handlers/user_settings_handlers.go:419.9,422.4 2 0
react-golang-starter/internal/handlers/user_settings_handlers.go:423.3,423.9 1 0
react-golang-starter/internal/handlers/user_settings_handlers.go:427.2,428.35 2 0
react-golang-starter/internal/handlers/user_settings_handlers.go:428.35,430.3 1 0
react-golang-starter/internal/handlers/user_settings_handlers.go:432.2,436.4 2 0
react-golang-starter/internal/handlers/user_settings_handlers.go:448.57,450.17 2 1
react-golang-starter/internal/handlers/user_settings_handlers.go:450.17,453.3 2 1
react-golang-starter/internal/handlers/user_settings_handlers.go:455.2,456.61 2 1
react-golang-starter/internal/handlers/user_settings_handlers.go:456.61,459.3 2 1
react-golang-starter/internal/handlers/user_settings_handlers.go:462.2,464.67 2 0
react-golang-starter/internal/handlers/user_settings_handlers.go:464.67,466.60 2 0
react-golang-starter/internal/handlers/user_settings_handlers.go:466.60,468.4 1 0
react-golang-starter/internal/handlers/user_settings_handlers.go:468.9,471.4 2 0
react-golang-starter/internal/handlers/user_settings_handlers.go:472.3,472.9 1 0
react-golang-starter/internal/handlers/user_settings_handlers.go:475.2,479.4 2 0
react-golang-starter/internal/handlers/user_settings_handlers.go:491.68,493.17 2 1
react-golang-starter/internal/handlers/user_settings_handlers.go:493.17,496.3 2 1
react-golang-starter/internal/handlers/user_settings_handlers.go:498.2,499.61 2 1
react-golang-starter/internal/handlers/user_settings_handlers.go:499.61,502.3 2 1
react-golang-starter/internal/handlers/user_settings_handlers.go:504.2,505.16 2 0
react-golang-starter/internal/handlers/user_settings_handlers.go:505.16,507.60 2 0
react-golang-starter/internal/handlers/user_settings_handlers.go:507.60,509.4 1 0
react-golang-starter/internal/handlers/user_settings_handlers.go:509.9,512.4 2 0
react-golang-starter/internal/handlers/user_settings_handlers.go:513.3,513.9 1 0
react-golang-starter/internal/handlers/user_settings_handlers.go:517.2,518.35 2 0
react-golang-starter/internal/handlers/user_settings_handlers.go:518.35,520.3 1 0
react-golang-starter/internal/handlers/user_settings_handlers.go:522.2,526.4 2 0
react-golang-starter/internal/handlers/user_settings_handlers.go:540.69,542.17 2 1
react-golang-starter/internal/handlers/user_settings_handlers.go:542.17,545.3 2 1
react-golang-starter/internal/handlers/user_settings_handlers.go:547.2,548.61 2 1
react-golang-starter/internal/handlers/user_settings_handlers.go:548.61,551.3 2 1
react-golang-starter/internal/handlers/user_settings_handlers.go:554.2,555.63 2 0
react-golang-starter/internal/handlers/user_settings_handlers.go:555.63,558.3 2 0
react-golang-starter/internal/handlers/user_settings_handlers.go:560.2,560.99 1 0
react-golang-starter/internal/handlers/user_settings_handlers.go:560.99,563.3 2 0
react-golang-starter/internal/handlers/user_settings_handlers.go:568.2,572.4 2 0
react-golang-starter/internal/handlers/user_settings_handlers.go:582.68,584.17 2 1
react-golang-starter/internal/handlers/user_settings_handlers.go:584.17,587.3 2 1
react-golang-starter/internal/handlers/user_settings_handlers.go:591.2,595.4 2 1
react-golang-starter/internal/handlers/user_settings_handlers.go:608.64,610.17 2 1
react-golang-starter/internal/handlers/user_settings_handlers.go:610.17,613.3 2 1
react-golang-starter/internal/handlers/user_settings_handlers.go:616.2,622.16 3 0
react-golang-starter/internal/handlers/user_settings_handlers.go:622.16,625.3 2 0
react-golang-starter/internal/handlers/user_settings_handlers.go:628.2,635.16 4 0
react-golang-starter/internal/handlers/user_settings_handlers.go:635.16,638.3 2 0
react-golang-starter/internal/handlers/user_settings_handlers.go:641.2,642.63 2 0
react-golang-starter/internal/handlers/user_settings_handlers.go:642.63,645.3 2 0
react-golang-starter/internal/handlers/user_settings_handlers.go:648.2,658.58 4 0
react-golang-starter/internal/handlers/user_settings_handlers.go:658.58,662.3 3 0
react-golang-starter/internal/handlers/user_settings_handlers.go:665.2,665.24 1 0
react-golang-starter/internal/handlers/user_settings_handlers.go:665.24,666.92 1 0
react-golang-starter/internal/handlers/user_settings_handlers.go:666.92,672.4 4 0
react-golang-starter/internal/handlers/user_settings_handlers.go:673.8,681.3 3 0
react-golang-starter/internal/handlers/user_settings_handlers.go:683.2,687.4 2 0
react-golang-starter/internal/handlers/user_settings_handlers.go:698.65,700.17 2 0
react-golang-starter/internal/handlers/user_settings_handlers.go:700.17,703.3 2 0
react-golang-starter/internal/handlers/user_settings_handlers.go:705.2,709.36 2 0
react-golang-starter/internal/handlers/user_settings_handlers.go:709.36,712.3 2 0
react-golang-starter/internal/handlers/user_settings_handlers.go:715.2,715.29 1 0
react-golang-starter/internal/handlers/user_settings_handlers.go:715.29,717.48 2 0
react-golang-starter/internal/handlers/user_settings_handlers.go:717.48,721.4 3 0
react-golang-starter/internal/handlers/user_settings_handlers.go:725.2,725.54 1 0
react-golang-starter/internal/handlers/user_settings_handlers.go:725.54,728.3 2 0
react-golang-starter/internal/handlers/user_settings_handlers.go:731.2,731.32 1 0
react-golang-starter/internal/handlers/user_settings_handlers.go:731.32,733.17 2 0
react-golang-starter/internal/handlers/user_settings_handlers.go:733.17,737.4 3 0
react-golang-starter/internal/handlers/user_settings_handlers.go:740.3,741.17 2 0
react-golang-starter/internal/handlers/user_settings_handlers.go:741.17,745.4 3 0
react-golang-starter/internal/handlers/user_settings_handlers.go:748.3,753.9 3 0
react-golang-starter/internal/handlers/user_settings_handlers.go:757.2,758.16 2 0
react-golang-starter/internal/handlers/user_settings_handlers.go:758.16,762.3 3 0
react-golang-starter/internal/handlers/user_settings_handlers.go:765.2,769.18 4 0
react-golang-starter/internal/handlers/user_settings_handlers.go:793.59,795.17 2 1
react-golang-starter/internal/handlers/user_settings_handlers.go:795.17,798.3 2 1
react-golang-starter/internal/handlers/user_settings_handlers.go:801.2,801.54 1 0
react-golang-starter/internal/handlers/user_settings_handlers.go:801.54,804.3 2 0
react-golang-starter/internal/handlers/user_settings_handlers.go:806.2,807.16 2 0
react-golang-starter/internal/handlers/user_settings_handlers.go:807.16,810.3 2 0
react-golang-starter/internal/handlers/user_settings_handlers.go:811.2,814.25 2 0
react-golang-starter/internal/handlers/user_settings_handlers.go:814.25,822.3 3 0
react-golang-starter/internal/handlers/user_settings_handlers.go:825.2,827.33 3 0
react-golang-starter/internal/handlers/user_settings_handlers.go:827.33,830.3 2 0
react-golang-starter/internal/handlers/user_settings_handlers.go:833.2,838.45 4 0
react-golang-starter/internal/handlers/user_settings_handlers.go:838.45,841.3 2 0
react-golang-starter/internal/handlers/user_settings_handlers.go:844.2,844.54 1 0
react-golang-starter/internal/handlers/user_settings_handlers.go:844.54,847.3 2 0
react-golang-starter/internal/handlers/user_settings_handlers.go:850.2,851.16 2 0
react-golang-starter/internal/handlers/user_settings_handlers.go:851.16,854.3 2 0
react-golang-starter/internal/handlers/user_settings_handlers.go:858.2,862.63 3 0
react-golang-starter/internal/handlers/user_settings_handlers.go:862.63,865.3 2 0
react-golang-starter/internal/handlers/user_settings_handlers.go:867.2,869.54 3 0
react-golang-starter/internal/handlers/user_settings_handlers.go:869.54,872.3 2 0
react-golang-starter/internal/handlers/user_settings_handlers.go:874.2,877.4 2 0
react-golang-starter/internal/handlers/user_settings_handlers.go:887.59,889.17 2 1
react-golang-starter/internal/handlers/user_settings_handlers.go:889.17,892.3 2 1
react-golang-starter/internal/handlers/user_settings_handlers.go:894.2,895.63 2 0
react-golang-starter/internal/handlers/user_settings_handlers.go:895.63,898.3 2 0
react-golang-starter/internal/handlers/user_settings_handlers.go:900.2,902.54 3 0
react-golang-starter/internal/handlers/user_settings_handlers.go:902.54,905.3 2 0
react-golang-starter/internal/handlers/user_settings_handlers.go:907.2,911.4 2 0
react-golang-starter/internal/handlers/user_settings_handlers.go:923.67,925.17 2 1
react-golang-starter/internal/handlers/user_settings_handlers.go:925.17,928.3 2 1
react-golang-starter/internal/handlers/user_settings_handlers.go:930.2,931.88 2 0
react-golang-starter/internal/handlers/user_settings_handlers.go:931.88,935.3 3 0
react-golang-starter/internal/handlers/user_settings_handlers.go:937.2,938.30 2 0
react-golang-starter/internal/handlers/user_settings_handlers.go:938.30,945.3 1 0
react-golang-starter/internal/handlers/user_settings_handlers.go:947.2,948.38 2 0
react-golang-starter/internal/handlers/user_settings_handlers.go:961.64,963.17 2 1
react-golang-starter/internal/handlers/user_settings_handlers.go:963.17,966.3 2 1
react-golang-starter/internal/handlers/user_settings_handlers.go:968.2,973.31 4 1
react-golang-starter/internal/handlers/user_settings_handlers.go:973.31,976.3 2 1
react-golang-starter/internal/handlers/user_settings_handlers.go:979.2,980.63 2 0
react-golang-starter/internal/handlers/user_settings_handlers.go:980.63,983.3 2 0
react-golang-starter/internal/handlers/user_settings_handlers.go:986.2,987.124 2 0
react-golang-starter/internal/handlers/user_settings_handlers.go:987.124,990.3 2 0
react-golang-starter/internal/handlers/user_settings_handlers.go:993.2,993.47 1 0
react-golang-starter/internal/handlers/user_settings_handlers.go:993.47,996.3 2 0
react-golang-starter/internal/handlers/user_settings_handlers.go:999.2,1000.25 2 0
react-golang-starter/internal/handlers/user_settings_handlers.go:1000.25,1003.3 2 0
react-golang-starter/internal/handlers/user_settings_handlers.go:1005.2,1005.30 1 0
react-golang-starter/internal/handlers/user_settings_handlers.go:1005.30,1008.3 2 0
react-golang-starter/internal/handlers/user_settings_handlers.go:1011.2,1011.36 1 0
react-golang-starter/internal/handlers/user_settings_handlers.go:1011.36,1016.3 4 0
react-golang-starter/internal/handlers/user_settings_handlers.go:1018.2,1022.4 2 0
react-golang-starter/internal/handlers/user_settings_handlers.go:1035.66,1037.17 2 1
react-golang-starter/internal/handlers/user_settings_handlers.go:1037.17,1040.3 2 1
react-golang-starter/internal/handlers/user_settings_handlers.go:1042.2,1044.16 3 0
react-golang-starter/internal/handlers/user_settings_handlers.go:1044.16,1047.3 2 0
react-golang-starter/internal/handlers/user_settings_handlers.go:1050.2,1050.29 1 0
react-golang-starter/internal/handlers/user_settings_handlers.go:1050.29,1052.48 2 0
react-golang-starter/internal/handlers/user_settings_handlers.go:1052.48,1055.4 2 0
react-golang-starter/internal/handlers/user_settings_handlers.go:1058.2,1059.48 2 0
react-golang-starter/internal/handlers/user_settings_handlers.go:1074.60,1076.17 2 0
react-golang-starter/internal/handlers/user_settings_handlers.go:1076.17,1079.3 2 0
react-golang-starter/internal/handlers/user_settings_handlers.go:1082.2,1083.60 2 0
react-golang-starter/internal/handlers/user_settings_handlers.go:1083.60,1084.56 1 0
react-golang-starter/internal/handlers/user_settings_handlers.go:1084.56,1086.4 1 0
react-golang-starter/internal/handlers/user_settings_handlers.go:1088.2,1088.15 1 0
react-golang-starter/internal/handlers/user_settings_handlers.go:1088.15,1090.3 1 0
react-golang-starter/internal/handlers/user_settings_handlers.go:1091.2,1091.16 1 0
react-golang-starter/internal/handlers/user_settings_handlers.go:1091.16,1093.3 1 0
react-golang-starter/internal/handlers/user_settings_handlers.go:1096.2,1097.16 2 0
react-golang-starter/internal/handlers/user_settings_handlers.go:1097.16,1101.3 3 0
react-golang-starter/internal/handlers/user_settings_handlers.go:1104.2,1105.32 2 0
react-golang-starter/internal/handlers/user_settings_handlers.go:1105.32,1113.96 2 0
react-golang-starter/internal/handlers/user_settings_handlers.go:1113.96,1114.30 1 0
react-golang-starter/internal/handlers/user_settings_handlers.go:1114.30,1116.78 2 0
react-golang-starter/internal/handlers/user_settings_handlers.go:1116.78,1118.6 1 0
react-golang-starter/internal/handlers/user_settings_handlers.go:1123.2,1130.37 3 0
react-golang-starter/internal/handlers/user_settings_handlers.go:1136.39,1138.2 1 1
react-golang-starter/internal/handlers/user_settings_handlers.go:1140.49,1142.20 2 1
react-golang-starter/internal/handlers/user_settings_handlers.go:1142.20,1144.3 1 1
react-golang-starter/internal/handlers/user_settings_handlers.go:1145.2,1146.9 2 1
react-golang-starter/internal/handlers/user_settings_handlers.go:1146.9,1148.3 1 0
react-golang-starter/internal/handlers/user_settings_handlers.go:1149.2,1149.16 1 1
react-golang-starter/internal/handlers/user_settings_handlers.go:1152.53,1154.20 2 1
react-golang-starter/internal/handlers/user_settings_handlers.go:1154.20,1156.3 1 1
react-golang-starter/internal/handlers/user_settings_handlers.go:1157.2,1158.9 2 1
react-golang-starter/internal/handlers/user_settings_handlers.go:1158.9,1160.3 1 0
react-golang-starter/internal/handlers/user_settings_handlers.go:1161.2,1161.18 1 1
react-golang-starter/internal/handlers/user_settings_handlers.go:1164.54,1166.20 2 1
react-golang-starter/internal/handlers/user_settings_handlers.go:1166.20,1168.3 1 1
react-golang-starter/internal/handlers/user_settings_handlers.go:1169.2,1170.9 2 1
react-golang-starter/internal/handlers/user_settings_handlers.go:1170.9,1172.3 1 0
react-golang-starter/internal/handlers/user_settings_handlers.go:1173.2,1173.19 1 1
react-golang-starter/internal/handlers/user_settings_handlers.go:1176.57,1180.2 1 0
