mode: set
react-golang-starter/internal/jobs/client.go:28.39,30.2 1 1
react-golang-starter/internal/jobs/client.go:35.67,36.21 1 1
react-golang-starter/internal/jobs/client.go:36.21,40.3 3 1
react-golang-starter/internal/jobs/client.go:42.2,46.17 3 0
react-golang-starter/internal/jobs/client.go:46.17,52.17 3 0
react-golang-starter/internal/jobs/client.go:52.17,54.4 1 0
react-golang-starter/internal/jobs/client.go:55.3,56.62 2 0
react-golang-starter/internal/jobs/client.go:57.8,59.3 1 0
react-golang-starter/internal/jobs/client.go:62.2,63.16 2 0
react-golang-starter/internal/jobs/client.go:63.16,64.15 1 0
react-golang-starter/internal/jobs/client.go:64.15,66.4 1 0
react-golang-starter/internal/jobs/client.go:67.3,67.64 1 0
react-golang-starter/internal/jobs/client.go:70.2,71.16 2 0
react-golang-starter/internal/jobs/client.go:71.16,72.15 1 0
react-golang-starter/internal/jobs/client.go:72.15,74.4 1 0
react-golang-starter/internal/jobs/client.go:75.3,75.63 1 0
react-golang-starter/internal/jobs/client.go:77.2,101.16 10 0
react-golang-starter/internal/jobs/client.go:101.16,102.15 1 0
react-golang-starter/internal/jobs/client.go:102.15,104.4 1 0
react-golang-starter/internal/jobs/client.go:105.3,105.62 1 0
react-golang-starter/internal/jobs/client.go:108.2,120.12 3 0
react-golang-starter/internal/jobs/client.go:124.39,125.21 1 1
react-golang-starter/internal/jobs/client.go:125.21,127.3 1 1
react-golang-starter/internal/jobs/client.go:129.2,129.50 1 0
react-golang-starter/internal/jobs/client.go:129.50,131.3 1 0
react-golang-starter/internal/jobs/client.go:133.2,134.12 2 0
react-golang-starter/internal/jobs/client.go:138.38,139.21 1 1
react-golang-starter/internal/jobs/client.go:139.21,141.3 1 1
react-golang-starter/internal/jobs/client.go:143.2,143.49 1 0
react-golang-starter/internal/jobs/client.go:143.49,145.3 1 0
react-golang-starter/internal/jobs/client.go:148.2,148.47 1 0
react-golang-starter/internal/jobs/client.go:148.47,151.3 2 0
react-golang-starter/internal/jobs/client.go:153.2,154.12 2 0
react-golang-starter/internal/jobs/client.go:158.89,159.21 1 1
react-golang-starter/internal/jobs/client.go:159.21,161.3 1 1
react-golang-starter/internal/jobs/client.go:163.2,164.12 2 0
react-golang-starter/internal/jobs/client.go:168.77,169.21 1 1
react-golang-starter/internal/jobs/client.go:169.21,171.3 1 1
react-golang-starter/internal/jobs/client.go:173.2,174.12 2 0
react-golang-starter/internal/jobs/client.go:178.25,180.2 1 1
react-golang-starter/internal/jobs/client.go:183.40,184.21 1 1
react-golang-starter/internal/jobs/client.go:184.21,186.3 1 1
react-golang-starter/internal/jobs/client.go:187.2,187.23 1 0
react-golang-starter/internal/jobs/client.go:191.32,201.2 7 1
react-golang-starter/internal/jobs/client.go:203.42,204.42 1 1
react-golang-starter/internal/jobs/client.go:204.42,206.3 1 1
react-golang-starter/internal/jobs/client.go:207.2,207.17 1 1
react-golang-starter/internal/jobs/config.go:25.30,34.2 1 1
react-golang-starter/internal/jobs/config.go:37.27,40.57 2 1
react-golang-starter/internal/jobs/config.go:40.57,42.3 1 1
react-golang-starter/internal/jobs/config.go:44.2,44.62 1 1
react-golang-starter/internal/jobs/config.go:44.62,45.67 1 1
react-golang-starter/internal/jobs/config.go:45.67,47.4 1 1
react-golang-starter/internal/jobs/config.go:50.2,50.61 1 1
react-golang-starter/internal/jobs/config.go:50.61,51.68 1 1
react-golang-starter/internal/jobs/config.go:51.68,53.4 1 1
react-golang-starter/internal/jobs/config.go:56.2,56.57 1 1
react-golang-starter/internal/jobs/config.go:56.57,57.56 1 1
react-golang-starter/internal/jobs/config.go:57.56,59.4 1 1
react-golang-starter/internal/jobs/config.go:62.2,62.15 1 1
react-golang-starter/internal/jobs/data_export_worker.go:30.37,32.2 1 1
react-golang-starter/internal/jobs/data_export_worker.go:35.53,40.2 1 1
react-golang-starter/internal/jobs/data_export_worker.go:48.92,59.69 3 0
react-golang-starter/internal/jobs/data_export_worker.go:59.69,61.3 1 0
react-golang-starter/internal/jobs/data_export_worker.go:64.2,65.16 2 0
react-golang-starter/internal/jobs/data_export_worker.go:65.16,68.3 2 0
react-golang-starter/internal/jobs/data_export_worker.go:71.2,76.16 4 0
react-golang-starter/internal/jobs/data_export_worker.go:76.16,79.3 2 0
react-golang-starter/internal/jobs/data_export_worker.go:81.2,82.16 2 0
react-golang-starter/internal/jobs/data_export_worker.go:82.16,86.3 3 0
react-golang-starter/internal/jobs/data_export_worker.go:88.2,88.52 1 0
react-golang-starter/internal/jobs/data_export_worker.go:88.52,92.3 3 0
react-golang-starter/internal/jobs/data_export_worker.go:95.2,107.16 3 0
react-golang-starter/internal/jobs/data_export_worker.go:107.16,109.3 1 0
react-golang-starter/internal/jobs/data_export_worker.go:111.2,118.43 5 0
react-golang-starter/internal/jobs/data_export_worker.go:118.43,121.94 2 0
react-golang-starter/internal/jobs/data_export_worker.go:121.94,124.4 1 0
react-golang-starter/internal/jobs/data_export_worker.go:124.9,128.4 3 0
react-golang-starter/internal/jobs/data_export_worker.go:132.2,132.23 1 0
react-golang-starter/internal/jobs/data_export_worker.go:132.23,134.55 2 0
react-golang-starter/internal/jobs/data_export_worker.go:134.55,137.4 2 0
react-golang-starter/internal/jobs/data_export_worker.go:139.3,142.70 3 0
react-golang-starter/internal/jobs/data_export_worker.go:142.70,145.4 2 0
react-golang-starter/internal/jobs/data_export_worker.go:146.3,147.80 2 0
react-golang-starter/internal/jobs/data_export_worker.go:151.2,162.24 2 0
react-golang-starter/internal/jobs/data_export_worker.go:162.24,164.3 1 0
react-golang-starter/internal/jobs/data_export_worker.go:167.2,167.25 1 0
react-golang-starter/internal/jobs/data_export_worker.go:167.25,169.24 2 0
react-golang-starter/internal/jobs/data_export_worker.go:169.24,171.4 1 0
react-golang-starter/internal/jobs/data_export_worker.go:173.3,183.17 2 0
react-golang-starter/internal/jobs/data_export_worker.go:183.17,186.4 1 0
react-golang-starter/internal/jobs/data_export_worker.go:189.2,195.12 2 0
react-golang-starter/internal/jobs/data_export_worker.go:199.56,206.2 1 0
react-golang-starter/internal/jobs/data_export_worker.go:209.29,211.15 2 1
react-golang-starter/internal/jobs/data_export_worker.go:211.15,213.3 1 1
react-golang-starter/internal/jobs/data_export_worker.go:214.2,214.12 1 1
react-golang-starter/internal/jobs/data_export_worker.go:218.38,220.18 2 1
react-golang-starter/internal/jobs/data_export_worker.go:220.18,222.3 1 1
react-golang-starter/internal/jobs/data_export_worker.go:223.2,224.46 2 1
react-golang-starter/internal/jobs/data_export_worker.go:224.46,227.3 2 1
react-golang-starter/internal/jobs/data_export_worker.go:228.2,228.76 1 1
react-golang-starter/internal/jobs/data_export_worker.go:232.36,233.14 1 1
react-golang-starter/internal/jobs/data_export_worker.go:233.14,235.3 1 1
react-golang-starter/internal/jobs/data_export_worker.go:236.2,236.11 1 1
react-golang-starter/internal/jobs/data_export_worker.go:240.93,241.20 1 0
react-golang-starter/internal/jobs/data_export_worker.go:241.20,243.3 1 0
react-golang-starter/internal/jobs/data_export_worker.go:245.2,249.9 1 0
react-golang-starter/internal/jobs/data_export_worker.go:327.81,334.80 3 0
react-golang-starter/internal/jobs/data_export_worker.go:334.80,336.3 1 0
react-golang-starter/internal/jobs/data_export_worker.go:337.2,353.102 3 0
react-golang-starter/internal/jobs/data_export_worker.go:353.102,355.3 1 0
react-golang-starter/internal/jobs/data_export_worker.go:358.2,368.106 4 0
react-golang-starter/internal/jobs/data_export_worker.go:368.106,375.3 1 0
react-golang-starter/internal/jobs/data_export_worker.go:378.2,380.30 3 0
react-golang-starter/internal/jobs/data_export_worker.go:380.30,390.3 1 0
react-golang-starter/internal/jobs/data_export_worker.go:393.2,395.30 3 0
react-golang-starter/internal/jobs/data_export_worker.go:395.30,401.3 1 0
react-golang-starter/internal/jobs/data_export_worker.go:404.2,406.26 3 0
react-golang-starter/internal/jobs/data_export_worker.go:406.26,414.3 1 0
react-golang-starter/internal/jobs/data_export_worker.go:417.2,419.28 3 0
react-golang-starter/internal/jobs/data_export_worker.go:419.28,420.28 1 0
react-golang-starter/internal/jobs/data_export_worker.go:420.28,427.4 1 0
react-golang-starter/internal/jobs/data_export_worker.go:431.2,436.30 3 0
react-golang-starter/internal/jobs/data_export_worker.go:436.30,443.3 1 0
react-golang-starter/internal/jobs/data_export_worker.go:445.2,445.18 1 0
react-golang-starter/internal/jobs/export_cleanup.go:18.83,19.12 1 0
react-golang-starter/internal/jobs/export_cleanup.go:19.12,27.51 4 0
react-golang-starter/internal/jobs/export_cleanup.go:27.51,29.4 1 0
react-golang-starter/internal/jobs/export_cleanup.go:31.3,31.7 1 0
react-golang-starter/internal/jobs/export_cleanup.go:31.7,32.11 1 0
react-golang-starter/internal/jobs/export_cleanup.go:33.22,35.11 2 0
react-golang-starter/internal/jobs/export_cleanup.go:36.20,37.53 1 0
react-golang-starter/internal/jobs/export_cleanup.go:37.53,39.6 1 0
react-golang-starter/internal/jobs/export_cleanup.go:44.2,44.72 1 0
react-golang-starter/internal/jobs/export_cleanup.go:48.63,57.43 3 0
react-golang-starter/internal/jobs/export_cleanup.go:57.43,59.3 1 0
react-golang-starter/internal/jobs/export_cleanup.go:61.2,61.30 1 0
react-golang-starter/internal/jobs/export_cleanup.go:61.30,64.3 2 0
react-golang-starter/internal/jobs/export_cleanup.go:66.2,73.40 4 0
react-golang-starter/internal/jobs/export_cleanup.go:73.40,74.55 1 0
react-golang-starter/internal/jobs/export_cleanup.go:74.55,75.12 1 0
react-golang-starter/internal/jobs/export_cleanup.go:78.3,81.80 2 0
react-golang-starter/internal/jobs/export_cleanup.go:81.80,83.4 1 0
react-golang-starter/internal/jobs/export_cleanup.go:83.9,83.71 1 0
react-golang-starter/internal/jobs/export_cleanup.go:83.71,86.32 2 0
react-golang-starter/internal/jobs/export_cleanup.go:86.32,88.5 1 0
react-golang-starter/internal/jobs/export_cleanup.go:91.3,91.23 1 0
react-golang-starter/internal/jobs/export_cleanup.go:91.23,99.12 3 0
react-golang-starter/internal/jobs/export_cleanup.go:103.3,107.24 1 0
react-golang-starter/internal/jobs/export_cleanup.go:107.24,110.12 3 0
react-golang-starter/internal/jobs/export_cleanup.go:113.3,117.36 2 0
react-golang-starter/internal/jobs/export_cleanup.go:120.2,126.12 2 0
react-golang-starter/internal/jobs/export_cleanup.go:131.78,132.54 1 1
react-golang-starter/internal/jobs/export_cleanup.go:132.54,134.3 1 1
react-golang-starter/internal/jobs/export_cleanup.go:136.2,138.32 2 0
react-golang-starter/internal/jobs/export_cleanup.go:138.32,140.44 2 0
react-golang-starter/internal/jobs/export_cleanup.go:140.44,142.4 1 0
react-golang-starter/internal/jobs/export_cleanup.go:143.8,145.31 2 0
react-golang-starter/internal/jobs/export_cleanup.go:145.31,147.4 1 0
react-golang-starter/internal/jobs/export_cleanup.go:150.2,150.22 1 0
react-golang-starter/internal/jobs/export_cleanup.go:150.22,152.3 1 0
react-golang-starter/internal/jobs/export_cleanup.go:155.2,158.10 1 0
react-golang-starter/internal/jobs/retention.go:24.62,29.2 1 1
react-golang-starter/internal/jobs/retention.go:32.59,36.70 2 1
react-golang-starter/internal/jobs/retention.go:36.70,38.3 1 1
react-golang-starter/internal/jobs/retention.go:41.2,41.67 1 1
react-golang-starter/internal/jobs/retention.go:41.67,42.65 1 1
react-golang-starter/internal/jobs/retention.go:42.65,44.4 1 1
react-golang-starter/internal/jobs/retention.go:47.2,47.15 1 1
react-golang-starter/internal/jobs/retention.go:54.85,55.38 1 0
react-golang-starter/internal/jobs/retention.go:55.38,58.3 2 0
react-golang-starter/internal/jobs/retention.go:61.2,76.26 6 0
react-golang-starter/internal/jobs/retention.go:76.26,81.35 2 0
react-golang-starter/internal/jobs/retention.go:81.35,84.4 2 0
react-golang-starter/internal/jobs/retention.go:85.3,85.50 1 0
react-golang-starter/internal/jobs/retention.go:89.2,94.24 3 0
react-golang-starter/internal/jobs/retention.go:94.24,99.33 2 0
react-golang-starter/internal/jobs/retention.go:99.33,102.4 2 0
react-golang-starter/internal/jobs/retention.go:103.3,103.46 1 0
react-golang-starter/internal/jobs/retention.go:106.2,112.12 2 0
react-golang-starter/internal/jobs/retention.go:117.82,118.38 1 0
react-golang-starter/internal/jobs/retention.go:118.38,120.3 1 0
react-golang-starter/internal/jobs/retention.go:122.2,122.12 1 0
react-golang-starter/internal/jobs/retention.go:122.12,124.58 1 0
react-golang-starter/internal/jobs/retention.go:124.58,126.4 1 0
react-golang-starter/internal/jobs/retention.go:129.3,132.7 3 0
react-golang-starter/internal/jobs/retention.go:132.7,133.11 1 0
react-golang-starter/internal/jobs/retention.go:134.22,136.11 2 0
react-golang-starter/internal/jobs/retention.go:137.20,138.60 1 0
react-golang-starter/internal/jobs/retention.go:138.60,140.6 1 0
react-golang-starter/internal/jobs/retention.go:145.2,147.74 1 0
react-golang-starter/internal/jobs/workers.go:27.48,29.2 1 1
react-golang-starter/internal/jobs/workers.go:32.64,37.2 1 1
react-golang-starter/internal/jobs/workers.go:45.114,67.16 6 0
react-golang-starter/internal/jobs/workers.go:67.16,70.3 2 0
react-golang-starter/internal/jobs/workers.go:72.2,77.12 2 0
react-golang-starter/internal/jobs/workers.go:89.49,91.2 1 1
react-golang-starter/internal/jobs/workers.go:94.65,99.2 1 1
react-golang-starter/internal/jobs/workers.go:107.116,129.16 6 0
react-golang-starter/internal/jobs/workers.go:129.16,132.3 2 0
react-golang-starter/internal/jobs/workers.go:134.2,139.12 2 0
react-golang-starter/internal/jobs/workers.go:154.47,156.2 1 1
react-golang-starter/internal/jobs/workers.go:159.63,167.2 1 1
react-golang-starter/internal/jobs/workers.go:175.112,183.24 3 0
react-golang-starter/internal/jobs/workers.go:184.36,185.54 1 0
react-golang-starter/internal/jobs/workers.go:186.39,187.56 1 0
react-golang-starter/internal/jobs/workers.go:188.39,189.56 1 0
react-golang-starter/internal/jobs/workers.go:190.39,191.56 1 0
react-golang-starter/internal/jobs/workers.go:192.35,193.53 1 0
react-golang-starter/internal/jobs/workers.go:194.32,195.50 1 0
react-golang-starter/internal/jobs/workers.go:196.10,198.13 2 0
react-golang-starter/internal/jobs/workers.go:202.114,206.2 2 0
react-golang-starter/internal/jobs/workers.go:208.116,211.2 2 0
react-golang-starter/internal/jobs/workers.go:213.116,216.2 2 0
react-golang-starter/internal/jobs/workers.go:218.116,221.2 2 0
react-golang-starter/internal/jobs/workers.go:223.113,226.2 2 0
react-golang-starter/internal/jobs/workers.go:228.110,231.2 2 0
react-golang-starter/internal/jobs/workers.go:238.98,239.20 1 1
react-golang-starter/internal/jobs/workers.go:239.20,241.3 1 1
react-golang-starter/internal/jobs/workers.go:243.2,248.9 1 0
react-golang-starter/internal/jobs/workers.go:252.99,253.20 1 1
react-golang-starter/internal/jobs/workers.go:253.20,255.3 1 1
react-golang-starter/internal/jobs/workers.go:257.2,262.9 1 0
react-golang-starter/internal/jobs/workers.go:266.106,267.20 1 1
react-golang-starter/internal/jobs/workers.go:267.20,269.3 1 1
react-golang-starter/internal/jobs/workers.go:271.2,275.9 1 0
react-golang-starter/internal/jobs/workers.go:296.48,298.2 1 1
react-golang-starter/internal/jobs/workers.go:301.64,306.2 1 1
react-golang-starter/internal/jobs/workers.go:314.114,330.23 7 0
react-golang-starter/internal/jobs/workers.go:331.17,332.32 1 0
react-golang-starter/internal/jobs/workers.go:333.16,334.28 1 0
react-golang-starter/internal/jobs/workers.go:335.16,336.27 1 0
react-golang-starter/internal/jobs/workers.go:340.2,356.16 2 0
react-golang-starter/internal/jobs/workers.go:356.16,362.3 2 0
react-golang-starter/internal/jobs/workers.go:364.2,370.12 2 0
react-golang-starter/internal/jobs/workers.go:374.90,375.20 1 1
react-golang-starter/internal/jobs/workers.go:375.20,377.3 1 1
react-golang-starter/internal/jobs/workers.go:379.2,379.31 1 0
react-golang-starter/internal/jobs/workers.go:396.49,398.2 1 1
react-golang-starter/internal/jobs/workers.go:401.65,406.2 1 1
react-golang-starter/internal/jobs/workers.go:414.116,433.16 4 0
react-golang-starter/internal/jobs/workers.go:433.16,436.3 2 0
react-golang-starter/internal/jobs/workers.go:438.2,443.12 2 0
react-golang-starter/internal/jobs/workers.go:447.134,448.20 1 1
react-golang-starter/internal/jobs/workers.go:448.20,450.3 1 1
react-golang-starter/internal/jobs/workers.go:452.2,458.9 1 0
