mode: set
react-golang-starter/internal/stripe/config.go:22.30,34.2 1 1
react-golang-starter/internal/stripe/config.go:37.27,40.54 2 1
react-golang-starter/internal/stripe/config.go:40.54,42.3 1 1
react-golang-starter/internal/stripe/config.go:43.2,43.59 1 1
react-golang-starter/internal/stripe/config.go:43.59,45.3 1 1
react-golang-starter/internal/stripe/config.go:46.2,46.58 1 1
react-golang-starter/internal/stripe/config.go:46.58,48.3 1 1
react-golang-starter/internal/stripe/config.go:49.2,49.55 1 1
react-golang-starter/internal/stripe/config.go:49.55,51.3 1 1
react-golang-starter/internal/stripe/config.go:52.2,52.54 1 1
react-golang-starter/internal/stripe/config.go:52.54,54.3 1 1
react-golang-starter/internal/stripe/config.go:55.2,55.61 1 1
react-golang-starter/internal/stripe/config.go:55.61,57.3 1 1
react-golang-starter/internal/stripe/config.go:58.2,58.60 1 1
react-golang-starter/internal/stripe/config.go:58.60,60.3 1 1
react-golang-starter/internal/stripe/config.go:61.2,61.63 1 1
react-golang-starter/internal/stripe/config.go:61.63,63.3 1 1
react-golang-starter/internal/stripe/config.go:66.2,66.51 1 1
react-golang-starter/internal/stripe/config.go:66.51,68.3 1 1
react-golang-starter/internal/stripe/config.go:68.8,70.3 1 1
react-golang-starter/internal/stripe/config.go:72.2,72.15 1 1
react-golang-starter/internal/stripe/config.go:76.35,77.16 1 1
react-golang-starter/internal/stripe/config.go:77.16,79.3 1 1
react-golang-starter/internal/stripe/config.go:81.2,81.23 1 1
react-golang-starter/internal/stripe/config.go:81.23,83.3 1 1
react-golang-starter/internal/stripe/config.go:84.2,84.28 1 1
react-golang-starter/internal/stripe/config.go:84.28,86.3 1 1
react-golang-starter/internal/stripe/config.go:88.2,88.12 1 1
react-golang-starter/internal/stripe/handlers.go:21.42,22.54 1 0
react-golang-starter/internal/stripe/handlers.go:22.54,30.61 4 0
react-golang-starter/internal/stripe/handlers.go:30.61,32.4 1 0
react-golang-starter/internal/stripe/handlers.go:44.34,45.54 1 0
react-golang-starter/internal/stripe/handlers.go:45.54,48.25 2 0
react-golang-starter/internal/stripe/handlers.go:48.25,55.19 3 0
react-golang-starter/internal/stripe/handlers.go:55.19,57.5 1 0
react-golang-starter/internal/stripe/handlers.go:58.4,58.10 1 0
react-golang-starter/internal/stripe/handlers.go:61.3,62.17 2 0
react-golang-starter/internal/stripe/handlers.go:62.17,70.19 4 0
react-golang-starter/internal/stripe/handlers.go:70.19,72.5 1 0
react-golang-starter/internal/stripe/handlers.go:73.4,73.10 1 0
react-golang-starter/internal/stripe/handlers.go:77.3,78.28 2 0
react-golang-starter/internal/stripe/handlers.go:78.28,86.26 2 0
react-golang-starter/internal/stripe/handlers.go:86.26,88.5 1 0
react-golang-starter/internal/stripe/handlers.go:90.4,90.24 1 0
react-golang-starter/internal/stripe/handlers.go:90.24,93.5 2 0
react-golang-starter/internal/stripe/handlers.go:95.4,95.31 1 0
react-golang-starter/internal/stripe/handlers.go:98.3,99.58 2 0
react-golang-starter/internal/stripe/handlers.go:99.58,101.4 1 0
react-golang-starter/internal/stripe/handlers.go:118.61,119.54 1 0
react-golang-starter/internal/stripe/handlers.go:119.54,122.25 2 0
react-golang-starter/internal/stripe/handlers.go:122.25,129.19 3 0
react-golang-starter/internal/stripe/handlers.go:129.19,131.5 1 0
react-golang-starter/internal/stripe/handlers.go:132.4,132.10 1 0
react-golang-starter/internal/stripe/handlers.go:136.3,137.10 2 0
react-golang-starter/internal/stripe/handlers.go:137.10,144.19 3 0
react-golang-starter/internal/stripe/handlers.go:144.19,146.5 1 0
react-golang-starter/internal/stripe/handlers.go:147.4,147.10 1 0
react-golang-starter/internal/stripe/handlers.go:151.3,152.62 2 0
react-golang-starter/internal/stripe/handlers.go:152.62,159.19 3 0
react-golang-starter/internal/stripe/handlers.go:159.19,161.5 1 0
react-golang-starter/internal/stripe/handlers.go:162.4,162.10 1 0
react-golang-starter/internal/stripe/handlers.go:165.3,165.24 1 0
react-golang-starter/internal/stripe/handlers.go:165.24,172.19 3 0
react-golang-starter/internal/stripe/handlers.go:172.19,174.5 1 0
react-golang-starter/internal/stripe/handlers.go:175.4,175.10 1 0
react-golang-starter/internal/stripe/handlers.go:179.3,180.64 2 0
react-golang-starter/internal/stripe/handlers.go:180.64,187.19 3 0
react-golang-starter/internal/stripe/handlers.go:187.19,189.5 1 0
react-golang-starter/internal/stripe/handlers.go:190.4,190.10 1 0
react-golang-starter/internal/stripe/handlers.go:194.3,195.17 2 0
react-golang-starter/internal/stripe/handlers.go:195.17,203.19 4 0
react-golang-starter/internal/stripe/handlers.go:203.19,205.5 1 0
react-golang-starter/internal/stripe/handlers.go:206.4,206.10 1 0
react-golang-starter/internal/stripe/handlers.go:210.3,211.17 2 0
react-golang-starter/internal/stripe/handlers.go:211.17,219.19 4 0
react-golang-starter/internal/stripe/handlers.go:219.19,221.5 1 0
react-golang-starter/internal/stripe/handlers.go:222.4,222.10 1 0
react-golang-starter/internal/stripe/handlers.go:225.3,231.61 3 0
react-golang-starter/internal/stripe/handlers.go:231.61,233.4 1 0
react-golang-starter/internal/stripe/handlers.go:247.59,248.54 1 0
react-golang-starter/internal/stripe/handlers.go:248.54,251.25 2 0
react-golang-starter/internal/stripe/handlers.go:251.25,258.19 3 0
react-golang-starter/internal/stripe/handlers.go:258.19,260.5 1 0
react-golang-starter/internal/stripe/handlers.go:261.4,261.10 1 0
react-golang-starter/internal/stripe/handlers.go:265.3,266.10 2 0
react-golang-starter/internal/stripe/handlers.go:266.10,273.19 3 0
react-golang-starter/internal/stripe/handlers.go:273.19,275.5 1 0
react-golang-starter/internal/stripe/handlers.go:276.4,276.10 1 0
react-golang-starter/internal/stripe/handlers.go:280.3,281.64 2 0
react-golang-starter/internal/stripe/handlers.go:281.64,288.19 3 0
react-golang-starter/internal/stripe/handlers.go:288.19,290.5 1 0
react-golang-starter/internal/stripe/handlers.go:291.4,291.10 1 0
react-golang-starter/internal/stripe/handlers.go:294.3,294.67 1 0
react-golang-starter/internal/stripe/handlers.go:294.67,301.19 3 0
react-golang-starter/internal/stripe/handlers.go:301.19,303.5 1 0
react-golang-starter/internal/stripe/handlers.go:304.4,304.10 1 0
react-golang-starter/internal/stripe/handlers.go:308.3,309.17 2 0
react-golang-starter/internal/stripe/handlers.go:309.17,317.19 4 0
react-golang-starter/internal/stripe/handlers.go:317.19,319.5 1 0
react-golang-starter/internal/stripe/handlers.go:320.4,320.10 1 0
react-golang-starter/internal/stripe/handlers.go:323.3,328.61 3 0
react-golang-starter/internal/stripe/handlers.go:328.61,330.4 1 0
react-golang-starter/internal/stripe/handlers.go:344.41,345.54 1 0
react-golang-starter/internal/stripe/handlers.go:345.54,348.10 2 0
react-golang-starter/internal/stripe/handlers.go:348.10,355.19 3 0
react-golang-starter/internal/stripe/handlers.go:355.19,357.5 1 0
react-golang-starter/internal/stripe/handlers.go:358.4,358.10 1 0
react-golang-starter/internal/stripe/handlers.go:362.3,363.93 2 0
react-golang-starter/internal/stripe/handlers.go:363.93,370.19 3 0
react-golang-starter/internal/stripe/handlers.go:370.19,372.5 1 0
react-golang-starter/internal/stripe/handlers.go:373.4,373.10 1 0
react-golang-starter/internal/stripe/handlers.go:376.3,377.90 2 0
react-golang-starter/internal/stripe/handlers.go:377.90,379.4 1 0
react-golang-starter/internal/stripe/middleware.go:13.53,14.71 1 0
react-golang-starter/internal/stripe/middleware.go:14.71,16.10 2 0
react-golang-starter/internal/stripe/middleware.go:16.10,23.19 3 0
react-golang-starter/internal/stripe/middleware.go:23.19,25.5 1 0
react-golang-starter/internal/stripe/middleware.go:26.4,26.10 1 0
react-golang-starter/internal/stripe/middleware.go:30.3,31.64 2 0
react-golang-starter/internal/stripe/middleware.go:31.64,38.19 3 0
react-golang-starter/internal/stripe/middleware.go:38.19,40.5 1 0
react-golang-starter/internal/stripe/middleware.go:41.4,41.10 1 0
react-golang-starter/internal/stripe/middleware.go:45.3,45.81 1 0
react-golang-starter/internal/stripe/middleware.go:45.81,52.19 3 0
react-golang-starter/internal/stripe/middleware.go:52.19,54.5 1 0
react-golang-starter/internal/stripe/middleware.go:55.4,55.10 1 0
react-golang-starter/internal/stripe/middleware.go:58.3,58.23 1 0
react-golang-starter/internal/stripe/middleware.go:63.64,64.71 1 0
react-golang-starter/internal/stripe/middleware.go:64.71,66.10 2 0
react-golang-starter/internal/stripe/middleware.go:66.10,73.19 3 0
react-golang-starter/internal/stripe/middleware.go:73.19,75.5 1 0
react-golang-starter/internal/stripe/middleware.go:76.4,76.10 1 0
react-golang-starter/internal/stripe/middleware.go:80.3,85.45 2 0
react-golang-starter/internal/stripe/middleware.go:85.45,92.19 3 0
react-golang-starter/internal/stripe/middleware.go:92.19,94.5 1 0
react-golang-starter/internal/stripe/middleware.go:95.4,95.10 1 0
react-golang-starter/internal/stripe/middleware.go:98.3,98.23 1 0
react-golang-starter/internal/stripe/service.go:57.39,60.17 2 1
react-golang-starter/internal/stripe/service.go:60.17,61.43 1 1
react-golang-starter/internal/stripe/service.go:61.43,64.4 2 1
react-golang-starter/internal/stripe/service.go:66.3,66.22 1 1
react-golang-starter/internal/stripe/service.go:66.22,70.4 3 1
react-golang-starter/internal/stripe/service.go:73.3,79.47 3 0
react-golang-starter/internal/stripe/service.go:82.2,82.16 1 1
react-golang-starter/internal/stripe/service.go:86.27,90.2 3 1
react-golang-starter/internal/stripe/service.go:93.25,96.2 2 1
react-golang-starter/internal/stripe/service.go:99.96,109.16 3 0
react-golang-starter/internal/stripe/service.go:109.16,111.3 1 0
react-golang-starter/internal/stripe/service.go:113.2,113.21 1 0
react-golang-starter/internal/stripe/service.go:117.101,119.66 1 0
react-golang-starter/internal/stripe/service.go:119.66,121.3 1 0
react-golang-starter/internal/stripe/service.go:124.2,125.16 2 0
react-golang-starter/internal/stripe/service.go:125.16,127.3 1 0
react-golang-starter/internal/stripe/service.go:130.2,132.53 3 0
react-golang-starter/internal/stripe/service.go:132.53,135.3 2 0
react-golang-starter/internal/stripe/service.go:137.2,137.24 1 0
react-golang-starter/internal/stripe/service.go:141.152,156.2 2 0
react-golang-starter/internal/stripe/service.go:159.134,166.2 2 0
react-golang-starter/internal/stripe/service.go:169.115,171.2 1 0
react-golang-starter/internal/stripe/service.go:174.142,175.23 1 0
react-golang-starter/internal/stripe/service.go:175.23,180.3 2 0
react-golang-starter/internal/stripe/service.go:182.2,182.49 1 0
react-golang-starter/internal/stripe/service.go:186.81,194.18 5 0
react-golang-starter/internal/stripe/service.go:194.18,196.3 1 0
react-golang-starter/internal/stripe/service.go:198.2,198.35 1 0
react-golang-starter/internal/stripe/service.go:198.35,200.3 1 0
react-golang-starter/internal/stripe/service.go:202.2,202.20 1 0
react-golang-starter/internal/stripe/service.go:206.52,208.2 1 1
react-golang-starter/internal/stripe/service.go:211.44,213.2 1 1
react-golang-starter/internal/stripe/service.go:218.94,220.2 1 1
react-golang-starter/internal/stripe/service.go:222.99,224.2 1 1
react-golang-starter/internal/stripe/service.go:226.150,228.2 1 1
react-golang-starter/internal/stripe/service.go:230.132,232.2 1 1
react-golang-starter/internal/stripe/service.go:234.113,236.2 1 1
react-golang-starter/internal/stripe/service.go:238.140,240.2 1 1
react-golang-starter/internal/stripe/service.go:242.79,244.2 1 1
react-golang-starter/internal/stripe/service.go:246.50,248.2 1 1
react-golang-starter/internal/stripe/service.go:250.42,252.2 1 1
react-golang-starter/internal/stripe/webhook.go:26.26,28.2 1 0
react-golang-starter/internal/stripe/webhook.go:31.134,32.18 1 0
react-golang-starter/internal/stripe/webhook.go:32.18,34.3 1 0
react-golang-starter/internal/stripe/webhook.go:36.2,52.44 3 0
react-golang-starter/internal/stripe/webhook.go:56.157,57.18 1 0
react-golang-starter/internal/stripe/webhook.go:57.18,59.3 1 0
react-golang-starter/internal/stripe/webhook.go:62.2,63.110 2 0
react-golang-starter/internal/stripe/webhook.go:63.110,66.3 2 0
react-golang-starter/internal/stripe/webhook.go:68.2,79.33 2 0
react-golang-starter/internal/stripe/webhook.go:79.33,81.3 1 0
react-golang-starter/internal/stripe/webhook.go:83.2,87.48 1 0
react-golang-starter/internal/stripe/webhook.go:97.88,100.115 2 0
react-golang-starter/internal/stripe/webhook.go:100.115,102.3 1 0
react-golang-starter/internal/stripe/webhook.go:105.2,106.116 2 0
react-golang-starter/internal/stripe/webhook.go:106.116,108.3 1 0
react-golang-starter/internal/stripe/webhook.go:110.2,110.36 1 0
react-golang-starter/internal/stripe/webhook.go:122.53,123.54 1 1
react-golang-starter/internal/stripe/webhook.go:123.54,128.17 4 1
react-golang-starter/internal/stripe/webhook.go:128.17,136.19 4 1
react-golang-starter/internal/stripe/webhook.go:136.19,138.5 1 0
react-golang-starter/internal/stripe/webhook.go:139.4,139.10 1 1
react-golang-starter/internal/stripe/webhook.go:143.3,145.17 3 1
react-golang-starter/internal/stripe/webhook.go:145.17,153.19 4 1
react-golang-starter/internal/stripe/webhook.go:153.19,155.5 1 0
react-golang-starter/internal/stripe/webhook.go:156.4,156.10 1 1
react-golang-starter/internal/stripe/webhook.go:159.3,162.21 2 1
react-golang-starter/internal/stripe/webhook.go:163.37,165.67 2 0
react-golang-starter/internal/stripe/webhook.go:165.67,167.10 2 0
react-golang-starter/internal/stripe/webhook.go:169.4,169.57 1 0
react-golang-starter/internal/stripe/webhook.go:171.40,173.63 2 0
react-golang-starter/internal/stripe/webhook.go:173.63,175.10 2 0
react-golang-starter/internal/stripe/webhook.go:177.4,177.48 1 0
react-golang-starter/internal/stripe/webhook.go:179.40,181.63 2 0
react-golang-starter/internal/stripe/webhook.go:181.63,183.10 2 0
react-golang-starter/internal/stripe/webhook.go:185.4,185.48 1 0
react-golang-starter/internal/stripe/webhook.go:187.40,189.63 2 0
react-golang-starter/internal/stripe/webhook.go:189.63,191.10 2 0
react-golang-starter/internal/stripe/webhook.go:193.4,193.48 1 0
react-golang-starter/internal/stripe/webhook.go:195.33,197.67 2 0
react-golang-starter/internal/stripe/webhook.go:197.67,199.10 2 0
react-golang-starter/internal/stripe/webhook.go:201.4,201.46 1 0
react-golang-starter/internal/stripe/webhook.go:203.11,204.89 1 1
react-golang-starter/internal/stripe/webhook.go:207.3,211.18 2 1
react-golang-starter/internal/stripe/webhook.go:211.18,213.4 1 0
react-golang-starter/internal/stripe/webhook.go:218.91,227.125 3 0
react-golang-starter/internal/stripe/webhook.go:227.125,230.3 2 0
react-golang-starter/internal/stripe/webhook.go:234.2,234.72 1 0
react-golang-starter/internal/stripe/webhook.go:238.79,247.16 3 0
react-golang-starter/internal/stripe/webhook.go:247.16,250.3 2 0
react-golang-starter/internal/stripe/webhook.go:253.2,254.29 2 0
react-golang-starter/internal/stripe/webhook.go:254.29,256.3 1 0
react-golang-starter/internal/stripe/webhook.go:258.2,258.22 1 0
react-golang-starter/internal/stripe/webhook.go:258.22,261.3 1 0
react-golang-starter/internal/stripe/webhook.go:261.8,264.3 1 0
react-golang-starter/internal/stripe/webhook.go:268.118,281.81 2 0
react-golang-starter/internal/stripe/webhook.go:281.81,284.3 2 0
react-golang-starter/internal/stripe/webhook.go:287.2,287.102 1 0
react-golang-starter/internal/stripe/webhook.go:287.102,290.71 3 0
react-golang-starter/internal/stripe/webhook.go:290.71,292.4 1 0
react-golang-starter/internal/stripe/webhook.go:295.2,308.3 3 0
react-golang-starter/internal/stripe/webhook.go:312.124,315.144 2 0
react-golang-starter/internal/stripe/webhook.go:315.144,318.3 2 0
react-golang-starter/internal/stripe/webhook.go:320.2,334.81 3 0
react-golang-starter/internal/stripe/webhook.go:334.81,337.3 2 0
react-golang-starter/internal/stripe/webhook.go:340.2,344.23 2 0
react-golang-starter/internal/stripe/webhook.go:344.23,346.3 1 0
react-golang-starter/internal/stripe/webhook.go:348.2,361.3 2 0
react-golang-starter/internal/stripe/webhook.go:370.65,371.19 1 1
react-golang-starter/internal/stripe/webhook.go:371.19,373.3 1 1
react-golang-starter/internal/stripe/webhook.go:375.2,378.75 2 1
react-golang-starter/internal/stripe/webhook.go:378.75,380.3 1 1
react-golang-starter/internal/stripe/webhook.go:383.2,383.69 1 1
react-golang-starter/internal/stripe/webhook.go:383.69,385.3 1 1
react-golang-starter/internal/stripe/webhook.go:388.2,388.26 1 1
react-golang-starter/internal/stripe/webhook.go:392.79,400.124 3 0
react-golang-starter/internal/stripe/webhook.go:400.124,403.3 2 0
react-golang-starter/internal/stripe/webhook.go:406.2,407.29 2 0
react-golang-starter/internal/stripe/webhook.go:407.29,409.3 1 0
react-golang-starter/internal/stripe/webhook.go:412.2,419.24 7 0
react-golang-starter/internal/stripe/webhook.go:419.24,421.3 1 0
react-golang-starter/internal/stripe/webhook.go:423.2,423.79 1 0
react-golang-starter/internal/stripe/webhook.go:423.79,426.3 2 0
react-golang-starter/internal/stripe/webhook.go:429.2,430.27 2 0
react-golang-starter/internal/stripe/webhook.go:430.27,432.3 1 0
react-golang-starter/internal/stripe/webhook.go:432.8,432.59 1 0
react-golang-starter/internal/stripe/webhook.go:432.59,434.3 1 0
react-golang-starter/internal/stripe/webhook.go:434.8,436.3 1 0
react-golang-starter/internal/stripe/webhook.go:439.2,439.76 1 0
react-golang-starter/internal/stripe/webhook.go:439.76,443.46 2 0
react-golang-starter/internal/stripe/webhook.go:443.46,445.4 1 0
react-golang-starter/internal/stripe/webhook.go:446.3,459.4 2 0
react-golang-starter/internal/stripe/webhook.go:460.8,477.3 4 0
react-golang-starter/internal/stripe/webhook.go:481.79,488.124 3 0
react-golang-starter/internal/stripe/webhook.go:488.124,491.3 2 0
react-golang-starter/internal/stripe/webhook.go:494.2,498.79 4 0
react-golang-starter/internal/stripe/webhook.go:498.79,501.3 2 0
react-golang-starter/internal/stripe/webhook.go:504.2,504.76 1 0
react-golang-starter/internal/stripe/webhook.go:504.76,510.25 1 0
react-golang-starter/internal/stripe/webhook.go:510.25,512.4 1 0
react-golang-starter/internal/stripe/webhook.go:513.3,526.4 2 0
react-golang-starter/internal/stripe/webhook.go:527.8,544.3 4 0
react-golang-starter/internal/stripe/webhook.go:548.72,554.33 2 0
react-golang-starter/internal/stripe/webhook.go:554.33,556.3 1 0
react-golang-starter/internal/stripe/webhook.go:559.2,560.141 2 0
react-golang-starter/internal/stripe/webhook.go:560.141,563.3 2 0
react-golang-starter/internal/stripe/webhook.go:566.2,569.79 3 0
react-golang-starter/internal/stripe/webhook.go:569.79,572.3 2 0
react-golang-starter/internal/stripe/webhook.go:574.2,577.76 2 0
react-golang-starter/internal/stripe/webhook.go:577.76,589.3 1 0
react-golang-starter/internal/stripe/webhook.go:589.8,600.3 1 0
react-golang-starter/internal/stripe/webhook.go:604.87,606.80 2 0
react-golang-starter/internal/stripe/webhook.go:606.80,609.3 2 0
react-golang-starter/internal/stripe/webhook.go:612.2,612.73 1 0
react-golang-starter/internal/stripe/webhook.go:612.73,614.3 1 0
react-golang-starter/internal/stripe/webhook.go:616.2,617.16 2 0
react-golang-starter/internal/stripe/webhook.go:618.74,619.31 1 0
react-golang-starter/internal/stripe/webhook.go:620.40,622.31 1 0
react-golang-starter/internal/stripe/webhook.go:623.10,625.28 1 0
react-golang-starter/internal/stripe/webhook.go:628.2,628.26 1 0
react-golang-starter/internal/stripe/webhook.go:628.26,631.72 3 0
react-golang-starter/internal/stripe/webhook.go:631.72,634.4 2 0
react-golang-starter/internal/stripe/webhook.go:635.3,635.86 1 0
react-golang-starter/internal/stripe/webhook.go:640.72,642.76 2 0
react-golang-starter/internal/stripe/webhook.go:642.76,645.3 2 0
react-golang-starter/internal/stripe/webhook.go:646.2,646.88 1 0
react-golang-starter/internal/stripe/config.go:22.30,34.2 1 1
react-golang-starter/internal/stripe/config.go:37.27,40.54 2 1
react-golang-starter/internal/stripe/config.go:40.54,42.3 1 1
react-golang-starter/internal/stripe/config.go:43.2,43.59 1 1
react-golang-starter/internal/stripe/config.go:43.59,45.3 1 1
react-golang-starter/internal/stripe/config.go:46.2,46.58 1 1
react-golang-starter/internal/stripe/config.go:46.58,48.3 1 1
react-golang-starter/internal/stripe/config.go:49.2,49.55 1 1
react-golang-starter/internal/stripe/config.go:49.55,51.3 1 1
react-golang-starter/internal/stripe/config.go:52.2,52.54 1 1
react-golang-starter/internal/stripe/config.go:52.54,54.3 1 1
react-golang-starter/internal/stripe/config.go:55.2,55.61 1 1
react-golang-starter/internal/stripe/config.go:55.61,57.3 1 1
react-golang-starter/internal/stripe/config.go:58.2,58.60 1 1
react-golang-starter/internal/stripe/config.go:58.60,60.3 1 1
react-golang-starter/internal/stripe/config.go:61.2,61.63 1 1
react-golang-starter/internal/stripe/config.go:61.63,63.3 1 1
react-golang-starter/internal/stripe/config.go:66.2,66.51 1 1
react-golang-starter/internal/stripe/config.go:66.51,68.3 1 1
react-golang-starter/internal/stripe/config.go:68.8,70.3 1 1
react-golang-starter/internal/stripe/config.go:72.2,72.15 1 1
react-golang-starter/internal/stripe/config.go:76.35,77.16 1 1
react-golang-starter/internal/stripe/config.go:77.16,79.3 1 1
react-golang-starter/internal/stripe/config.go:81.2,81.23 1 1
react-golang-starter/internal/stripe/config.go:81.23,83.3 1 1
react-golang-starter/internal/stripe/config.go:84.2,84.28 1 1
react-golang-starter/internal/stripe/config.go:84.28,86.3 1 1
react-golang-starter/internal/stripe/config.go:88.2,88.12 1 1
react-golang-starter/internal/stripe/handlers.go:21.42,22.54 1 0
react-golang-starter/internal/stripe/handlers.go:22.54,30.61 4 0
react-golang-starter/internal/stripe/handlers.go:30.61,32.4 1 0
react-golang-starter/internal/stripe/handlers.go:44.34,45.54 1 0
react-golang-starter/internal/stripe/handlers.go:45.54,48.25 2 0
react-golang-starter/internal/stripe/handlers.go:48.25,55.19 3 0
react-golang-starter/internal/stripe/handlers.go:55.19,57.5 1 0
react-golang-starter/internal/stripe/handlers.go:58.4,58.10 1 0
react-golang-starter/internal/stripe/handlers.go:61.3,62.17 2 0
react-golang-starter/internal/stripe/handlers.go:62.17,70.19 4 0
react-golang-starter/internal/stripe/handlers.go:70.19,72.5 1 0
react-golang-starter/internal/stripe/handlers.go:73.4,73.10 1 0
react-golang-starter/internal/stripe/handlers.go:77.3,78.28 2 0
react-golang-starter/internal/stripe/handlers.go:78.28,86.26 2 0
react-golang-starter/internal/stripe/handlers.go:86.26,88.5 1 0
react-golang-starter/internal/stripe/handlers.go:90.4,90.24 1 0
react-golang-starter/internal/stripe/handlers.go:90.24,93.5 2 0
react-golang-starter/internal/stripe/handlers.go:95.4,95.31 1 0
react-golang-starter/internal/stripe/handlers.go:98.3,99.58 2 0
react-golang-starter/internal/stripe/handlers.go:99.58,101.4 1 0
react-golang-starter/internal/stripe/handlers.go:118.61,119.54 1 0
react-golang-starter/internal/stripe/handlers.go:119.54,122.25 2 0
react-golang-starter/internal/stripe/handlers.go:122.25,129.19 3 0
react-golang-starter/internal/stripe/handlers.go:129.19,131.5 1 0
react-golang-starter/internal/stripe/handlers.go:132.4,132.10 1 0
react-golang-starter/internal/stripe/handlers.go:136.3,137.10 2 0
react-golang-starter/internal/stripe/handlers.go:137.10,144.19 3 0
react-golang-starter/internal/stripe/handlers.go:144.19,146.5 1 0
react-golang-starter/internal/stripe/handlers.go:147.4,147.10 1 0
react-golang-starter/internal/stripe/handlers.go:151.3,152.62 2 0
react-golang-starter/internal/stripe/handlers.go:152.62,159.19 3 0
react-golang-starter/internal/stripe/handlers.go:159.19,161.5 1 0
react-golang-starter/internal/stripe/handlers.go:162.4,162.10 1 0
react-golang-starter/internal/stripe/handlers.go:165.3,165.24 1 0
react-golang-starter/internal/stripe/handlers.go:165.24,172.19 3 0
react-golang-starter/internal/stripe/handlers.go:172.19,174.5 1 0
react-golang-starter/internal/stripe/handlers.go:175.4,175.10 1 0
react-golang-starter/internal/stripe/handlers.go:179.3,180.64 2 0
react-golang-starter/internal/stripe/handlers.go:180.64,187.19 3 0
react-golang-starter/internal/stripe/handlers.go:187.19,189.5 1 0
react-golang-starter/internal/stripe/handlers.go:190.4,190.10 1 0
react-golang-starter/internal/stripe/handlers.go:194.3,195.17 2 0
react-golang-starter/internal/stripe/handlers.go:195.17,203.19 4 0
react-golang-starter/internal/stripe/handlers.go:203.19,205.5 1 0
react-golang-starter/internal/stripe/handlers.go:206.4,206.10 1 0
react-golang-starter/internal/stripe/handlers.go:210.3,211.17 2 0
react-golang-starter/internal/stripe/handlers.go:211.17,219.19 4 0
react-golang-starter/internal/stripe/handlers.go:219.19,221.5 1 0
react-golang-starter/internal/stripe/handlers.go:222.4,222.10 1 0
react-golang-starter/internal/stripe/handlers.go:225.3,231.61 3 0
react-golang-starter/internal/stripe/handlers.go:231.61,233.4 1 0
react-golang-starter/internal/stripe/handlers.go:247.59,248.54 1 0
react-golang-starter/internal/stripe/handlers.go:248.54,251.25 2 0
react-golang-starter/internal/stripe/handlers.go:251.25,258.19 3 0
react-golang-starter/internal/stripe/handlers.go:258.19,260.5 1 0
react-golang-starter/internal/stripe/handlers.go:261.4,261.10 1 0
react-golang-starter/internal/stripe/handlers.go:265.3,266.10 2 0
react-golang-starter/internal/stripe/handlers.go:266.10,273.19 3 0
react-golang-starter/internal/stripe/handlers.go:273.19,275.5 1 0
react-golang-starter/internal/stripe/handlers.go:276.4,276.10 1 0
react-golang-starter/internal/stripe/handlers.go:280.3,281.64 2 0
react-golang-starter/internal/stripe/handlers.go:281.64,288.19 3 0
react-golang-starter/internal/stripe/handlers.go:288.19,290.5 1 0
react-golang-starter/internal/stripe/handlers.go:291.4,291.10 1 0
react-golang-starter/internal/stripe/handlers.go:294.3,294.67 1 0
react-golang-starter/internal/stripe/handlers.go:294.67,301.19 3 0
react-golang-starter/internal/stripe/handlers.go:301.19,303.5 1 0
react-golang-starter/internal/stripe/handlers.go:304.4,304.10 1 0
react-golang-starter/internal/stripe/handlers.go:308.3,309.17 2 0
react-golang-starter/internal/stripe/handlers.go:309.17,317.19 4 0
react-golang-starter/internal/stripe/handlers.go:317.19,319.5 1 0
react-golang-starter/internal/stripe/handlers.go:320.4,320.10 1 0
react-golang-starter/internal/stripe/handlers.go:323.3,328.61 3 0
react-golang-starter/internal/stripe/handlers.go:328.61,330.4 1 0
react-golang-starter/internal/stripe/handlers.go:344.41,345.54 1 0
react-golang-starter/internal/stripe/handlers.go:345.54,348.10 2 0
react-golang-starter/internal/stripe/handlers.go:348.10,355.19 3 0
react-golang-starter/internal/stripe/handlers.go:355.19,357.5 1 0
react-golang-starter/internal/stripe/handlers.go:358.4,358.10 1 0
react-golang-starter/internal/stripe/handlers.go:362.3,363.93 2 0
react-golang-starter/internal/stripe/handlers.go:363.93,370.19 3 0
react-golang-starter/internal/stripe/handlers.go:370.19,372.5 1 0
react-golang-starter/internal/stripe/handlers.go:373.4,373.10 1 0
react-golang-starter/internal/stripe/handlers.go:376.3,377.90 2 0
react-golang-starter/internal/stripe/handlers.go:377.90,379.4 1 0
react-golang-starter/internal/stripe/middleware.go:13.53,14.71 1 0
react-golang-starter/internal/stripe/middleware.go:14.71,16.10 2 0
react-golang-starter/internal/stripe/middleware.go:16.10,23.19 3 0
react-golang-starter/internal/stripe/middleware.go:23.19,25.5 1 0
react-golang-starter/internal/stripe/middleware.go:26.4,26.10 1 0
react-golang-starter/internal/stripe/middleware.go:30.3,31.64 2 0
react-golang-starter/internal/stripe/middleware.go:31.64,38.19 3 0
react-golang-starter/internal/stripe/middleware.go:38.19,40.5 1 0
react-golang-starter/internal/stripe/middleware.go:41.4,41.10 1 0
react-golang-starter/internal/stripe/middleware.go:45.3,45.81 1 0
react-golang-starter/internal/stripe/middleware.go:45.81,52.19 3 0
react-golang-starter/internal/stripe/middleware.go:52.19,54.5 1 0
react-golang-starter/internal/stripe/middleware.go:55.4,55.10 1 0
react-golang-starter/internal/stripe/middleware.go:58.3,58.23 1 0
react-golang-starter/internal/stripe/middleware.go:63.64,64.71 1 0
react-golang-starter/internal/stripe/middleware.go:64.71,66.10 2 0
react-golang-starter/internal/stripe/middleware.go:66.10,73.19 3 0
react-golang-starter/internal/stripe/middleware.go:73.19,75.5 1 0
react-golang-starter/internal/stripe/middleware.go:76.4,76.10 1 0
react-golang-starter/internal/stripe/middleware.go:80.3,85.45 2 0
react-golang-starter/internal/stripe/middleware.go:85.45,92.19 3 0
react-golang-starter/internal/stripe/middleware.go:92.19,94.5 1 0
react-golang-starter/internal/stripe/middleware.go:95.4,95.10 1 0
react-golang-starter/internal/stripe/middleware.go:98.3,98.23 1 0
react-golang-starter/internal/stripe/service.go:57.39,60.17 2 1
react-golang-starter/internal/stripe/service.go:60.17,61.43 1 1
react-golang-starter/internal/stripe/service.go:61.43,64.4 2 1
react-golang-starter/internal/stripe/service.go:66.3,66.22 1 1
react-golang-starter/internal/stripe/service.go:66.22,70.4 3 1
react-golang-starter/internal/stripe/service.go:73.3,79.47 3 0
react-golang-starter/internal/stripe/service.go:82.2,82.16 1 1
react-golang-starter/internal/stripe/service.go:86.27,90.2 3 1
react-golang-starter/internal/stripe/service.go:93.25,96.2 2 1
react-golang-starter/internal/stripe/service.go:99.96,109.16 3 0
react-golang-starter/internal/stripe/service.go:109.16,111.3 1 0
react-golang-starter/internal/stripe/service.go:113.2,113.21 1 0
react-golang-starter/internal/stripe/service.go:117.101,119.66 1 0
react-golang-starter/internal/stripe/service.go:119.66,121.3 1 0
react-golang-starter/internal/stripe/service.go:124.2,125.16 2 0
react-golang-starter/internal/stripe/service.go:125.16,127.3 1 0
react-golang-starter/internal/stripe/service.go:130.2,132.53 3 0
react-golang-starter/internal/stripe/service.go:132.53,135.3 2 0
react-golang-starter/internal/stripe/service.go:137.2,137.24 1 0
react-golang-starter/internal/stripe/service.go:141.152,156.2 2 0
react-golang-starter/internal/stripe/service.go:159.134,166.2 2 0
react-golang-starter/internal/stripe/service.go:169.115,171.2 1 0
react-golang-starter/internal/stripe/service.go:174.142,175.23 1 0
react-golang-starter/internal/stripe/service.go:175.23,180.3 2 0
react-golang-starter/internal/stripe/service.go:182.2,182.49 1 0
react-golang-starter/internal/stripe/service.go:186.81,194.18 5 0
react-golang-starter/internal/stripe/service.go:194.18,196.3 1 0
react-golang-starter/internal/stripe/service.go:198.2,198.35 1 0
react-golang-starter/internal/stripe/service.go:198.35,200.3 1 0
react-golang-starter/internal/stripe/service.go:202.2,202.20 1 0
react-golang-starter/internal/stripe/service.go:206.52,208.2 1 1
react-golang-starter/internal/stripe/service.go:211.44,213.2 1 1
react-golang-starter/internal/stripe/service.go:218.94,220.2 1 1
react-golang-starter/internal/stripe/service.go:222.99,224.2 1 1
react-golang-starter/internal/stripe/service.go:226.150,228.2 1 1
react-golang-starter/internal/stripe/service.go:230.132,232.2 1 1
react-golang-starter/internal/stripe/service.go:234.113,236.2 1 1
react-golang-starter/internal/stripe/service.go:238.140,240.2 1 1
react-golang-starter/internal/stripe/service.go:242.79,244.2 1 1
react-golang-starter/internal/stripe/service.go:246.50,248.2 1 1
react-golang-starter/internal/stripe/service.go:250.42,252.2 1 1
react-golang-starter/internal/stripe/webhook.go:26.26,28.2 1 0
react-golang-starter/internal/stripe/webhook.go:31.134,32.18 1 0
react-golang-starter/internal/stripe/webhook.go:32.18,34.3 1 0
react-golang-starter/internal/stripe/webhook.go:36.2,52.44 3 0
react-golang-starter/internal/stripe/webhook.go:56.157,57.18 1 0
react-golang-starter/internal/stripe/webhook.go:57.18,59.3 1 0
react-golang-starter/internal/stripe/webhook.go:62.2,63.110 2 0
react-golang-starter/internal/stripe/webhook.go:63.110,66.3 2 0
react-golang-starter/internal/stripe/webhook.go:68.2,79.33 2 0
react-golang-starter/internal/stripe/webhook.go:79.33,81.3 1 0
react-golang-starter/internal/stripe/webhook.go:83.2,87.48 1 0
react-golang-starter/internal/stripe/webhook.go:97.88,100.115 2 0
react-golang-starter/internal/stripe/webhook.go:100.115,102.3 1 0
react-golang-starter/internal/stripe/webhook.go:105.2,106.116 2 0
react-golang-starter/internal/stripe/webhook.go:106.116,108.3 1 0
react-golang-starter/internal/stripe/webhook.go:110.2,110.36 1 0
react-golang-starter/internal/stripe/webhook.go:122.53,123.54 1 1
react-golang-starter/internal/stripe/webhook.go:123.54,128.17 4 1
react-golang-starter/internal/stripe/webhook.go:128.17,136.19 4 1
react-golang-starter/internal/stripe/webhook.go:136.19,138.5 1 0
react-golang-starter/internal/stripe/webhook.go:139.4,139.10 1 1
react-golang-starter/internal/stripe/webhook.go:143.3,145.17 3 1
react-golang-starter/internal/stripe/webhook.go:145.17,153.19 4 1
react-golang-starter/internal/stripe/webhook.go:153.19,155.5 1 0
react-golang-starter/internal/stripe/webhook.go:156.4,156.10 1 1
react-golang-starter/internal/stripe/webhook.go:159.3,162.21 2 1
react-golang-starter/internal/stripe/webhook.go:163.37,165.67 2 0
react-golang-starter/internal/stripe/webhook.go:165.67,167.10 2 0
react-golang-starter/internal/stripe/webhook.go:169.4,169.57 1 0
react-golang-starter/internal/stripe/webhook.go:171.40,173.63 2 0
react-golang-starter/internal/stripe/webhook.go:173.63,175.10 2 0
react-golang-starter/internal/stripe/webhook.go:177.4,177.48 1 0
react-golang-starter/internal/stripe/webhook.go:179.40,181.63 2 0
react-golang-starter/internal/stripe/webhook.go:181.63,183.10 2 0
react-golang-starter/internal/stripe/webhook.go:185.4,185.48 1 0
react-golang-starter/internal/stripe/webhook.go:187.40,189.63 2 0
react-golang-starter/internal/stripe/webhook.go:189.63,191.10 2 0
react-golang-starter/internal/stripe/webhook.go:193.4,193.48 1 0
react-golang-starter/internal/stripe/webhook.go:195.33,197.67 2 0
react-golang-starter/internal/stripe/webhook.go:197.67,199.10 2 0
react-golang-starter/internal/stripe/webhook.go:201.4,201.46 1 0
react-golang-starter/internal/stripe/webhook.go:203.11,204.89 1 1
react-golang-starter/internal/stripe/webhook.go:207.3,211.18 2 1
react-golang-starter/internal/stripe/webhook.go:211.18,213.4 1 0
react-golang-starter/internal/stripe/webhook.go:218.91,227.125 3 0
react-golang-starter/internal/stripe/webhook.go:227.125,230.3 2 0
react-golang-starter/internal/stripe/webhook.go:234.2,234.72 1 0
react-golang-starter/internal/stripe/webhook.go:238.79,247.16 3 0
react-golang-starter/internal/stripe/webhook.go:247.16,250.3 2 0
react-golang-starter/internal/stripe/webhook.go:253.2,254.29 2 0
react-golang-starter/internal/stripe/webhook.go:254.29,256.3 1 0
react-golang-starter/internal/stripe/webhook.go:258.2,258.22 1 0
react-golang-starter/internal/stripe/webhook.go:258.22,261.3 1 0
react-golang-starter/internal/stripe/webhook.go:261.8,264.3 1 0
react-golang-starter/internal/stripe/webhook.go:268.118,281.81 2 0
react-golang-starter/internal/stripe/webhook.go:281.81,284.3 2 0
react-golang-starter/internal/stripe/webhook.go:287.2,287.102 1 0
react-golang-starter/internal/stripe/webhook.go:287.102,290.71 3 0
react-golang-starter/internal/stripe/webhook.go:290.71,292.4 1 0
react-golang-starter/internal/stripe/webhook.go:295.2,308.3 3 0
react-golang-starter/internal/stripe/webhook.go:312.124,315.144 2 0
react-golang-starter/internal/stripe/webhook.go:315.144,318.3 2 0
react-golang-starter/internal/stripe/webhook.go:320.2,334.81 3 0
react-golang-starter/internal/stripe/webhook.go:334.81,337.3 2 0
react-golang-starter/internal/stripe/webhook.go:340.2,344.23 2 0
react-golang-starter/internal/stripe/webhook.go:344.23,346.3 1 0
react-golang-starter/internal/stripe/webhook.go:348.2,361.3 2 0
react-golang-starter/internal/stripe/webhook.go:370.65,371.19 1 1
react-golang-starter/internal/stripe/webhook.go:371.19,373.3 1 1
react-golang-starter/internal/stripe/webhook.go:375.2,378.75 2 1
react-golang-starter/internal/stripe/webhook.go:378.75,380.3 1 1
react-golang-starter/internal/stripe/webhook.go:383.2,383.69 1 1
react-golang-starter/internal/stripe/webhook.go:383.69,385.3 1 1
react-golang-starter/internal/stripe/webhook.go:388.2,388.26 1 1
react-golang-starter/internal/stripe/webhook.go:392.79,400.124 3 0
react-golang-starter/internal/stripe/webhook.go:400.124,403.3 2 0
react-golang-starter/internal/stripe/webhook.go:406.2,407.29 2 0
react-golang-starter/internal/stripe/webhook.go:407.29,409.3 1 0
react-golang-starter/internal/stripe/webhook.go:412.2,419.24 7 0
react-golang-starter/internal/stripe/webhook.go:419.24,421.3 1 0
react-golang-starter/internal/stripe/webhook.go:423.2,423.79 1 0
react-golang-starter/internal/stripe/webhook.go:423.79,426.3 2 0
react-golang-starter/internal/stripe/webhook.go:429.2,430.27 2 0
react-golang-starter/internal/stripe/webhook.go:430.27,432.3 1 0
react-golang-starter/internal/stripe/webhook.go:432.8,432.59 1 0
react-golang-starter/internal/stripe/webhook.go:432.59,434.3 1 0
react-golang-starter/internal/stripe/webhook.go:434.8,436.3 1 0
react-golang-starter/internal/stripe/webhook.go:439.2,439.76 1 0
react-golang-starter/internal/stripe/webhook.go:439.76,443.46 2 0
react-golang-starter/internal/stripe/webhook.go:443.46,445.4 1 0
react-golang-starter/internal/stripe/webhook.go:446.3,459.4 2 0
react-golang-starter/internal/stripe/webhook.go:460.8,477.3 4 0
react-golang-starter/internal/stripe/webhook.go:481.79,488.124 3 0
react-golang-starter/internal/stripe/webhook.go:488.124,491.3 2 0
react-golang-starter/internal/stripe/webhook.go:494.2,498.79 4 0
react-golang-starter/internal/stripe/webhook.go:498.79,501.3 2 0
react-golang-starter/internal/stripe/webhook.go:504.2,504.76 1 0
react-golang-starter/internal/stripe/webhook.go:504.76,510.25 1 0
react-golang-starter/internal/stripe/webhook.go:510.25,512.4 1 0
react-golang-starter/internal/stripe/webhook.go:513.3,526.4 2 0
react-golang-starter/internal/stripe/webhook.go:527.8,544.3 4 0
react-golang-starter/internal/stripe/webhook.go:548.72,554.33 2 0
react-golang-starter/internal/stripe/webhook.go:554.33,556.3 1 0
react-golang-starter/internal/stripe/webhook.go:559.2,560.141 2 0
react-golang-starter/internal/stripe/webhook.go:560.141,563.3 2 0
react-golang-starter/internal/stripe/webhook.go:566.2,569.79 3 0
react-golang-starter/internal/stripe/webhook.go:569.79,572.3 2 0
react-golang-starter/internal/stripe/webhook.go:574.2,577.76 2 0
react-golang-starter/internal/stripe/webhook.go:577.76,589.3 1 0
react-golang-starter/internal/stripe/webhook.go:589.8,600.3 1 0
react-golang-starter/internal/stripe/webhook.go:604.87,606.80 2 0
react-golang-starter/internal/stripe/webhook.go:606.80,609.3 2 0
react-golang-starter/internal/stripe/webhook.go:612.2,612.73 1 0
react-golang-starter/internal/stripe/webhook.go:612.73,614.3 1 0
react-golang-starter/internal/stripe/webhook.go:616.2,617.16 2 0
react-golang-starter/internal/stripe/webhook.go:618.74,619.31 1 0
react-golang-starter/internal/stripe/webhook.go:620.40,622.31 1 0
react-golang-starter/internal/stripe/webhook.go:623.10,625.28 1 0
react-golang-starter/internal/stripe/webhook.go:628.2,628.26 1 0
react-golang-starter/internal/stripe/webhook.go:628.26,631.72 3 0
react-golang-starter/internal/stripe/webhook.go:631.72,634.4 2 0
react-golang-starter/internal/stripe/webhook.go:635.3,635.86 1 0
react-golang-starter/internal/stripe/webhook.go:640.72,642.76 2 0
react-golang-starter/internal/stripe/webhook.go:642.76,645.3 2 0
react-golang-starter/internal/stripe/webhook.go:646.2,646.88 1 0
react-golang-starter/internal/stripe/config.go:22.30,34.2 1 1
react-golang-starter/internal/stripe/config.go:37.27,40.54 2 1
react-golang-starter/internal/stripe/config.go:40.54,42.3 1 1
react-golang-starter/internal/stripe/config.go:43.2,43.59 1 1
react-golang-starter/internal/stripe/config.go:43.59,45.3 1 1
react-golang-starter/internal/stripe/config.go:46.2,46.58 1 1
react-golang-starter/internal/stripe/config.go:46.58,48.3 1 1
react-golang-starter/internal/stripe/config.go:49.2,49.55 1 1
react-golang-starter/internal/stripe/config.go:49.55,51.3 1 1
react-golang-starter/internal/stripe/config.go:52.2,52.54 1 1
react-golang-starter/internal/stripe/config.go:52.54,54.3 1 1
react-golang-starter/internal/stripe/config.go:55.2,55.61 1 1
react-golang-starter/internal/stripe/config.go:55.61,57.3 1 1
react-golang-starter/internal/stripe/config.go:58.2,58.60 1 1
react-golang-starter/internal/stripe/config.go:58.60,60.3 1 1
react-golang-starter/internal/stripe/config.go:61.2,61.63 1 1
react-golang-starter/internal/stripe/config.go:61.63,63.3 1 1
react-golang-starter/internal/stripe/config.go:66.2,66.51 1 1
react-golang-starter/internal/stripe/config.go:66.51,68.3 1 1
react-golang-starter/internal/stripe/config.go:68.8,70.3 1 1
react-golang-starter/internal/stripe/config.go:72.2,72.15 1 1
react-golang-starter/internal/stripe/config.go:76.35,77.16 1 1
react-golang-starter/internal/stripe/config.go:77.16,79.3 1 1
react-golang-starter/internal/stripe/config.go:81.2,81.23 1 1
react-golang-starter/internal/stripe/config.go:81.23,83.3 1 1
react-golang-starter/internal/stripe/config.go:84.2,84.28 1 1
react-golang-starter/internal/stripe/config.go:84.28,86.3 1 1
react-golang-starter/internal/stripe/config.go:88.2,88.12 1 1
react-golang-starter/internal/stripe/handlers.go:21.42,22.54 1 0
react-golang-starter/internal/stripe/handlers.go:22.54,30.61 4 0
react-golang-starter/internal/stripe/handlers.go:30.61,32.4 1 0
react-golang-starter/internal/stripe/handlers.go:44.34,45.54 1 0
react-golang-starter/internal/stripe/handlers.go:45.54,48.25 2 0
react-golang-starter/internal/stripe/handlers.go:48.25,55.19 3 0
react-golang-starter/internal/stripe/handlers.go:55.19,57.5 1 0
react-golang-starter/internal/stripe/handlers.go:58.4,58.10 1 0
react-golang-starter/internal/stripe/handlers.go:61.3,62.17 2 0
react-golang-starter/internal/stripe/handlers.go:62.17,70.19 4 0
react-golang-starter/internal/stripe/handlers.go:70.19,72.5 1 0
react-golang-starter/internal/stripe/handlers.go:73.4,73.10 1 0
react-golang-starter/internal/stripe/handlers.go:77.3,78.28 2 0
react-golang-starter/internal/stripe/handlers.go:78.28,86.26 2 0
react-golang-starter/internal/stripe/handlers.go:86.26,88.5 1 0
react-golang-starter/internal/stripe/handlers.go:90.4,90.24 1 0
react-golang-starter/internal/stripe/handlers.go:90.24,93.5 2 0
react-golang-starter/internal/stripe/handlers.go:95.4,95.31 1 0
react-golang-starter/internal/stripe/handlers.go:98.3,99.58 2 0
react-golang-starter/internal/stripe/handlers.go:99.58,101.4 1 0
react-golang-starter/internal/stripe/handlers.go:118.61,119.54 1 0
react-golang-starter/internal/stripe/handlers.go:119.54,122.25 2 0
react-golang-starter/internal/stripe/handlers.go:122.25,129.19 3 0
react-golang-starter/internal/stripe/handlers.go:129.19,131.5 1 0
react-golang-starter/internal/stripe/handlers.go:132.4,132.10 1 0
react-golang-starter/internal/stripe/handlers.go:136.3,137.10 2 0
react-golang-starter/internal/stripe/handlers.go:137.10,144.19 3 0
react-golang-starter/internal/stripe/handlers.go:144.19,146.5 1 0
react-golang-starter/internal/stripe/handlers.go:147.4,147.10 1 0
react-golang-starter/internal/stripe/handlers.go:151.3,152.62 2 0
react-golang-starter/internal/stripe/handlers.go:152.62,159.19 3 0
react-golang-starter/internal/stripe/handlers.go:159.19,161.5 1 0
react-golang-starter/internal/stripe/handlers.go:162.4,162.10 1 0
react-golang-starter/internal/stripe/handlers.go:165.3,165.24 1 0
react-golang-starter/internal/stripe/handlers.go:165.24,172.19 3 0
react-golang-starter/internal/stripe/handlers.go:172.19,174.5 1 0
react-golang-starter/internal/stripe/handlers.go:175.4,175.10 1 0
react-golang-starter/internal/stripe/handlers.go:179.3,180.64 2 0
react-golang-starter/internal/stripe/handlers.go:180.64,187.19 3 0
react-golang-starter/internal/stripe/handlers.go:187.19,189.5 1 0
react-golang-starter/internal/stripe/handlers.go:190.4,190.10 1 0
react-golang-starter/internal/stripe/handlers.go:194.3,195.17 2 0
react-golang-starter/internal/stripe/handlers.go:195.17,203.19 4 0
react-golang-starter/internal/stripe/handlers.go:203.19,205.5 1 0
react-golang-starter/internal/stripe/handlers.go:206.4,206.10 1 0
react-golang-starter/internal/stripe/handlers.go:210.3,211.17 2 0
react-golang-starter/internal/stripe/handlers.go:211.17,219.19 4 0
react-golang-starter/internal/stripe/handlers.go:219.19,221.5 1 0
react-golang-starter/internal/stripe/handlers.go:222.4,222.10 1 0
react-golang-starter/internal/stripe/handlers.go:225.3,231.61 3 0
react-golang-starter/internal/stripe/handlers.go:231.61,233.4 1 0
react-golang-starter/internal/stripe/handlers.go:247.59,248.54 1 0
react-golang-starter/internal/stripe/handlers.go:248.54,251.25 2 0
react-golang-starter/internal/stripe/handlers.go:251.25,258.19 3 0
react-golang-starter/internal/stripe/handlers.go:258.19,260.5 1 0
react-golang-starter/internal/stripe/handlers.go:261.4,261.10 1 0
react-golang-starter/internal/stripe/handlers.go:265.3,266.10 2 0
react-golang-starter/internal/stripe/handlers.go:266.10,273.19 3 0
react-golang-starter/internal/stripe/handlers.go:273.19,275.5 1 0
react-golang-starter/internal/stripe/handlers.go:276.4,276.10 1 0
react-golang-starter/internal/stripe/handlers.go:280.3,281.64 2 0
react-golang-starter/internal/stripe/handlers.go:281.64,288.19 3 0
react-golang-starter/internal/stripe/handlers.go:288.19,290.5 1 0
react-golang-starter/internal/stripe/handlers.go:291.4,291.10 1 0
react-golang-starter/internal/stripe/handlers.go:294.3,294.67 1 0
react-golang-starter/internal/stripe/handlers.go:294.67,301.19 3 0
react-golang-starter/internal/stripe/handlers.go:301.19,303.5 1 0
react-golang-starter/internal/stripe/handlers.go:304.4,304.10 1 0
react-golang-starter/internal/stripe/handlers.go:308.3,309.17 2 0
react-golang-starter/internal/stripe/handlers.go:309.17,317.19 4 0
react-golang-starter/internal/stripe/handlers.go:317.19,319.5 1 0
react-golang-starter/internal/stripe/handlers.go:320.4,320.10 1 0
react-golang-starter/internal/stripe/handlers.go:323.3,328.61 3 0
react-golang-starter/internal/stripe/handlers.go:328.61,330.4 1 0
react-golang-starter/internal/stripe/handlers.go:344.41,345.54 1 0
react-golang-starter/internal/stripe/handlers.go:345.54,348.10 2 0
react-golang-starter/internal/stripe/handlers.go:348.10,355.19 3 0
react-golang-starter/internal/stripe/handlers.go:355.19,357.5 1 0
react-golang-starter/internal/stripe/handlers.go:358.4,358.10 1 0
react-golang-starter/internal/stripe/handlers.go:362.3,363.93 2 0
react-golang-starter/internal/stripe/handlers.go:363.93,370.19 3 0
react-golang-starter/internal/stripe/handlers.go:370.19,372.5 1 0
react-golang-starter/internal/stripe/handlers.go:373.4,373.10 1 0
react-golang-starter/internal/stripe/handlers.go:376.3,377.90 2 0
react-golang-starter/internal/stripe/handlers.go:377.90,379.4 1 0
react-golang-starter/internal/stripe/middleware.go:13.53,14.71 1 0
react-golang-starter/internal/stripe/middleware.go:14.71,16.10 2 0
react-golang-starter/internal/stripe/middleware.go:16.10,23.19 3 0
react-golang-starter/internal/stripe/middleware.go:23.19,25.5 1 0
react-golang-starter/internal/stripe/middleware.go:26.4,26.10 1 0
react-golang-starter/internal/stripe/middleware.go:30.3,31.64 2 0
react-golang-starter/internal/stripe/middleware.go:31.64,38.19 3 0
react-golang-starter/internal/stripe/middleware.go:38.19,40.5 1 0
react-golang-starter/internal/stripe/middleware.go:41.4,41.10 1 0
react-golang-starter/internal/stripe/middleware.go:45.3,45.81 1 0
react-golang-starter/internal/stripe/middleware.go:45.81,52.19 3 0
react-golang-starter/internal/stripe/middleware.go:52.19,54.5 1 0
react-golang-starter/internal/stripe/middleware.go:55.4,55.10 1 0
react-golang-starter/internal/stripe/middleware.go:58.3,58.23 1 0
react-golang-starter/internal/stripe/middleware.go:63.64,64.71 1 0
react-golang-starter/internal/stripe/middleware.go:64.71,66.10 2 0
react-golang-starter/internal/stripe/middleware.go:66.10,73.19 3 0
react-golang-starter/internal/stripe/middleware.go:73.19,75.5 1 0
react-golang-starter/internal/stripe/middleware.go:76.4,76.10 1 0
react-golang-starter/internal/stripe/middleware.go:80.3,85.45 2 0
react-golang-starter/internal/stripe/middleware.go:85.45,92.19 3 0
react-golang-starter/internal/stripe/middleware.go:92.19,94.5 1 0
react-golang-starter/internal/stripe/middleware.go:95.4,95.10 1 0
react-golang-starter/internal/stripe/middleware.go:98.3,98.23 1 0
react-golang-starter/internal/stripe/service.go:57.39,60.17 2 1
react-golang-starter/internal/stripe/service.go:60.17,61.43 1 1
react-golang-starter/internal/stripe/service.go:61.43,64.4 2 1
react-golang-starter/internal/stripe/service.go:66.3,66.22 1 1
react-golang-starter/internal/stripe/service.go:66.22,70.4 3 1
react-golang-starter/internal/stripe/service.go:73.3,79.47 3 0
react-golang-starter/internal/stripe/service.go:82.2,82.16 1 1
react-golang-starter/internal/stripe/service.go:86.27,90.2 3 1
react-golang-starter/internal/stripe/service.go:93.25,96.2 2 1
react-golang-starter/internal/stripe/service.go:99.96,109.16 3 0
react-golang-starter/internal/stripe/service.go:109.16,111.3 1 0
react-golang-starter/internal/stripe/service.go:113.2,113.21 1 0
react-golang-starter/internal/stripe/service.go:117.101,119.66 1 0
react-golang-starter/internal/stripe/service.go:119.66,121.3 1 0
react-golang-starter/internal/stripe/service.go:124.2,125.16 2 0
react-golang-starter/internal/stripe/service.go:125.16,127.3 1 0
react-golang-starter/internal/stripe/service.go:130.2,132.53 3 0
react-golang-starter/internal/stripe/service.go:132.53,135.3 2 0
react-golang-starter/internal/stripe/service.go:137.2,137.24 1 0
react-golang-starter/internal/stripe/service.go:141.152,156.2 2 0
react-golang-starter/internal/stripe/service.go:159.134,166.2 2 0
react-golang-starter/internal/stripe/service.go:169.115,171.2 1 0
react-golang-starter/internal/stripe/service.go:174.142,175.23 1 0
react-golang-starter/internal/stripe/service.go:175.23,180.3 2 0
react-golang-starter/internal/stripe/service.go:182.2,182.49 1 0
react-golang-starter/internal/stripe/service.go:186.81,194.18 5 0
react-golang-starter/internal/stripe/service.go:194.18,196.3 1 0
react-golang-starter/internal/stripe/service.go:198.2,198.35 1 0
react-golang-starter/internal/stripe/service.go:198.35,200.3 1 0
react-golang-starter/internal/stripe/service.go:202.2,202.20 1 0
react-golang-starter/internal/stripe/service.go:206.52,208.2 1 1
react-golang-starter/internal/stripe/service.go:211.44,213.2 1 1
react-golang-starter/internal/stripe/service.go:218.94,220.2 1 1
react-golang-starter/internal/stripe/service.go:222.99,224.2 1 1
react-golang-starter/internal/stripe/service.go:226.150,228.2 1 1
react-golang-starter/internal/stripe/service.go:230.132,232.2 1 1
react-golang-starter/internal/stripe/service.go:234.113,236.2 1 1
react-golang-starter/internal/stripe/service.go:238.140,240.2 1 1
react-golang-starter/internal/stripe/service.go:242.79,244.2 1 1
react-golang-starter/internal/stripe/service.go:246.50,248.2 1 1
react-golang-starter/internal/stripe/service.go:250.42,252.2 1 1
react-golang-starter/internal/stripe/webhook.go:26.26,28.2 1 0
react-golang-starter/internal/stripe/webhook.go:31.134,32.18 1 0
react-golang-starter/internal/stripe/webhook.go:32.18,34.3 1 0
react-golang-starter/internal/stripe/webhook.go:36.2,52.44 3 0
react-golang-starter/internal/stripe/webhook.go:56.157,57.18 1 0
react-golang-starter/internal/stripe/webhook.go:57.18,59.3 1 0
react-golang-starter/internal/stripe/webhook.go:62.2,63.110 2 0
react-golang-starter/internal/stripe/webhook.go:63.110,66.3 2 0
react-golang-starter/internal/stripe/webhook.go:68.2,79.33 2 0
react-golang-starter/internal/stripe/webhook.go:79.33,81.3 1 0
react-golang-starter/internal/stripe/webhook.go:83.2,87.48 1 0
react-golang-starter/internal/stripe/webhook.go:97.88,100.115 2 0
react-golang-starter/internal/stripe/webhook.go:100.115,102.3 1 0
react-golang-starter/internal/stripe/webhook.go:105.2,106.116 2 0
react-golang-starter/internal/stripe/webhook.go:106.116,108.3 1 0
react-golang-starter/internal/stripe/webhook.go:110.2,110.36 1 0
react-golang-starter/internal/stripe/webhook.go:122.53,123.54 1 1
react-golang-starter/internal/stripe/webhook.go:123.54,128.17 4 1
react-golang-starter/internal/stripe/webhook.go:128.17,136.19 4 1
react-golang-starter/internal/stripe/webhook.go:136.19,138.5 1 0
react-golang-starter/internal/stripe/webhook.go:139.4,139.10 1 1
react-golang-starter/internal/stripe/webhook.go:143.3,145.17 3 1
react-golang-starter/internal/stripe/webhook.go:145.17,153.19 4 1
react-golang-starter/internal/stripe/webhook.go:153.19,155.5 1 0
react-golang-starter/internal/stripe/webhook.go:156.4,156.10 1 1
react-golang-starter/internal/stripe/webhook.go:159.3,162.21 2 1
react-golang-starter/internal/stripe/webhook.go:163.37,165.67 2 0
react-golang-starter/internal/stripe/webhook.go:165.67,167.10 2 0
react-golang-starter/internal/stripe/webhook.go:169.4,169.57 1 0
react-golang-starter/internal/stripe/webhook.go:171.40,173.63 2 0
react-golang-starter/internal/stripe/webhook.go:173.63,175.10 2 0
react-golang-starter/internal/stripe/webhook.go:177.4,177.48 1 0
react-golang-starter/internal/stripe/webhook.go:179.40,181.63 2 0
react-golang-starter/internal/stripe/webhook.go:181.63,183.10 2 0
react-golang-starter/internal/stripe/webhook.go:185.4,185.48 1 0
react-golang-starter/internal/stripe/webhook.go:187.40,189.63 2 0
react-golang-starter/internal/stripe/webhook.go:189.63,191.10 2 0
react-golang-starter/internal/stripe/webhook.go:193.4,193.48 1 0
react-golang-starter/internal/stripe/webhook.go:195.33,197.67 2 0
react-golang-starter/internal/stripe/webhook.go:197.67,199.10 2 0
react-golang-starter/internal/stripe/webhook.go:201.4,201.46 1 0
react-golang-starter/internal/stripe/webhook.go:203.11,204.89 1 1
react-golang-starter/internal/stripe/webhook.go:207.3,211.18 2 1
react-golang-starter/internal/stripe/webhook.go:211.18,213.4 1 0
react-golang-starter/internal/stripe/webhook.go:218.91,227.125 3 0
react-golang-starter/internal/stripe/webhook.go:227.125,230.3 2 0
react-golang-starter/internal/stripe/webhook.go:234.2,234.72 1 0
react-golang-starter/internal/stripe/webhook.go:238.79,247.16 3 0
react-golang-starter/internal/stripe/webhook.go:247.16,250.3 2 0
react-golang-starter/internal/stripe/webhook.go:253.2,254.29 2 0
react-golang-starter/internal/stripe/webhook.go:254.29,256.3 1 0
react-golang-starter/internal/stripe/webhook.go:258.2,258.22 1 0
react-golang-starter/internal/stripe/webhook.go:258.22,261.3 1 0
react-golang-starter/internal/stripe/webhook.go:261.8,264.3 1 0
react-golang-starter/internal/stripe/webhook.go:268.118,281.81 2 0
react-golang-starter/internal/stripe/webhook.go:281.81,284.3 2 0
react-golang-starter/internal/stripe/webhook.go:287.2,287.102 1 0
react-golang-starter/internal/stripe/webhook.go:287.102,290.71 3 0
react-golang-starter/internal/stripe/webhook.go:290.71,292.4 1 0
react-golang-starter/internal/stripe/webhook.go:295.2,308.3 3 0
react-golang-starter/internal/stripe/webhook.go:312.124,315.144 2 0
react-golang-starter/internal/stripe/webhook.go:315.144,318.3 2 0
react-golang-starter/internal/stripe/webhook.go:320.2,334.81 3 0
react-golang-starter/internal/stripe/webhook.go:334.81,337.3 2 0
react-golang-starter/internal/stripe/webhook.go:340.2,344.23 2 0
react-golang-starter/internal/stripe/webhook.go:344.23,346.3 1 0
react-golang-starter/internal/stripe/webhook.go:348.2,361.3 2 0
react-golang-starter/internal/stripe/webhook.go:370.65,371.19 1 1
react-golang-starter/internal/stripe/webhook.go:371.19,373.3 1 1
react-golang-starter/internal/stripe/webhook.go:375.2,378.75 2 1
react-golang-starter/internal/stripe/webhook.go:378.75,380.3 1 1
react-golang-starter/internal/stripe/webhook.go:383.2,383.69 1 1
react-golang-starter/internal/stripe/webhook.go:383.69,385.3 1 1
react-golang-starter/internal/stripe/webhook.go:388.2,388.26 1 1
react-golang-starter/internal/stripe/webhook.go:392.79,400.124 3 0
react-golang-starter/internal/stripe/webhook.go:400.124,403.3 2 0
react-golang-starter/internal/stripe/webhook.go:406.2,407.29 2 0
react-golang-starter/internal/stripe/webhook.go:407.29,409.3 1 0
react-golang-starter/internal/stripe/webhook.go:412.2,419.24 7 0
react-golang-starter/internal/stripe/webhook.go:419.24,421.3 1 0
react-golang-starter/internal/stripe/webhook.go:423.2,423.79 1 0
react-golang-starter/internal/stripe/webhook.go:423.79,426.3 2 0
react-golang-starter/internal/stripe/webhook.go:429.2,430.27 2 0
react-golang-starter/internal/stripe/webhook.go:430.27,432.3 1 0
react-golang-starter/internal/stripe/webhook.go:432.8,432.59 1 0
react-golang-starter/internal/stripe/webhook.go:432.59,434.3 1 0
react-golang-starter/internal/stripe/webhook.go:434.8,436.3 1 0
react-golang-starter/internal/stripe/webhook.go:439.2,439.76 1 0
react-golang-starter/internal/stripe/webhook.go:439.76,443.46 2 0
react-golang-starter/internal/stripe/webhook.go:443.46,445.4 1 0
react-golang-starter/internal/stripe/webhook.go:446.3,459.4 2 0
react-golang-starter/internal/stripe/webhook.go:460.8,477.3 4 0
react-golang-starter/internal/stripe/webhook.go:481.79,488.124 3 0
react-golang-starter/internal/stripe/webhook.go:488.124,491.3 2 0
react-golang-starter/internal/stripe/webhook.go:494.2,498.79 4 0
react-golang-starter/internal/stripe/webhook.go:498.79,501.3 2 0
react-golang-starter/internal/stripe/webhook.go:504.2,504.76 1 0
react-golang-starter/internal/stripe/webhook.go:504.76,510.25 1 0
react-golang-starter/internal/stripe/webhook.go:510.25,512.4 1 0
react-golang-starter/internal/stripe/webhook.go:513.3,526.4 2 0
react-golang-starter/internal/stripe/webhook.go:527.8,544.3 4 0
react-golang-starter/internal/stripe/webhook.go:548.72,554.33 2 0
react-golang-starter/internal/stripe/webhook.go:554.33,556.3 1 0
react-golang-starter/internal/stripe/webhook.go:559.2,560.141 2 0
react-golang-starter/internal/stripe/webhook.go:560.141,563.3 2 0
react-golang-starter/internal/stripe/webhook.go:566.2,569.79 3 0
react-golang-starter/internal/stripe/webhook.go:569.79,572.3 2 0
react-golang-starter/internal/stripe/webhook.go:574.2,577.76 2 0
react-golang-starter/internal/stripe/webhook.go:577.76,589.3 1 0
react-golang-starter/internal/stripe/webhook.go:589.8,600.3 1 0
react-golang-starter/internal/stripe/webhook.go:604.87,606.80 2 0
react-golang-starter/internal/stripe/webhook.go:606.80,609.3 2 0
react-golang-starter/internal/stripe/webhook.go:612.2,612.73 1 0
react-golang-starter/internal/stripe/webhook.go:612.73,614.3 1 0
react-golang-starter/internal/stripe/webhook.go:616.2,617.16 2 0
react-golang-starter/internal/stripe/webhook.go:618.74,619.31 1 0
react-golang-starter/internal/stripe/webhook.go:620.40,622.31 1 0
react-golang-starter/internal/stripe/webhook.go:623.10,625.28 1 0
react-golang-starter/internal/stripe/webhook.go:628.2,628.26 1 0
react-golang-starter/internal/stripe/webhook.go:628.26,631.72 3 0
react-golang-starter/internal/stripe/webhook.go:631.72,634.4 2 0
react-golang-starter/internal/stripe/webhook.go:635.3,635.86 1 0
react-golang-starter/internal/stripe/webhook.go:640.72,642.76 2 0
react-golang-starter/internal/stripe/webhook.go:642.76,645.3 2 0
react-golang-starter/internal/stripe/webhook.go:646.2,646.88 1 0
