mode: set
react-golang-starter/internal/ai/advanced.go:11.133,12.24 1 0
react-golang-starter/internal/ai/advanced.go:12.24,14.3 1 0
react-golang-starter/internal/ai/advanced.go:17.2,17.53 1 0
react-golang-starter/internal/ai/advanced.go:17.53,19.3 1 0
react-golang-starter/internal/ai/advanced.go:22.2,22.17 1 0
react-golang-starter/internal/ai/advanced.go:22.17,23.64 1 0
react-golang-starter/internal/ai/advanced.go:23.64,25.4 1 0
react-golang-starter/internal/ai/advanced.go:26.3,26.47 1 0
react-golang-starter/internal/ai/advanced.go:26.47,28.4 1 0
react-golang-starter/internal/ai/advanced.go:32.2,39.16 4 0
react-golang-starter/internal/ai/advanced.go:39.16,41.3 1 0
react-golang-starter/internal/ai/advanced.go:43.2,43.43 1 0
react-golang-starter/internal/ai/advanced.go:47.101,50.17 2 0
react-golang-starter/internal/ai/advanced.go:50.17,52.3 1 0
react-golang-starter/internal/ai/advanced.go:53.2,58.17 3 0
react-golang-starter/internal/ai/advanced.go:58.17,60.3 1 0
react-golang-starter/internal/ai/advanced.go:63.2,63.29 1 0
react-golang-starter/internal/ai/advanced.go:63.29,67.37 3 0
react-golang-starter/internal/ai/advanced.go:67.37,73.4 1 0
react-golang-starter/internal/ai/advanced.go:75.3,81.29 3 0
react-golang-starter/internal/ai/advanced.go:81.29,87.4 1 0
react-golang-starter/internal/ai/advanced.go:91.2,91.19 1 0
react-golang-starter/internal/ai/advanced.go:91.19,95.29 2 0
react-golang-starter/internal/ai/advanced.go:95.29,102.4 1 0
react-golang-starter/internal/ai/advanced.go:105.2,105.15 1 0
react-golang-starter/internal/ai/advanced.go:109.70,119.2 2 0
react-golang-starter/internal/ai/advanced.go:122.73,123.15 1 0
react-golang-starter/internal/ai/advanced.go:124.23,125.43 1 0
react-golang-starter/internal/ai/advanced.go:126.22,127.47 1 0
react-golang-starter/internal/ai/advanced.go:128.25,129.53 1 0
react-golang-starter/internal/ai/advanced.go:130.23,131.50 1 0
react-golang-starter/internal/ai/advanced.go:132.27,133.50 1 0
react-golang-starter/internal/ai/advanced.go:134.10,135.53 1 0
react-golang-starter/internal/ai/advanced.go:140.78,141.14 1 0
react-golang-starter/internal/ai/advanced.go:142.13,143.44 1 0
react-golang-starter/internal/ai/advanced.go:144.14,145.45 1 0
react-golang-starter/internal/ai/advanced.go:146.10,147.45 1 0
react-golang-starter/internal/ai/advanced.go:152.67,153.19 1 0
react-golang-starter/internal/ai/advanced.go:153.19,155.3 1 0
react-golang-starter/internal/ai/advanced.go:158.2,159.16 2 0
react-golang-starter/internal/ai/advanced.go:159.16,161.3 1 0
react-golang-starter/internal/ai/advanced.go:163.2,164.59 2 0
react-golang-starter/internal/ai/advanced.go:164.59,166.3 1 0
react-golang-starter/internal/ai/advanced.go:168.2,168.16 1 0
react-golang-starter/internal/ai/advanced.go:172.102,173.17 1 0
react-golang-starter/internal/ai/advanced.go:173.17,180.3 1 0
react-golang-starter/internal/ai/advanced.go:182.2,187.67 2 0
react-golang-starter/internal/ai/advanced.go:187.67,188.57 1 0
react-golang-starter/internal/ai/advanced.go:188.57,189.32 1 0
react-golang-starter/internal/ai/advanced.go:189.32,194.5 1 0
react-golang-starter/internal/ai/advanced.go:198.2,198.15 1 0
react-golang-starter/internal/ai/chat.go:11.116,12.37 1 0
react-golang-starter/internal/ai/chat.go:12.37,14.3 1 0
react-golang-starter/internal/ai/chat.go:17.2,26.16 4 0
react-golang-starter/internal/ai/chat.go:26.16,28.3 1 0
react-golang-starter/internal/ai/chat.go:30.2,30.35 1 0
react-golang-starter/internal/ai/chat.go:34.109,35.24 1 0
react-golang-starter/internal/ai/chat.go:35.24,37.3 1 0
react-golang-starter/internal/ai/chat.go:40.2,47.16 4 0
react-golang-starter/internal/ai/chat.go:47.16,49.3 1 0
react-golang-starter/internal/ai/chat.go:51.2,51.35 1 0
react-golang-starter/internal/ai/chat.go:55.97,60.17 2 0
react-golang-starter/internal/ai/chat.go:60.17,62.3 1 0
react-golang-starter/internal/ai/chat.go:64.2,64.27 1 0
react-golang-starter/internal/ai/chat.go:64.27,66.3 1 0
react-golang-starter/internal/ai/chat.go:68.2,68.29 1 0
react-golang-starter/internal/ai/chat.go:68.29,70.3 1 0
react-golang-starter/internal/ai/chat.go:72.2,72.22 1 0
react-golang-starter/internal/ai/chat.go:72.22,74.3 1 0
react-golang-starter/internal/ai/chat.go:76.2,76.22 1 0
react-golang-starter/internal/ai/chat.go:76.22,79.3 2 0
react-golang-starter/internal/ai/chat.go:81.2,81.32 1 0
react-golang-starter/internal/ai/chat.go:81.32,83.3 1 0
react-golang-starter/internal/ai/chat.go:85.2,85.15 1 0
react-golang-starter/internal/ai/chat.go:89.89,91.17 2 0
react-golang-starter/internal/ai/chat.go:91.17,93.3 1 0
react-golang-starter/internal/ai/chat.go:95.2,98.44 2 0
react-golang-starter/internal/ai/chat.go:98.44,100.3 1 0
react-golang-starter/internal/ai/chat.go:102.2,102.15 1 0
react-golang-starter/internal/ai/chat.go:106.81,109.31 2 0
react-golang-starter/internal/ai/chat.go:109.31,111.29 1 0
react-golang-starter/internal/ai/chat.go:111.29,112.12 1 0
react-golang-starter/internal/ai/chat.go:115.3,116.75 2 0
react-golang-starter/internal/ai/chat.go:119.2,119.17 1 0
react-golang-starter/internal/ai/chat.go:123.59,124.14 1 0
react-golang-starter/internal/ai/chat.go:125.16,126.24 1 0
react-golang-starter/internal/ai/chat.go:127.32,128.25 1 0
react-golang-starter/internal/ai/chat.go:129.10,130.24 1 0
react-golang-starter/internal/ai/chat.go:135.86,136.17 1 0
react-golang-starter/internal/ai/chat.go:136.17,141.3 1 0
react-golang-starter/internal/ai/chat.go:144.2,145.67 2 0
react-golang-starter/internal/ai/chat.go:145.67,146.57 1 0
react-golang-starter/internal/ai/chat.go:146.57,147.23 1 0
react-golang-starter/internal/ai/chat.go:147.23,149.5 1 0
react-golang-starter/internal/ai/chat.go:154.2,155.31 2 0
react-golang-starter/internal/ai/chat.go:155.31,161.3 1 0
react-golang-starter/internal/ai/chat.go:163.2,167.3 1 0
react-golang-starter/internal/ai/config.go:45.30,67.2 1 1
react-golang-starter/internal/ai/config.go:70.27,73.51 2 1
react-golang-starter/internal/ai/config.go:73.51,75.3 1 1
react-golang-starter/internal/ai/config.go:76.2,76.49 1 1
react-golang-starter/internal/ai/config.go:76.49,78.3 1 1
react-golang-starter/internal/ai/config.go:79.2,79.59 1 1
react-golang-starter/internal/ai/config.go:79.59,81.3 1 1
react-golang-starter/internal/ai/config.go:82.2,82.54 1 1
react-golang-starter/internal/ai/config.go:82.54,83.55 1 1
react-golang-starter/internal/ai/config.go:83.55,85.4 1 1
react-golang-starter/internal/ai/config.go:87.2,87.59 1 1
react-golang-starter/internal/ai/config.go:87.59,88.55 1 1
react-golang-starter/internal/ai/config.go:88.55,90.4 1 1
react-golang-starter/internal/ai/config.go:92.2,92.61 1 1
react-golang-starter/internal/ai/config.go:92.61,93.67 1 1
react-golang-starter/internal/ai/config.go:93.67,95.4 1 1
react-golang-starter/internal/ai/config.go:99.2,99.56 1 1
react-golang-starter/internal/ai/config.go:99.56,100.31 1 1
react-golang-starter/internal/ai/config.go:101.15,102.40 1 1
react-golang-starter/internal/ai/config.go:103.14,104.39 1 1
react-golang-starter/internal/ai/config.go:105.17,106.42 1 1
react-golang-starter/internal/ai/config.go:107.15,108.40 1 1
react-golang-starter/internal/ai/config.go:109.20,110.44 1 1
react-golang-starter/internal/ai/config.go:115.2,115.61 1 1
react-golang-starter/internal/ai/config.go:115.61,116.55 1 0
react-golang-starter/internal/ai/config.go:116.55,118.4 1 0
react-golang-starter/internal/ai/config.go:120.2,120.65 1 1
react-golang-starter/internal/ai/config.go:120.65,121.55 1 0
react-golang-starter/internal/ai/config.go:121.55,123.4 1 0
react-golang-starter/internal/ai/config.go:125.2,125.63 1 1
react-golang-starter/internal/ai/config.go:125.63,126.55 1 0
react-golang-starter/internal/ai/config.go:126.55,128.4 1 0
react-golang-starter/internal/ai/config.go:132.2,132.66 1 1
react-golang-starter/internal/ai/config.go:132.66,134.3 1 1
react-golang-starter/internal/ai/config.go:135.2,135.59 1 1
react-golang-starter/internal/ai/config.go:135.59,137.3 1 1
react-golang-starter/internal/ai/config.go:140.2,140.51 1 1
react-golang-starter/internal/ai/config.go:140.51,142.3 1 1
react-golang-starter/internal/ai/config.go:142.8,144.3 1 1
react-golang-starter/internal/ai/config.go:146.2,146.15 1 1
react-golang-starter/internal/ai/config.go:150.35,151.16 1 1
react-golang-starter/internal/ai/config.go:151.16,153.3 1 1
react-golang-starter/internal/ai/config.go:155.2,155.20 1 1
react-golang-starter/internal/ai/config.go:155.20,157.3 1 1
react-golang-starter/internal/ai/config.go:159.2,159.12 1 1
react-golang-starter/internal/ai/embeddings.go:11.96,12.35 1 0
react-golang-starter/internal/ai/embeddings.go:12.35,14.3 1 0
react-golang-starter/internal/ai/embeddings.go:16.2,17.16 2 0
react-golang-starter/internal/ai/embeddings.go:17.16,19.3 1 0
react-golang-starter/internal/ai/embeddings.go:21.2,21.26 1 0
react-golang-starter/internal/ai/embeddings.go:21.26,23.3 1 0
react-golang-starter/internal/ai/embeddings.go:25.2,25.27 1 0
react-golang-starter/internal/ai/embeddings.go:29.102,30.21 1 0
react-golang-starter/internal/ai/embeddings.go:30.21,32.3 1 0
react-golang-starter/internal/ai/embeddings.go:35.2,36.26 2 0
react-golang-starter/internal/ai/embeddings.go:36.26,37.33 1 0
react-golang-starter/internal/ai/embeddings.go:37.33,39.4 1 0
react-golang-starter/internal/ai/embeddings.go:42.2,42.26 1 0
react-golang-starter/internal/ai/embeddings.go:42.26,44.3 1 0
react-golang-starter/internal/ai/embeddings.go:47.2,48.34 2 0
react-golang-starter/internal/ai/embeddings.go:48.34,54.3 1 0
react-golang-starter/internal/ai/embeddings.go:57.2,58.16 2 0
react-golang-starter/internal/ai/embeddings.go:58.16,60.3 1 0
react-golang-starter/internal/ai/embeddings.go:63.2,64.38 2 0
react-golang-starter/internal/ai/embeddings.go:64.38,66.3 1 0
react-golang-starter/internal/ai/embeddings.go:68.2,68.24 1 0
react-golang-starter/internal/ai/multimodal.go:12.111,13.37 1 0
react-golang-starter/internal/ai/multimodal.go:13.37,15.3 1 0
react-golang-starter/internal/ai/multimodal.go:18.2,19.16 2 0
react-golang-starter/internal/ai/multimodal.go:19.16,21.3 1 0
react-golang-starter/internal/ai/multimodal.go:24.2,41.16 5 0
react-golang-starter/internal/ai/multimodal.go:41.16,43.3 1 0
react-golang-starter/internal/ai/multimodal.go:45.2,45.35 1 0
react-golang-starter/internal/ai/multimodal.go:49.143,50.37 1 0
react-golang-starter/internal/ai/multimodal.go:50.37,52.3 1 0
react-golang-starter/internal/ai/multimodal.go:55.2,57.29 2 0
react-golang-starter/internal/ai/multimodal.go:57.29,59.17 2 0
react-golang-starter/internal/ai/multimodal.go:59.17,61.4 1 0
react-golang-starter/internal/ai/multimodal.go:62.3,62.33 1 0
react-golang-starter/internal/ai/multimodal.go:66.2,78.16 5 0
react-golang-starter/internal/ai/multimodal.go:78.16,80.3 1 0
react-golang-starter/internal/ai/multimodal.go:82.2,82.35 1 0
react-golang-starter/internal/ai/multimodal.go:86.81,88.21 1 0
react-golang-starter/internal/ai/multimodal.go:88.21,90.3 1 0
react-golang-starter/internal/ai/multimodal.go:93.2,93.22 1 0
react-golang-starter/internal/ai/multimodal.go:93.22,95.3 1 0
react-golang-starter/internal/ai/multimodal.go:98.2,99.16 2 0
react-golang-starter/internal/ai/multimodal.go:99.16,102.17 2 0
react-golang-starter/internal/ai/multimodal.go:102.17,104.4 1 0
react-golang-starter/internal/ai/multimodal.go:108.2,108.46 1 0
react-golang-starter/internal/ai/multimodal.go:108.46,110.3 1 0
react-golang-starter/internal/ai/multimodal.go:113.2,113.67 1 0
react-golang-starter/internal/ai/multimodal.go:117.65,118.26 1 0
react-golang-starter/internal/ai/multimodal.go:118.26,120.3 1 0
react-golang-starter/internal/ai/multimodal.go:123.2,123.21 1 0
react-golang-starter/internal/ai/multimodal.go:123.21,125.10 2 0
react-golang-starter/internal/ai/multimodal.go:126.41,127.22 1 0
react-golang-starter/internal/ai/multimodal.go:128.41,129.22 1 0
react-golang-starter/internal/ai/multimodal.go:130.42,131.23 1 0
react-golang-starter/internal/ai/multimodal.go:132.11,133.23 1 0
react-golang-starter/internal/ai/multimodal.go:138.2,138.21 1 0
react-golang-starter/internal/ai/service.go:53.39,56.17 2 1
react-golang-starter/internal/ai/service.go:56.17,57.43 1 1
react-golang-starter/internal/ai/service.go:57.43,60.4 2 1
react-golang-starter/internal/ai/service.go:62.3,62.22 1 1
react-golang-starter/internal/ai/service.go:62.22,66.4 3 1
react-golang-starter/internal/ai/service.go:69.3,74.17 3 0
react-golang-starter/internal/ai/service.go:74.17,77.4 2 0
react-golang-starter/internal/ai/service.go:79.3,87.33 2 0
react-golang-starter/internal/ai/service.go:90.2,90.16 1 1
react-golang-starter/internal/ai/service.go:94.27,98.2 3 1
react-golang-starter/internal/ai/service.go:101.25,104.2 2 1
react-golang-starter/internal/ai/service.go:107.43,109.2 1 1
react-golang-starter/internal/ai/service.go:112.45,114.2 1 1
react-golang-starter/internal/ai/service.go:117.44,119.2 1 1
react-golang-starter/internal/ai/service.go:122.61,123.44 1 1
react-golang-starter/internal/ai/service.go:123.44,125.3 1 1
react-golang-starter/internal/ai/service.go:126.2,126.12 1 1
react-golang-starter/internal/ai/service.go:130.68,131.49 1 1
react-golang-starter/internal/ai/service.go:131.49,133.3 1 1
react-golang-starter/internal/ai/service.go:134.2,135.31 2 1
react-golang-starter/internal/ai/service.go:135.31,137.3 1 1
react-golang-starter/internal/ai/service.go:138.2,138.44 1 1
react-golang-starter/internal/ai/service.go:138.44,140.3 1 1
react-golang-starter/internal/ai/service.go:141.2,141.12 1 1
react-golang-starter/internal/ai/service.go:145.61,146.44 1 1
react-golang-starter/internal/ai/service.go:146.44,148.3 1 1
react-golang-starter/internal/ai/service.go:149.2,149.12 1 1
react-golang-starter/internal/ai/service.go:155.114,157.2 1 1
react-golang-starter/internal/ai/service.go:159.107,161.2 1 1
react-golang-starter/internal/ai/service.go:163.122,165.2 1 1
react-golang-starter/internal/ai/service.go:167.131,169.2 1 1
react-golang-starter/internal/ai/service.go:171.109,173.2 1 1
react-golang-starter/internal/ai/service.go:175.141,177.2 1 1
react-golang-starter/internal/ai/service.go:179.94,181.2 1 1
react-golang-starter/internal/ai/service.go:183.100,185.2 1 1
react-golang-starter/internal/ai/service.go:187.59,189.2 1 1
react-golang-starter/internal/ai/service.go:191.66,193.2 1 1
react-golang-starter/internal/ai/service.go:195.59,197.2 1 1
react-golang-starter/internal/ai/service.go:199.41,201.2 1 1
react-golang-starter/internal/ai/service.go:203.43,205.2 1 1
react-golang-starter/internal/ai/service.go:207.42,209.2 1 1
react-golang-starter/internal/ai/streaming.go:10.124,11.24 1 0
react-golang-starter/internal/ai/streaming.go:11.24,13.3 1 0
react-golang-starter/internal/ai/streaming.go:16.2,25.12 4 0
react-golang-starter/internal/ai/streaming.go:25.12,30.103 2 0
react-golang-starter/internal/ai/streaming.go:30.103,31.18 1 0
react-golang-starter/internal/ai/streaming.go:31.18,34.5 2 0
react-golang-starter/internal/ai/streaming.go:37.4,38.18 2 0
react-golang-starter/internal/ai/streaming.go:38.18,40.5 1 0
react-golang-starter/internal/ai/streaming.go:44.3,44.36 1 0
react-golang-starter/internal/ai/streaming.go:47.2,47.20 1 0
react-golang-starter/internal/ai/streaming.go:51.93,52.46 1 0
react-golang-starter/internal/ai/streaming.go:52.46,54.3 1 0
react-golang-starter/internal/ai/streaming.go:56.2,57.30 2 0
react-golang-starter/internal/ai/streaming.go:57.30,59.3 1 0
react-golang-starter/internal/ai/streaming.go:61.2,62.47 2 0
react-golang-starter/internal/ai/streaming.go:62.47,63.22 1 0
react-golang-starter/internal/ai/streaming.go:63.22,65.4 1 0
react-golang-starter/internal/ai/streaming.go:68.2,68.13 1 0
react-golang-starter/internal/audit/audit.go:15.117,17.2 1 0
react-golang-starter/internal/audit/audit.go:20.122,30.20 2 0
react-golang-starter/internal/audit/audit.go:30.20,32.17 2 0
react-golang-starter/internal/audit/audit.go:32.17,34.4 1 0
react-golang-starter/internal/audit/audit.go:38.2,38.14 1 0
react-golang-starter/internal/audit/audit.go:38.14,41.3 2 0
react-golang-starter/internal/audit/audit.go:44.2,44.57 1 0
react-golang-starter/internal/audit/audit.go:44.57,50.3 1 0
react-golang-starter/internal/audit/audit.go:54.146,56.2 1 0
react-golang-starter/internal/audit/audit.go:58.151,68.20 2 0
react-golang-starter/internal/audit/audit.go:68.20,70.17 2 0
react-golang-starter/internal/audit/audit.go:70.17,72.4 1 0
react-golang-starter/internal/audit/audit.go:76.2,76.21 1 0
react-golang-starter/internal/audit/audit.go:76.21,78.17 2 0
react-golang-starter/internal/audit/audit.go:78.17,80.4 1 0
react-golang-starter/internal/audit/audit.go:84.2,84.14 1 0
react-golang-starter/internal/audit/audit.go:84.14,87.3 2 0
react-golang-starter/internal/audit/audit.go:90.2,90.57 1 0
react-golang-starter/internal/audit/audit.go:90.57,96.3 1 0
react-golang-starter/internal/audit/audit.go:100.78,102.2 1 0
react-golang-starter/internal/audit/audit.go:105.46,107.2 1 0
react-golang-starter/internal/audit/audit.go:110.90,115.2 2 0
react-golang-starter/internal/audit/audit.go:118.79,120.2 1 0
react-golang-starter/internal/audit/audit.go:123.72,125.2 1 0
react-golang-starter/internal/audit/audit.go:128.106,130.2 1 0
react-golang-starter/internal/audit/audit.go:133.74,135.2 1 0
react-golang-starter/internal/audit/audit.go:138.106,144.2 2 0
react-golang-starter/internal/audit/audit.go:147.42,150.21 2 1
react-golang-starter/internal/audit/audit.go:150.21,152.3 1 1
react-golang-starter/internal/audit/audit.go:155.2,156.18 2 1
react-golang-starter/internal/audit/audit.go:156.18,158.3 1 1
react-golang-starter/internal/audit/audit.go:161.2,161.21 1 1
react-golang-starter/internal/audit/audit.go:165.83,172.26 4 0
react-golang-starter/internal/audit/audit.go:172.26,174.3 1 0
react-golang-starter/internal/audit/audit.go:175.2,175.29 1 0
react-golang-starter/internal/audit/audit.go:175.29,177.3 1 0
react-golang-starter/internal/audit/audit.go:178.2,178.28 1 0
react-golang-starter/internal/audit/audit.go:178.28,180.3 1 0
react-golang-starter/internal/audit/audit.go:181.2,181.25 1 0
react-golang-starter/internal/audit/audit.go:181.25,183.3 1 0
react-golang-starter/internal/audit/audit.go:184.2,184.28 1 0
react-golang-starter/internal/audit/audit.go:184.28,186.3 1 0
react-golang-starter/internal/audit/audit.go:187.2,187.26 1 0
react-golang-starter/internal/audit/audit.go:187.26,189.3 1 0
react-golang-starter/internal/audit/audit.go:192.2,192.50 1 0
react-golang-starter/internal/audit/audit.go:192.50,194.3 1 0
react-golang-starter/internal/audit/audit.go:197.2,197.21 1 0
react-golang-starter/internal/audit/audit.go:197.21,199.3 1 0
react-golang-starter/internal/audit/audit.go:200.2,200.44 1 0
react-golang-starter/internal/audit/audit.go:200.44,202.3 1 0
react-golang-starter/internal/audit/audit.go:203.2,211.33 2 0
react-golang-starter/internal/audit/audit.go:211.33,213.3 1 0
react-golang-starter/internal/audit/audit.go:215.2,215.25 1 0
react-golang-starter/internal/audit/audit.go:219.87,226.2 2 0
react-golang-starter/internal/database/database.go:22.18,60.28 13 0
react-golang-starter/internal/database/database.go:60.28,66.3 2 0
react-golang-starter/internal/database/database.go:66.8,68.3 1 0
react-golang-starter/internal/database/database.go:71.2,72.19 2 0
react-golang-starter/internal/database/database.go:72.19,74.3 1 0
react-golang-starter/internal/database/database.go:77.2,78.34 2 0
react-golang-starter/internal/database/database.go:78.34,81.17 2 0
react-golang-starter/internal/database/database.go:81.17,90.22 3 0
react-golang-starter/internal/database/database.go:90.22,92.13 2 0
react-golang-starter/internal/database/database.go:95.4,95.22 1 0
react-golang-starter/internal/database/database.go:95.22,108.5 5 0
react-golang-starter/internal/database/database.go:112.4,112.46 1 0
react-golang-starter/internal/database/database.go:112.46,115.5 1 0
react-golang-starter/internal/database/database.go:117.4,118.10 2 0
react-golang-starter/internal/database/database.go:121.3,121.23 1 0
react-golang-starter/internal/database/database.go:121.23,130.4 3 0
react-golang-starter/internal/database/database.go:133.2,136.68 1 0
react-golang-starter/internal/database/database.go:140.51,142.16 2 0
react-golang-starter/internal/database/database.go:142.16,148.3 1 0
react-golang-starter/internal/database/database.go:150.2,154.16 4 0
react-golang-starter/internal/database/database.go:154.16,160.3 1 0
react-golang-starter/internal/database/database.go:162.2,165.3 1 0
react-golang-starter/internal/database/database.go:168.42,169.42 1 1
react-golang-starter/internal/database/database.go:169.42,171.3 1 1
react-golang-starter/internal/database/database.go:172.2,172.17 1 1
react-golang-starter/internal/database/migrate.go:21.48,26.2 1 0
react-golang-starter/internal/database/migrate.go:29.45,32.54 2 0
react-golang-starter/internal/database/migrate.go:32.54,34.3 1 0
react-golang-starter/internal/database/migrate.go:36.2,36.15 1 0
react-golang-starter/internal/database/migrate.go:40.66,41.15 1 0
react-golang-starter/internal/database/migrate.go:41.15,43.3 1 0
react-golang-starter/internal/database/migrate.go:46.2,47.16 2 0
react-golang-starter/internal/database/migrate.go:47.16,49.3 1 0
react-golang-starter/internal/database/migrate.go:52.2,55.16 2 0
react-golang-starter/internal/database/migrate.go:55.16,57.3 1 0
react-golang-starter/internal/database/migrate.go:60.2,62.16 3 0
react-golang-starter/internal/database/migrate.go:62.16,64.3 1 0
react-golang-starter/internal/database/migrate.go:66.2,66.15 1 0
react-golang-starter/internal/database/migrate.go:70.49,77.16 3 0
react-golang-starter/internal/database/migrate.go:77.16,79.3 1 0
react-golang-starter/internal/database/migrate.go:84.2,85.56 2 0
react-golang-starter/internal/database/migrate.go:85.56,87.3 1 0
react-golang-starter/internal/database/migrate.go:89.2,89.41 1 0
react-golang-starter/internal/database/migrate.go:89.41,91.3 1 0
react-golang-starter/internal/database/migrate.go:91.8,93.3 1 0
react-golang-starter/internal/database/migrate.go:95.2,95.12 1 0
react-golang-starter/internal/database/migrate.go:99.58,106.16 3 0
react-golang-starter/internal/database/migrate.go:106.16,108.3 1 0
react-golang-starter/internal/database/migrate.go:111.2,111.80 1 0
react-golang-starter/internal/database/migrate.go:111.80,113.3 1 0
react-golang-starter/internal/database/migrate.go:115.2,116.12 2 0
react-golang-starter/internal/database/migrate.go:120.69,127.16 3 0
react-golang-starter/internal/database/migrate.go:127.16,129.3 1 0
react-golang-starter/internal/database/migrate.go:132.2,133.58 2 0
react-golang-starter/internal/database/migrate.go:133.58,135.3 1 0
react-golang-starter/internal/database/migrate.go:137.2,137.28 1 0
react-golang-starter/internal/database/migrate.go:141.66,148.16 3 0
react-golang-starter/internal/database/migrate.go:148.16,150.3 1 0
react-golang-starter/internal/database/migrate.go:153.2,153.83 1 0
react-golang-starter/internal/database/migrate.go:153.83,155.3 1 0
react-golang-starter/internal/database/migrate.go:157.2,158.12 2 0
react-golang-starter/internal/database/migrate.go:162.32,163.43 1 0
react-golang-starter/internal/database/migrate.go:163.43,166.3 2 0
react-golang-starter/internal/database/migrate.go:168.2,171.45 3 0
react-golang-starter/internal/database/pool.go:30.38,38.2 1 0
react-golang-starter/internal/database/pool.go:47.35,50.54 2 0
react-golang-starter/internal/database/pool.go:50.54,51.55 1 0
react-golang-starter/internal/database/pool.go:51.55,53.4 1 0
react-golang-starter/internal/database/pool.go:56.2,56.54 1 0
react-golang-starter/internal/database/pool.go:56.54,57.56 1 0
react-golang-starter/internal/database/pool.go:57.56,59.4 1 0
react-golang-starter/internal/database/pool.go:62.2,62.70 1 0
react-golang-starter/internal/database/pool.go:62.70,63.55 1 0
react-golang-starter/internal/database/pool.go:63.55,65.4 1 0
react-golang-starter/internal/database/pool.go:68.2,68.71 1 0
react-golang-starter/internal/database/pool.go:68.71,69.55 1 0
react-golang-starter/internal/database/pool.go:69.55,71.4 1 0
react-golang-starter/internal/database/pool.go:74.2,74.65 1 0
react-golang-starter/internal/database/pool.go:74.65,75.55 1 0
react-golang-starter/internal/database/pool.go:75.55,77.4 1 0
react-golang-starter/internal/database/pool.go:80.2,80.15 1 0
react-golang-starter/internal/database/pool.go:89.41,90.19 1 0
react-golang-starter/internal/database/pool.go:90.19,92.3 1 0
react-golang-starter/internal/database/pool.go:94.2,97.16 3 0
react-golang-starter/internal/database/pool.go:97.16,99.3 1 0
react-golang-starter/internal/database/pool.go:102.2,111.34 8 0
react-golang-starter/internal/database/pool.go:111.34,113.17 2 0
react-golang-starter/internal/database/pool.go:113.17,115.66 1 0
react-golang-starter/internal/database/pool.go:115.66,123.5 2 0
react-golang-starter/internal/database/pool.go:123.10,126.5 2 0
react-golang-starter/internal/database/pool.go:127.9,129.4 1 0
react-golang-starter/internal/database/pool.go:131.3,131.23 1 0
react-golang-starter/internal/database/pool.go:131.23,140.4 3 0
react-golang-starter/internal/database/pool.go:143.2,143.94 1 0
react-golang-starter/internal/database/pool.go:147.18,148.17 1 0
react-golang-starter/internal/database/pool.go:148.17,151.3 2 0
react-golang-starter/internal/database/pool.go:156.30,158.2 1 0
react-golang-starter/internal/database/pool.go:173.32,174.17 1 0
react-golang-starter/internal/database/pool.go:174.17,176.3 1 0
react-golang-starter/internal/database/pool.go:178.2,188.3 2 0
react-golang-starter/internal/database/pool.go:192.37,202.2 7 0
react-golang-starter/internal/database/pool.go:204.46,205.42 1 0
react-golang-starter/internal/database/pool.go:205.42,207.3 1 0
react-golang-starter/internal/database/pool.go:208.2,208.17 1 0
react-golang-starter/internal/database/profiler.go:28.42,33.2 1 0
react-golang-starter/internal/database/profiler.go:36.44,42.17 4 0
react-golang-starter/internal/database/profiler.go:42.17,44.3 1 0
react-golang-starter/internal/database/profiler.go:47.2,48.23 2 0
react-golang-starter/internal/database/profiler.go:52.72,57.38 4 0
react-golang-starter/internal/database/profiler.go:57.38,58.24 1 0
react-golang-starter/internal/database/profiler.go:58.24,60.4 1 0
react-golang-starter/internal/database/profiler.go:62.2,62.19 1 0
react-golang-starter/internal/database/profiler.go:66.77,71.41 4 0
react-golang-starter/internal/database/profiler.go:71.41,72.24 1 0
react-golang-starter/internal/database/profiler.go:72.24,74.4 1 0
react-golang-starter/internal/database/profiler.go:76.2,76.19 1 0
react-golang-starter/internal/database/profiler.go:80.59,82.2 1 0
react-golang-starter/internal/database/profiler.go:85.56,86.69 1 0
react-golang-starter/internal/database/profiler.go:86.69,88.3 1 0
react-golang-starter/internal/database/profiler.go:89.2,89.12 1 0
react-golang-starter/internal/database/profiler.go:93.60,95.20 2 0
react-golang-starter/internal/database/profiler.go:95.20,97.3 1 0
react-golang-starter/internal/database/profiler.go:99.2,100.25 2 0
react-golang-starter/internal/database/profiler.go:100.25,105.3 1 0
react-golang-starter/internal/database/profiler.go:109.42,113.38 2 0
react-golang-starter/internal/database/profiler.go:113.38,115.62 2 0
react-golang-starter/internal/database/profiler.go:115.62,117.4 1 0
react-golang-starter/internal/database/profiler.go:121.2,121.38 1 0
react-golang-starter/internal/database/profiler.go:121.38,123.62 2 0
react-golang-starter/internal/database/profiler.go:123.62,125.4 1 0
react-golang-starter/internal/database/profiler.go:129.2,129.38 1 0
react-golang-starter/internal/database/profiler.go:129.38,131.62 2 0
react-golang-starter/internal/database/profiler.go:131.62,133.4 1 0
react-golang-starter/internal/database/profiler.go:137.2,137.38 1 0
react-golang-starter/internal/database/profiler.go:137.38,139.62 2 0
react-golang-starter/internal/database/profiler.go:139.62,141.4 1 0
react-golang-starter/internal/database/profiler.go:144.2,144.11 1 0
react-golang-starter/internal/database/profiler.go:148.47,162.2 7 0
react-golang-starter/internal/database/profiler.go:180.40,182.78 2 0
react-golang-starter/internal/database/profiler.go:182.78,183.61 1 0
react-golang-starter/internal/database/profiler.go:183.61,185.4 1 0
react-golang-starter/internal/database/profiler.go:188.2,189.47 2 0
react-golang-starter/internal/database/profiler.go:189.47,191.3 1 0
react-golang-starter/internal/database/profiler.go:194.2,196.55 3 0
react-golang-starter/internal/database/profiler.go:196.55,198.3 1 0
react-golang-starter/internal/database/profiler.go:200.2,206.3 1 0
react-golang-starter/internal/database/profiler.go:210.73,214.2 3 0
react-golang-starter/internal/database/profiler.go:217.84,218.31 1 0
react-golang-starter/internal/database/profiler.go:218.31,220.3 1 0
react-golang-starter/internal/database/profiler.go:224.84,225.31 1 0
react-golang-starter/internal/database/profiler.go:225.31,227.3 1 0
react-golang-starter/internal/database/profiler.go:231.85,232.32 1 0
react-golang-starter/internal/database/profiler.go:232.32,234.3 1 0
react-golang-starter/internal/database/profiler.go:238.124,239.33 1 0
react-golang-starter/internal/database/profiler.go:239.33,241.3 1 0
react-golang-starter/internal/database/profiler.go:243.2,247.26 3 0
react-golang-starter/internal/database/profiler.go:247.26,248.51 1 0
react-golang-starter/internal/database/profiler.go:248.51,250.4 1 0
react-golang-starter/internal/database/profiler.go:254.2,254.16 1 0
react-golang-starter/internal/database/profiler.go:254.16,255.71 1 0
react-golang-starter/internal/database/profiler.go:255.71,257.4 1 0
react-golang-starter/internal/database/profiler.go:258.3,264.9 2 0
react-golang-starter/internal/database/profiler.go:268.2,268.36 1 0
react-golang-starter/internal/database/profiler.go:268.36,276.3 2 0
react-golang-starter/internal/database/profiler.go:279.2,279.31 1 0
react-golang-starter/internal/database/profiler.go:279.31,285.3 1 0
react-golang-starter/internal/database/profiler.go:289.49,290.24 1 0
react-golang-starter/internal/database/profiler.go:290.24,292.3 1 0
react-golang-starter/internal/database/profiler.go:293.2,293.29 1 0
react-golang-starter/internal/database/profiler.go:307.43,314.78 2 0
react-golang-starter/internal/database/profiler.go:314.78,315.61 1 0
react-golang-starter/internal/database/profiler.go:315.61,317.4 1 0
react-golang-starter/internal/database/profiler.go:320.2,320.15 1 0
react-golang-starter/internal/database/profiler.go:323.49,324.42 1 0
react-golang-starter/internal/database/profiler.go:324.42,326.17 2 0
react-golang-starter/internal/database/profiler.go:326.17,328.4 1 0
react-golang-starter/internal/database/profiler.go:329.3,329.16 1 0
react-golang-starter/internal/database/profiler.go:331.2,331.17 1 0
react-golang-starter/internal/database/seed.go:26.35,32.2 1 0
react-golang-starter/internal/database/seed.go:34.50,35.42 1 0
react-golang-starter/internal/database/seed.go:35.42,37.3 1 0
react-golang-starter/internal/database/seed.go:38.2,38.21 1 0
react-golang-starter/internal/database/seed.go:41.57,43.17 2 0
react-golang-starter/internal/database/seed.go:43.17,45.3 1 0
react-golang-starter/internal/database/seed.go:46.2,46.58 1 0
react-golang-starter/internal/database/seed.go:50.31,52.2 1 0
react-golang-starter/internal/database/seed.go:57.40,59.43 2 0
react-golang-starter/internal/database/seed.go:59.43,62.3 2 0
react-golang-starter/internal/database/seed.go:64.2,67.85 2 0
react-golang-starter/internal/database/seed.go:67.85,69.3 1 0
react-golang-starter/internal/database/seed.go:71.2,71.42 1 0
react-golang-starter/internal/database/seed.go:71.42,73.3 1 0
react-golang-starter/internal/database/seed.go:77.2,77.43 1 0
react-golang-starter/internal/database/seed.go:77.43,79.3 1 0
react-golang-starter/internal/database/seed.go:81.2,82.12 2 0
react-golang-starter/internal/database/seed.go:86.35,88.44 2 0
react-golang-starter/internal/database/seed.go:88.44,90.3 1 0
react-golang-starter/internal/database/seed.go:91.2,91.34 1 0
react-golang-starter/internal/database/seed.go:94.52,96.16 2 0
react-golang-starter/internal/database/seed.go:96.16,98.3 1 0
react-golang-starter/internal/database/seed.go:99.2,99.26 1 0
react-golang-starter/internal/database/seed.go:104.48,106.2 1 0
react-golang-starter/internal/database/seed.go:110.42,112.2 1 0
react-golang-starter/internal/database/seed.go:116.50,118.16 2 0
react-golang-starter/internal/database/seed.go:118.16,120.3 1 0
react-golang-starter/internal/database/seed.go:122.2,123.16 2 0
react-golang-starter/internal/database/seed.go:123.16,125.3 1 0
react-golang-starter/internal/database/seed.go:127.2,227.47 6 0
react-golang-starter/internal/database/seed.go:227.47,228.30 1 0
react-golang-starter/internal/database/seed.go:228.30,232.27 3 0
react-golang-starter/internal/database/seed.go:232.27,233.13 1 0
react-golang-starter/internal/database/seed.go:237.4,237.49 1 0
react-golang-starter/internal/database/seed.go:237.49,244.5 2 0
react-golang-starter/internal/database/seed.go:245.4,249.23 2 0
react-golang-starter/internal/database/seed.go:251.3,251.13 1 0
react-golang-starter/internal/database/seed.go:254.2,254.16 1 0
react-golang-starter/internal/database/seed.go:254.16,256.3 1 0
react-golang-starter/internal/database/seed.go:258.2,258.21 1 0
react-golang-starter/internal/database/seed.go:258.21,262.3 1 0
react-golang-starter/internal/database/seed.go:264.2,264.12 1 0
react-golang-starter/internal/database/seed.go:269.39,287.37 4 0
react-golang-starter/internal/database/seed.go:287.37,290.26 3 0
react-golang-starter/internal/database/seed.go:290.26,291.12 1 0
react-golang-starter/internal/database/seed.go:294.3,294.48 1 0
react-golang-starter/internal/database/seed.go:294.48,299.12 2 0
react-golang-starter/internal/database/seed.go:301.3,301.16 1 0
react-golang-starter/internal/database/seed.go:304.2,304.21 1 0
react-golang-starter/internal/database/seed.go:304.21,308.3 1 0
react-golang-starter/internal/database/seed.go:310.2,310.12 1 0
react-golang-starter/internal/database/seed_feature_flags.go:14.31,106.36 4 0
react-golang-starter/internal/database/seed_feature_flags.go:106.36,110.26 3 0
react-golang-starter/internal/database/seed_feature_flags.go:110.26,112.12 1 0
react-golang-starter/internal/database/seed_feature_flags.go:116.3,116.48 1 0
react-golang-starter/internal/database/seed_feature_flags.go:116.48,121.12 2 0
react-golang-starter/internal/database/seed_feature_flags.go:123.3,123.16 1 0
react-golang-starter/internal/database/seed_feature_flags.go:126.2,126.21 1 0
react-golang-starter/internal/database/seed_feature_flags.go:126.21,130.3 1 0
react-golang-starter/internal/database/seed_feature_flags.go:132.2,132.12 1 0
react-golang-starter/internal/cache/broadcaster.go:36.42,37.14 1 0
react-golang-starter/internal/cache/broadcaster.go:37.14,40.3 2 0
react-golang-starter/internal/cache/broadcaster.go:41.2,42.49 2 0
react-golang-starter/internal/cache/broadcaster.go:47.82,48.24 1 1
react-golang-starter/internal/cache/broadcaster.go:48.24,51.3 2 1
react-golang-starter/internal/cache/broadcaster.go:53.2,53.25 1 0
react-golang-starter/internal/cache/broadcaster.go:53.25,56.3 2 0
react-golang-starter/internal/cache/broadcaster.go:58.2,69.54 3 0
react-golang-starter/internal/cache/cache.go:47.37,48.17 1 1
react-golang-starter/internal/cache/cache.go:48.17,50.3 1 1
react-golang-starter/internal/cache/cache.go:51.2,51.47 1 1
react-golang-starter/internal/cache/cache.go:54.37,56.2 1 1
react-golang-starter/internal/cache/cache.go:65.39,66.21 1 1
react-golang-starter/internal/cache/cache.go:66.21,70.3 3 0
react-golang-starter/internal/cache/cache.go:72.2,72.53 1 1
react-golang-starter/internal/cache/cache.go:72.53,74.17 2 0
react-golang-starter/internal/cache/cache.go:74.17,78.4 3 0
react-golang-starter/internal/cache/cache.go:81.3,84.46 3 0
react-golang-starter/internal/cache/cache.go:84.46,89.4 4 0
react-golang-starter/internal/cache/cache.go:91.3,93.13 3 0
react-golang-starter/internal/cache/cache.go:97.2,99.12 3 1
react-golang-starter/internal/cache/cache.go:103.59,104.21 1 1
react-golang-starter/internal/cache/cache.go:104.21,106.3 1 1
react-golang-starter/internal/cache/cache.go:107.2,107.31 1 1
react-golang-starter/internal/cache/cache.go:111.89,112.21 1 1
react-golang-starter/internal/cache/cache.go:112.21,114.3 1 1
react-golang-starter/internal/cache/cache.go:115.2,115.50 1 1
react-golang-starter/internal/cache/cache.go:119.52,120.21 1 1
react-golang-starter/internal/cache/cache.go:120.21,122.3 1 1
react-golang-starter/internal/cache/cache.go:123.2,123.34 1 1
react-golang-starter/internal/cache/cache.go:127.71,129.16 2 0
react-golang-starter/internal/cache/cache.go:129.16,131.3 1 0
react-golang-starter/internal/cache/cache.go:132.2,132.35 1 0
react-golang-starter/internal/cache/cache.go:136.98,138.16 2 0
react-golang-starter/internal/cache/cache.go:138.16,140.3 1 0
react-golang-starter/internal/cache/cache.go:141.2,141.40 1 0
react-golang-starter/internal/cache/cache.go:145.23,147.2 1 1
react-golang-starter/internal/cache/cache.go:150.20,151.21 1 1
react-golang-starter/internal/cache/cache.go:151.21,153.3 1 1
react-golang-starter/internal/cache/cache.go:154.2,154.25 1 1
react-golang-starter/internal/cache/cache.go:158.25,159.21 1 1
react-golang-starter/internal/cache/cache.go:159.21,161.3 1 1
react-golang-starter/internal/cache/cache.go:162.2,162.31 1 1
react-golang-starter/internal/cache/cache.go:166.48,167.21 1 1
react-golang-starter/internal/cache/cache.go:167.21,173.3 1 1
react-golang-starter/internal/cache/cache.go:175.2,175.29 1 1
react-golang-starter/internal/cache/cache.go:175.29,181.3 1 0
react-golang-starter/internal/cache/cache.go:183.2,190.16 6 1
react-golang-starter/internal/cache/cache.go:190.16,196.3 1 0
react-golang-starter/internal/cache/cache.go:198.2,203.3 1 1
react-golang-starter/internal/cache/config.go:43.30,69.2 1 1
react-golang-starter/internal/cache/config.go:72.27,76.58 2 1
react-golang-starter/internal/cache/config.go:76.58,78.3 1 1
react-golang-starter/internal/cache/config.go:80.2,80.59 1 1
react-golang-starter/internal/cache/config.go:80.59,82.3 1 1
react-golang-starter/internal/cache/config.go:84.2,84.59 1 1
react-golang-starter/internal/cache/config.go:84.59,86.3 1 1
react-golang-starter/internal/cache/config.go:89.2,89.56 1 1
react-golang-starter/internal/cache/config.go:89.56,92.3 2 1
react-golang-starter/internal/cache/config.go:94.2,94.62 1 1
react-golang-starter/internal/cache/config.go:94.62,95.66 1 1
react-golang-starter/internal/cache/config.go:95.66,97.4 1 1
react-golang-starter/internal/cache/config.go:100.2,100.65 1 1
react-golang-starter/internal/cache/config.go:100.65,101.68 1 1
react-golang-starter/internal/cache/config.go:101.68,103.4 1 1
react-golang-starter/internal/cache/config.go:106.2,106.65 1 1
react-golang-starter/internal/cache/config.go:106.65,107.68 1 1
react-golang-starter/internal/cache/config.go:107.68,109.4 1 1
react-golang-starter/internal/cache/config.go:113.2,113.66 1 1
react-golang-starter/internal/cache/config.go:113.66,114.65 1 1
react-golang-starter/internal/cache/config.go:114.65,116.4 1 1
react-golang-starter/internal/cache/config.go:120.2,120.54 1 1
react-golang-starter/internal/cache/config.go:120.54,121.67 1 1
react-golang-starter/internal/cache/config.go:121.67,123.4 1 1
react-golang-starter/internal/cache/config.go:126.2,126.59 1 1
react-golang-starter/internal/cache/config.go:126.59,127.67 1 1
react-golang-starter/internal/cache/config.go:127.67,129.4 1 1
react-golang-starter/internal/cache/config.go:132.2,132.59 1 1
react-golang-starter/internal/cache/config.go:132.59,133.67 1 1
react-golang-starter/internal/cache/config.go:133.67,135.4 1 1
react-golang-starter/internal/cache/config.go:138.2,138.54 1 1
react-golang-starter/internal/cache/config.go:138.54,139.67 1 1
react-golang-starter/internal/cache/config.go:139.67,141.4 1 1
react-golang-starter/internal/cache/config.go:144.2,144.59 1 1
react-golang-starter/internal/cache/config.go:144.59,145.67 1 1
react-golang-starter/internal/cache/config.go:145.67,147.4 1 1
react-golang-starter/internal/cache/config.go:150.2,150.57 1 1
react-golang-starter/internal/cache/config.go:150.57,151.67 1 1
react-golang-starter/internal/cache/config.go:151.67,153.4 1 1
react-golang-starter/internal/cache/config.go:156.2,156.15 1 1
react-golang-starter/internal/cache/email_template_cache.go:21.42,23.2 1 1
react-golang-starter/internal/cache/email_template_cache.go:27.87,28.20 1 1
react-golang-starter/internal/cache/email_template_cache.go:28.20,30.3 1 1
react-golang-starter/internal/cache/email_template_cache.go:32.2,34.16 3 0
react-golang-starter/internal/cache/email_template_cache.go:34.16,37.3 1 0
react-golang-starter/internal/cache/email_template_cache.go:39.2,40.23 2 0
react-golang-starter/internal/cache/email_template_cache.go:44.82,45.39 1 1
react-golang-starter/internal/cache/email_template_cache.go:45.39,47.3 1 1
react-golang-starter/internal/cache/email_template_cache.go:49.2,49.104 1 0
react-golang-starter/internal/cache/email_template_cache.go:49.104,52.3 2 0
react-golang-starter/internal/cache/email_template_cache.go:54.2,55.12 2 0
react-golang-starter/internal/cache/email_template_cache.go:59.69,60.20 1 1
react-golang-starter/internal/cache/email_template_cache.go:60.20,62.3 1 1
react-golang-starter/internal/cache/email_template_cache.go:64.2,64.59 1 0
react-golang-starter/internal/cache/email_template_cache.go:64.59,67.3 2 0
react-golang-starter/internal/cache/email_template_cache.go:69.2,70.12 2 0
react-golang-starter/internal/cache/email_template_cache.go:74.61,75.20 1 1
react-golang-starter/internal/cache/email_template_cache.go:75.20,77.3 1 1
react-golang-starter/internal/cache/email_template_cache.go:79.2,80.37 2 0
react-golang-starter/internal/cache/email_template_cache.go:80.37,81.50 1 0
react-golang-starter/internal/cache/email_template_cache.go:81.50,84.4 2 0
react-golang-starter/internal/cache/email_template_cache.go:87.2,88.12 2 0
react-golang-starter/internal/cache/events.go:29.60,38.33 2 1
react-golang-starter/internal/cache/events.go:38.33,39.42 1 1
react-golang-starter/internal/cache/events.go:39.42,44.4 1 0
react-golang-starter/internal/cache/events.go:48.2,48.25 1 1
react-golang-starter/internal/cache/events.go:48.25,49.22 1 1
react-golang-starter/internal/cache/events.go:49.22,50.61 1 1
react-golang-starter/internal/cache/events.go:50.61,55.5 1 0
react-golang-starter/internal/cache/events.go:60.2,60.49 1 1
react-golang-starter/internal/cache/events.go:60.49,62.3 1 1
react-golang-starter/internal/cache/events.go:67.50,74.2 1 1
react-golang-starter/internal/cache/events.go:78.46,85.2 1 1
react-golang-starter/internal/cache/events.go:89.51,96.2 1 1
react-golang-starter/internal/cache/events.go:100.55,106.2 1 1
react-golang-starter/internal/cache/memory.go:26.50,39.2 3 1
react-golang-starter/internal/cache/memory.go:42.52,43.23 1 1
react-golang-starter/internal/cache/memory.go:43.23,45.3 1 1
react-golang-starter/internal/cache/memory.go:46.2,46.32 1 1
react-golang-starter/internal/cache/memory.go:50.40,54.6 3 1
react-golang-starter/internal/cache/memory.go:54.6,55.10 1 1
react-golang-starter/internal/cache/memory.go:56.19,59.34 3 0
react-golang-starter/internal/cache/memory.go:59.34,60.64 1 0
react-golang-starter/internal/cache/memory.go:60.64,62.6 1 0
react-golang-starter/internal/cache/memory.go:64.4,64.17 1 0
react-golang-starter/internal/cache/memory.go:65.24,66.10 1 1
react-golang-starter/internal/cache/memory.go:72.76,77.13 4 1
react-golang-starter/internal/cache/memory.go:77.13,79.3 1 1
react-golang-starter/internal/cache/memory.go:82.2,82.68 1 1
react-golang-starter/internal/cache/memory.go:82.68,84.3 1 1
react-golang-starter/internal/cache/memory.go:87.2,89.20 3 1
react-golang-starter/internal/cache/memory.go:93.106,98.47 3 1
react-golang-starter/internal/cache/memory.go:98.47,100.31 2 1
react-golang-starter/internal/cache/memory.go:100.31,101.63 1 1
react-golang-starter/internal/cache/memory.go:101.63,103.32 2 0
react-golang-starter/internal/cache/memory.go:103.32,104.11 1 0
react-golang-starter/internal/cache/memory.go:109.3,109.31 1 1
react-golang-starter/internal/cache/memory.go:109.31,110.26 1 1
react-golang-starter/internal/cache/memory.go:110.26,112.10 2 1
react-golang-starter/internal/cache/memory.go:118.2,122.20 4 1
react-golang-starter/internal/cache/memory.go:122.20,124.3 1 1
react-golang-starter/internal/cache/memory.go:126.2,131.12 2 1
react-golang-starter/internal/cache/memory.go:135.69,141.2 4 1
react-golang-starter/internal/cache/memory.go:144.77,149.13 4 1
react-golang-starter/internal/cache/memory.go:149.13,151.3 1 1
react-golang-starter/internal/cache/memory.go:154.2,154.68 1 1
react-golang-starter/internal/cache/memory.go:154.68,156.3 1 1
react-golang-starter/internal/cache/memory.go:158.2,158.18 1 1
react-golang-starter/internal/cache/memory.go:162.72,168.45 4 1
react-golang-starter/internal/cache/memory.go:168.45,170.27 2 1
react-golang-starter/internal/cache/memory.go:170.27,171.38 1 1
react-golang-starter/internal/cache/memory.go:171.38,173.5 1 1
react-golang-starter/internal/cache/memory.go:175.8,177.3 1 1
react-golang-starter/internal/cache/memory.go:179.2,179.12 1 1
react-golang-starter/internal/cache/memory.go:183.37,186.2 2 1
react-golang-starter/internal/cache/memory.go:189.55,191.2 1 1
react-golang-starter/internal/cache/memory.go:194.42,196.2 1 1
react-golang-starter/internal/cache/memory.go:202.32,204.2 1 1
react-golang-starter/internal/cache/memory.go:206.74,208.2 1 1
react-golang-starter/internal/cache/memory.go:210.104,212.2 1 1
react-golang-starter/internal/cache/memory.go:214.67,216.2 1 1
react-golang-starter/internal/cache/memory.go:218.75,220.2 1 1
react-golang-starter/internal/cache/memory.go:222.70,224.2 1 1
react-golang-starter/internal/cache/memory.go:226.35,228.2 1 1
react-golang-starter/internal/cache/memory.go:230.53,232.2 1 1
react-golang-starter/internal/cache/memory.go:234.40,236.2 1 1
react-golang-starter/internal/cache/metrics.go:19.49,23.2 1 1
react-golang-starter/internal/cache/metrics.go:26.77,31.16 4 1
react-golang-starter/internal/cache/metrics.go:31.16,38.3 3 1
react-golang-starter/internal/cache/metrics.go:40.2,46.18 3 1
react-golang-starter/internal/cache/metrics.go:50.107,55.16 4 1
react-golang-starter/internal/cache/metrics.go:55.16,62.3 2 0
react-golang-starter/internal/cache/metrics.go:64.2,70.12 2 1
react-golang-starter/internal/cache/metrics.go:74.70,85.2 5 1
react-golang-starter/internal/cache/metrics.go:88.78,90.2 1 1
react-golang-starter/internal/cache/metrics.go:93.73,104.2 5 1
react-golang-starter/internal/cache/metrics.go:107.38,109.2 1 1
react-golang-starter/internal/cache/metrics.go:112.56,114.2 1 1
react-golang-starter/internal/cache/metrics.go:117.43,119.2 1 1
react-golang-starter/internal/cache/metrics.go:122.53,124.2 1 1
react-golang-starter/internal/cache/metrics.go:127.42,131.16 4 1
react-golang-starter/internal/cache/metrics.go:131.16,133.3 1 1
react-golang-starter/internal/cache/metrics.go:134.2,134.45 1 1
react-golang-starter/internal/cache/metrics.go:138.37,141.2 2 1
react-golang-starter/internal/cache/metrics.go:144.35,151.2 2 0
react-golang-starter/internal/cache/org_cache.go:33.40,35.2 1 1
react-golang-starter/internal/cache/org_cache.go:38.32,39.65 1 1
react-golang-starter/internal/cache/org_cache.go:39.65,41.3 1 1
react-golang-starter/internal/cache/org_cache.go:42.2,42.22 1 1
react-golang-starter/internal/cache/org_cache.go:46.39,47.63 1 1
react-golang-starter/internal/cache/org_cache.go:47.63,49.3 1 1
react-golang-starter/internal/cache/org_cache.go:50.2,50.29 1 1
react-golang-starter/internal/cache/org_cache.go:54.37,56.2 1 1
react-golang-starter/internal/cache/org_cache.go:59.31,61.2 1 1
react-golang-starter/internal/cache/org_cache.go:64.47,66.2 1 1
react-golang-starter/internal/cache/org_cache.go:70.86,71.20 1 1
react-golang-starter/internal/cache/org_cache.go:71.20,73.3 1 1
react-golang-starter/internal/cache/org_cache.go:75.2,77.16 3 0
react-golang-starter/internal/cache/org_cache.go:77.16,80.3 1 0
react-golang-starter/internal/cache/org_cache.go:82.2,83.18 2 0
react-golang-starter/internal/cache/org_cache.go:88.86,89.20 1 1
react-golang-starter/internal/cache/org_cache.go:89.20,91.3 1 1
react-golang-starter/internal/cache/org_cache.go:93.2,95.16 3 0
react-golang-starter/internal/cache/org_cache.go:95.16,97.3 1 0
react-golang-starter/internal/cache/org_cache.go:99.2,100.18 2 0
react-golang-starter/internal/cache/org_cache.go:104.75,105.34 1 1
react-golang-starter/internal/cache/org_cache.go:105.34,107.3 1 1
react-golang-starter/internal/cache/org_cache.go:109.2,112.69 2 0
react-golang-starter/internal/cache/org_cache.go:112.69,115.3 2 0
react-golang-starter/internal/cache/org_cache.go:118.2,118.65 1 0
react-golang-starter/internal/cache/org_cache.go:118.65,121.3 1 0
react-golang-starter/internal/cache/org_cache.go:123.2,124.12 2 0
react-golang-starter/internal/cache/org_cache.go:129.97,130.20 1 1
react-golang-starter/internal/cache/org_cache.go:130.20,132.3 1 1
react-golang-starter/internal/cache/org_cache.go:134.2,136.16 3 0
react-golang-starter/internal/cache/org_cache.go:136.16,138.3 1 0
react-golang-starter/internal/cache/org_cache.go:140.2,141.25 2 0
react-golang-starter/internal/cache/org_cache.go:145.86,146.41 1 1
react-golang-starter/internal/cache/org_cache.go:146.41,148.3 1 1
react-golang-starter/internal/cache/org_cache.go:150.2,152.115 2 0
react-golang-starter/internal/cache/org_cache.go:152.115,158.3 2 0
react-golang-starter/internal/cache/org_cache.go:160.2,164.12 2 0
react-golang-starter/internal/cache/org_cache.go:168.78,169.20 1 1
react-golang-starter/internal/cache/org_cache.go:169.20,171.3 1 1
react-golang-starter/internal/cache/org_cache.go:173.2,176.16 2 0
react-golang-starter/internal/cache/org_cache.go:176.16,177.55 1 0
react-golang-starter/internal/cache/org_cache.go:177.55,180.4 2 0
react-golang-starter/internal/cache/org_cache.go:184.2,184.12 1 0
react-golang-starter/internal/cache/org_cache.go:184.12,185.51 1 0
react-golang-starter/internal/cache/org_cache.go:185.51,188.4 2 0
react-golang-starter/internal/cache/org_cache.go:191.2,192.16 2 0
react-golang-starter/internal/cache/org_cache.go:196.74,197.20 1 1
react-golang-starter/internal/cache/org_cache.go:197.20,199.3 1 1
react-golang-starter/internal/cache/org_cache.go:201.2,201.66 1 0
react-golang-starter/internal/cache/org_cache.go:201.66,207.3 2 0
react-golang-starter/internal/cache/org_cache.go:209.2,210.12 2 0
react-golang-starter/internal/cache/org_cache.go:215.70,216.20 1 1
react-golang-starter/internal/cache/org_cache.go:216.20,218.3 1 1
react-golang-starter/internal/cache/org_cache.go:220.2,221.37 2 0
react-golang-starter/internal/cache/org_cache.go:221.37,222.50 1 0
react-golang-starter/internal/cache/org_cache.go:222.50,225.4 2 0
react-golang-starter/internal/cache/org_cache.go:228.2,229.12 2 0
react-golang-starter/internal/cache/redis.go:18.57,20.16 2 0
react-golang-starter/internal/cache/redis.go:20.16,22.3 1 0
react-golang-starter/internal/cache/redis.go:25.2,37.8 7 0
react-golang-starter/internal/cache/redis.go:41.51,42.23 1 0
react-golang-starter/internal/cache/redis.go:42.23,44.3 1 0
react-golang-starter/internal/cache/redis.go:45.2,45.32 1 0
react-golang-starter/internal/cache/redis.go:49.75,50.18 1 0
react-golang-starter/internal/cache/redis.go:50.18,52.3 1 0
react-golang-starter/internal/cache/redis.go:54.2,55.22 2 0
react-golang-starter/internal/cache/redis.go:55.22,57.3 1 0
react-golang-starter/internal/cache/redis.go:58.2,58.16 1 0
react-golang-starter/internal/cache/redis.go:58.16,60.3 1 0
react-golang-starter/internal/cache/redis.go:61.2,61.17 1 0
react-golang-starter/internal/cache/redis.go:65.105,66.18 1 0
react-golang-starter/internal/cache/redis.go:66.18,68.3 1 0
react-golang-starter/internal/cache/redis.go:70.2,71.16 2 0
react-golang-starter/internal/cache/redis.go:71.16,73.3 1 0
react-golang-starter/internal/cache/redis.go:74.2,74.12 1 0
react-golang-starter/internal/cache/redis.go:78.68,79.18 1 0
react-golang-starter/internal/cache/redis.go:79.18,81.3 1 0
react-golang-starter/internal/cache/redis.go:83.2,84.16 2 0
react-golang-starter/internal/cache/redis.go:84.16,86.3 1 0
react-golang-starter/internal/cache/redis.go:87.2,87.12 1 0
react-golang-starter/internal/cache/redis.go:91.76,92.18 1 0
react-golang-starter/internal/cache/redis.go:92.18,94.3 1 0
react-golang-starter/internal/cache/redis.go:96.2,97.16 2 0
react-golang-starter/internal/cache/redis.go:97.16,99.3 1 0
react-golang-starter/internal/cache/redis.go:100.2,100.23 1 0
react-golang-starter/internal/cache/redis.go:104.71,105.18 1 0
react-golang-starter/internal/cache/redis.go:105.18,107.3 1 0
react-golang-starter/internal/cache/redis.go:109.2,112.21 3 0
react-golang-starter/internal/cache/redis.go:112.21,113.61 1 0
react-golang-starter/internal/cache/redis.go:113.61,115.4 1 0
react-golang-starter/internal/cache/redis.go:118.2,118.35 1 0
react-golang-starter/internal/cache/redis.go:118.35,120.3 1 0
react-golang-starter/internal/cache/redis.go:122.2,122.12 1 0
react-golang-starter/internal/cache/redis.go:126.36,127.21 1 0
react-golang-starter/internal/cache/redis.go:127.21,129.3 1 0
react-golang-starter/internal/cache/redis.go:130.2,131.25 2 0
react-golang-starter/internal/cache/redis.go:135.54,136.21 1 0
react-golang-starter/internal/cache/redis.go:136.21,138.3 1 0
react-golang-starter/internal/cache/redis.go:140.2,141.16 2 0
react-golang-starter/internal/cache/redis.go:141.16,144.3 2 0
react-golang-starter/internal/cache/redis.go:145.2,146.12 2 0
react-golang-starter/internal/cache/redis.go:150.41,152.2 1 0
react-golang-starter/internal/cache/strategies.go:29.14,34.16 3 0
react-golang-starter/internal/cache/strategies.go:34.16,37.3 1 0
react-golang-starter/internal/cache/strategies.go:41.2,41.64 1 0
react-golang-starter/internal/cache/strategies.go:41.64,44.68 2 0
react-golang-starter/internal/cache/strategies.go:44.68,46.4 1 0
react-golang-starter/internal/cache/strategies.go:49.3,50.21 2 0
react-golang-starter/internal/cache/strategies.go:50.21,52.4 1 0
react-golang-starter/internal/cache/strategies.go:55.3,55.13 1 0
react-golang-starter/internal/cache/strategies.go:55.13,58.68 3 0
react-golang-starter/internal/cache/strategies.go:58.68,60.5 1 0
react-golang-starter/internal/cache/strategies.go:63.3,63.21 1 0
react-golang-starter/internal/cache/strategies.go:66.2,66.16 1 0
react-golang-starter/internal/cache/strategies.go:66.16,68.3 1 0
react-golang-starter/internal/cache/strategies.go:70.2,70.12 1 0
react-golang-starter/internal/cache/strategies.go:70.12,72.3 1 0
react-golang-starter/internal/cache/strategies.go:74.2,74.19 1 0
react-golang-starter/internal/cache/strategies.go:85.14,90.16 3 0
react-golang-starter/internal/cache/strategies.go:90.16,92.3 1 0
react-golang-starter/internal/cache/strategies.go:95.2,95.59 1 0
react-golang-starter/internal/cache/strategies.go:95.59,98.68 2 0
react-golang-starter/internal/cache/strategies.go:98.68,100.4 1 0
react-golang-starter/internal/cache/strategies.go:103.3,104.21 2 0
react-golang-starter/internal/cache/strategies.go:104.21,106.4 1 0
react-golang-starter/internal/cache/strategies.go:109.3,109.62 1 0
react-golang-starter/internal/cache/strategies.go:109.62,111.4 1 0
react-golang-starter/internal/cache/strategies.go:113.3,113.21 1 0
react-golang-starter/internal/cache/strategies.go:116.2,116.16 1 0
react-golang-starter/internal/cache/strategies.go:116.16,118.3 1 0
react-golang-starter/internal/cache/strategies.go:120.2,120.19 1 0
react-golang-starter/internal/cache/strategies.go:125.50,126.41 1 1
react-golang-starter/internal/cache/strategies.go:126.41,128.3 1 0
react-golang-starter/internal/cache/strategies.go:132.61,133.21 1 1
react-golang-starter/internal/cache/strategies.go:133.21,135.3 1 1
react-golang-starter/internal/cache/strategies.go:136.2,136.53 1 0
react-golang-starter/internal/cache/strategies.go:136.53,138.3 1 0
react-golang-starter/internal/cache/strategies.go:143.51,144.21 1 1
react-golang-starter/internal/cache/strategies.go:144.21,146.3 1 1
react-golang-starter/internal/cache/strategies.go:147.2,148.16 2 0
react-golang-starter/internal/cache/strategies.go:148.16,150.3 1 0
react-golang-starter/internal/cache/strategies.go:151.2,151.15 1 0
react-golang-starter/internal/cache/strategies.go:156.92,157.22 1 1
react-golang-starter/internal/cache/strategies.go:157.22,159.3 1 0
react-golang-starter/internal/cache/strategies.go:160.2,160.50 1 1
react-golang-starter/internal/cache/strategies.go:160.50,162.3 1 0
react-golang-starter/internal/cache/strategies.go:163.2,163.13 1 1
react-golang-starter/internal/cache/strategies.go:167.55,169.2 1 1
react-golang-starter/internal/cache/strategies.go:172.39,174.2 1 1
react-golang-starter/internal/cache/strategies.go:180.47,182.2 1 1
react-golang-starter/internal/cache/warming.go:25.44,31.2 1 0
react-golang-starter/internal/cache/warming.go:57.70,58.19 1 0
react-golang-starter/internal/cache/warming.go:58.19,60.3 1 0
react-golang-starter/internal/cache/warming.go:61.2,65.3 1 0
react-golang-starter/internal/cache/warming.go:69.54,71.2 1 0
react-golang-starter/internal/cache/warming.go:74.65,75.41 1 0
react-golang-starter/internal/cache/warming.go:75.41,78.3 2 0
react-golang-starter/internal/cache/warming.go:80.2,95.31 8 0
react-golang-starter/internal/cache/warming.go:95.31,97.35 2 0
react-golang-starter/internal/cache/warming.go:97.35,101.17 3 0
react-golang-starter/internal/cache/warming.go:101.17,101.26 1 0
react-golang-starter/internal/cache/warming.go:103.4,104.25 2 0
react-golang-starter/internal/cache/warming.go:108.2,112.28 3 0
react-golang-starter/internal/cache/warming.go:112.28,113.16 1 0
react-golang-starter/internal/cache/warming.go:113.16,115.4 1 0
react-golang-starter/internal/cache/warming.go:118.2,125.16 2 0
react-golang-starter/internal/cache/warming.go:129.88,137.16 4 0
react-golang-starter/internal/cache/warming.go:137.16,145.3 4 0
react-golang-starter/internal/cache/warming.go:148.2,148.68 1 0
react-golang-starter/internal/cache/warming.go:148.68,157.3 4 0
react-golang-starter/internal/cache/warming.go:159.2,168.15 4 0
react-golang-starter/internal/cache/warming.go:172.57,178.58 1 0
react-golang-starter/internal/cache/warming.go:178.58,190.36 3 0
react-golang-starter/internal/cache/warming.go:190.36,192.5 1 0
react-golang-starter/internal/cache/warming.go:193.4,193.21 1 0
react-golang-starter/internal/cache/warming.go:198.2,202.58 1 0
react-golang-starter/internal/cache/warming.go:202.58,213.35 4 0
react-golang-starter/internal/cache/warming.go:213.35,215.5 1 0
react-golang-starter/internal/cache/warming.go:216.4,216.29 1 0
react-golang-starter/internal/cache/warming.go:216.29,218.69 2 0
react-golang-starter/internal/cache/warming.go:218.69,220.6 1 0
react-golang-starter/internal/cache/warming.go:220.11,222.6 1 0
react-golang-starter/internal/cache/warming.go:224.4,224.24 1 0
react-golang-starter/internal/cache/warming.go:229.2,233.58 1 0
react-golang-starter/internal/cache/warming.go:233.58,250.44 4 0
react-golang-starter/internal/cache/warming.go:250.44,252.5 1 0
react-golang-starter/internal/cache/warming.go:253.4,253.29 1 0
react-golang-starter/internal/cache/warming.go:258.2,262.58 1 0
react-golang-starter/internal/cache/warming.go:262.58,279.36 4 0
react-golang-starter/internal/cache/warming.go:279.36,281.5 1 0
react-golang-starter/internal/cache/warming.go:282.4,282.21 1 0
react-golang-starter/internal/cache/warming.go:286.2,286.85 1 0
react-golang-starter/internal/cache/warming.go:290.73,291.20 1 0
react-golang-starter/internal/cache/warming.go:291.20,293.3 1 0
react-golang-starter/internal/cache/warming.go:295.2,310.34 3 0
react-golang-starter/internal/cache/warming.go:310.34,312.3 1 0
react-golang-starter/internal/cache/warming.go:314.2,315.68 2 0
react-golang-starter/internal/cache/warming.go:315.68,317.3 1 0
react-golang-starter/internal/cache/warming.go:319.2,320.12 2 0
react-golang-starter/internal/cache/warming.go:324.68,325.20 1 0
react-golang-starter/internal/cache/warming.go:325.20,327.3 1 0
react-golang-starter/internal/cache/warming.go:329.2,338.34 3 0
react-golang-starter/internal/cache/warming.go:338.34,340.3 1 0
react-golang-starter/internal/cache/warming.go:343.2,344.26 2 0
react-golang-starter/internal/cache/warming.go:344.26,346.3 1 0
react-golang-starter/internal/cache/warming.go:348.2,348.82 1 0
react-golang-starter/internal/cache/warming.go:348.82,350.3 1 0
react-golang-starter/internal/cache/warming.go:352.2,353.12 2 0
react-golang-starter/internal/email/config.go:38.30,52.2 1 1
react-golang-starter/internal/email/config.go:55.27,59.58 2 1
react-golang-starter/internal/email/config.go:59.58,61.3 1 1
react-golang-starter/internal/email/config.go:64.2,64.48 1 1
react-golang-starter/internal/email/config.go:64.48,67.3 2 1
react-golang-starter/internal/email/config.go:69.2,69.48 1 1
react-golang-starter/internal/email/config.go:69.48,70.47 1 1
react-golang-starter/internal/email/config.go:70.47,72.4 1 1
react-golang-starter/internal/email/config.go:75.2,75.48 1 1
react-golang-starter/internal/email/config.go:75.48,77.3 1 1
react-golang-starter/internal/email/config.go:79.2,79.52 1 1
react-golang-starter/internal/email/config.go:79.52,81.3 1 1
react-golang-starter/internal/email/config.go:83.2,83.48 1 1
react-golang-starter/internal/email/config.go:83.48,85.3 1 1
react-golang-starter/internal/email/config.go:86.2,86.49 1 1
react-golang-starter/internal/email/config.go:86.49,88.3 1 1
react-golang-starter/internal/email/config.go:90.2,90.53 1 1
react-golang-starter/internal/email/config.go:90.53,92.3 1 1
react-golang-starter/internal/email/config.go:94.2,94.49 1 1
react-golang-starter/internal/email/config.go:94.49,96.3 1 1
react-golang-starter/internal/email/config.go:98.2,98.58 1 1
react-golang-starter/internal/email/config.go:98.58,100.3 1 1
react-golang-starter/internal/email/config.go:103.2,107.59 3 1
react-golang-starter/internal/email/config.go:107.59,109.3 1 1
react-golang-starter/internal/email/config.go:111.2,111.15 1 1
react-golang-starter/internal/email/email.go:48.49,51.18 2 1
react-golang-starter/internal/email/email.go:51.18,55.3 3 1
react-golang-starter/internal/email/email.go:58.2,59.16 2 1
react-golang-starter/internal/email/email.go:59.16,63.3 3 0
react-golang-starter/internal/email/email.go:65.2,74.12 3 1
react-golang-starter/internal/email/email.go:78.57,79.21 1 1
react-golang-starter/internal/email/email.go:79.21,81.3 1 1
react-golang-starter/internal/email/email.go:82.2,82.35 1 1
react-golang-starter/internal/email/email.go:86.64,87.21 1 1
react-golang-starter/internal/email/email.go:87.21,89.3 1 1
react-golang-starter/internal/email/email.go:90.2,90.40 1 1
react-golang-starter/internal/email/email.go:94.25,95.21 1 1
react-golang-starter/internal/email/email.go:95.21,97.3 1 1
react-golang-starter/internal/email/email.go:98.2,98.31 1 1
react-golang-starter/internal/email/email.go:102.30,103.19 1 1
react-golang-starter/internal/email/email.go:103.19,105.3 1 1
react-golang-starter/internal/email/email.go:106.2,106.27 1 1
react-golang-starter/internal/email/email.go:110.20,111.21 1 1
react-golang-starter/internal/email/email.go:111.21,113.3 1 1
react-golang-starter/internal/email/email.go:114.2,114.25 1 1
react-golang-starter/internal/email/email.go:118.26,120.2 1 1
react-golang-starter/internal/email/smtp.go:21.71,23.16 2 1
react-golang-starter/internal/email/smtp.go:23.16,25.3 1 0
react-golang-starter/internal/email/smtp.go:27.2,33.15 2 1
react-golang-starter/internal/email/smtp.go:33.15,35.3 1 0
react-golang-starter/internal/email/smtp.go:37.2,37.22 1 1
react-golang-starter/internal/email/smtp.go:41.75,43.21 1 1
react-golang-starter/internal/email/smtp.go:43.21,45.3 1 1
react-golang-starter/internal/email/smtp.go:48.2,48.22 1 1
react-golang-starter/internal/email/smtp.go:48.22,56.3 2 1
react-golang-starter/internal/email/smtp.go:59.2,62.79 2 1
react-golang-starter/internal/email/smtp.go:62.79,64.3 1 1
react-golang-starter/internal/email/smtp.go:67.2,67.40 1 0
react-golang-starter/internal/email/smtp.go:67.40,69.3 1 0
react-golang-starter/internal/email/smtp.go:71.2,76.31 4 0
react-golang-starter/internal/email/smtp.go:76.31,78.32 1 0
react-golang-starter/internal/email/smtp.go:78.32,80.24 2 0
react-golang-starter/internal/email/smtp.go:80.24,82.5 1 0
react-golang-starter/internal/email/smtp.go:83.4,86.34 4 0
react-golang-starter/internal/email/smtp.go:87.9,90.18 2 0
react-golang-starter/internal/email/smtp.go:90.18,92.5 1 0
react-golang-starter/internal/email/smtp.go:93.4,93.27 1 0
react-golang-starter/internal/email/smtp.go:98.2,98.43 1 0
react-golang-starter/internal/email/smtp.go:98.43,100.3 1 0
react-golang-starter/internal/email/smtp.go:101.2,101.19 1 0
react-golang-starter/internal/email/smtp.go:101.19,103.3 1 0
react-golang-starter/internal/email/smtp.go:104.2,107.20 2 0
react-golang-starter/internal/email/smtp.go:107.20,109.3 1 0
react-golang-starter/internal/email/smtp.go:110.2,110.20 1 0
react-golang-starter/internal/email/smtp.go:110.20,112.3 1 0
react-golang-starter/internal/email/smtp.go:112.8,112.35 1 0
react-golang-starter/internal/email/smtp.go:112.35,114.3 1 0
react-golang-starter/internal/email/smtp.go:117.2,123.60 2 0
react-golang-starter/internal/email/smtp.go:123.60,129.3 1 0
react-golang-starter/internal/email/smtp.go:132.2,140.16 3 0
react-golang-starter/internal/email/smtp.go:140.16,142.3 1 0
react-golang-starter/internal/email/smtp.go:143.2,146.46 2 0
react-golang-starter/internal/email/smtp.go:146.46,148.3 1 0
react-golang-starter/internal/email/smtp.go:150.2,158.63 2 0
react-golang-starter/internal/email/smtp.go:158.63,159.13 1 0
react-golang-starter/internal/email/smtp.go:159.13,160.107 1 0
react-golang-starter/internal/email/smtp.go:160.107,162.5 1 0
react-golang-starter/internal/email/smtp.go:166.2,166.12 1 0
react-golang-starter/internal/email/smtp.go:170.82,172.31 2 1
react-golang-starter/internal/email/smtp.go:172.31,173.44 1 1
react-golang-starter/internal/email/smtp.go:173.44,176.4 2 1
react-golang-starter/internal/email/smtp.go:178.2,178.16 1 1
react-golang-starter/internal/email/smtp.go:182.43,184.2 1 1
react-golang-starter/internal/email/smtp.go:187.38,189.2 1 1
react-golang-starter/internal/email/smtp.go:191.54,192.28 1 1
react-golang-starter/internal/email/smtp.go:193.19,194.27 1 1
react-golang-starter/internal/email/smtp.go:195.14,196.20 1 1
react-golang-starter/internal/email/smtp.go:197.10,198.31 1 1
react-golang-starter/internal/email/smtp.go:206.38,208.2 1 1
react-golang-starter/internal/email/smtp.go:211.75,217.2 2 1
react-golang-starter/internal/email/smtp.go:220.82,221.31 1 1
react-golang-starter/internal/email/smtp.go:221.31,226.3 1 1
react-golang-starter/internal/email/smtp.go:227.2,227.12 1 1
react-golang-starter/internal/email/smtp.go:231.43,233.2 1 1
react-golang-starter/internal/email/smtp.go:236.38,238.2 1 1
react-golang-starter/internal/email/template_resolver.go:33.89,38.2 1 1
react-golang-starter/internal/email/template_resolver.go:41.129,46.23 2 0
react-golang-starter/internal/email/template_resolver.go:46.23,49.60 3 0
react-golang-starter/internal/email/template_resolver.go:49.60,51.4 1 0
react-golang-starter/internal/email/template_resolver.go:54.3,54.24 1 0
react-golang-starter/internal/email/template_resolver.go:54.24,56.4 1 0
react-golang-starter/internal/email/template_resolver.go:60.2,60.46 1 0
react-golang-starter/internal/email/template_resolver.go:60.46,62.17 2 0
react-golang-starter/internal/email/template_resolver.go:62.17,64.4 1 0
react-golang-starter/internal/email/template_resolver.go:64.9,66.4 1 0
react-golang-starter/internal/email/template_resolver.go:70.2,70.49 1 0
react-golang-starter/internal/email/template_resolver.go:74.111,76.92 2 0
react-golang-starter/internal/email/template_resolver.go:76.92,78.3 1 0
react-golang-starter/internal/email/template_resolver.go:79.2,79.23 1 0
react-golang-starter/internal/email/template_resolver.go:83.132,89.25 4 0
react-golang-starter/internal/email/template_resolver.go:89.25,91.3 1 0
react-golang-starter/internal/email/template_resolver.go:91.8,93.3 1 0
react-golang-starter/internal/email/template_resolver.go:95.2,100.8 1 0
react-golang-starter/internal/email/template_resolver.go:105.101,118.25 3 1
react-golang-starter/internal/email/template_resolver.go:118.25,122.20 3 1
react-golang-starter/internal/email/template_resolver.go:122.20,124.4 1 1
react-golang-starter/internal/email/template_resolver.go:128.2,128.35 1 1
react-golang-starter/internal/email/template_resolver.go:128.35,132.3 3 1
react-golang-starter/internal/email/template_resolver.go:134.2,134.15 1 1
react-golang-starter/internal/email/template_resolver.go:138.120,140.16 2 1
react-golang-starter/internal/email/template_resolver.go:140.16,142.3 1 1
react-golang-starter/internal/email/template_resolver.go:144.2,149.8 1 1
react-golang-starter/internal/email/template_resolver.go:153.87,161.2 2 0
react-golang-starter/internal/email/template_resolver.go:164.35,166.22 2 1
react-golang-starter/internal/email/template_resolver.go:166.22,167.34 1 1
react-golang-starter/internal/email/template_resolver.go:167.34,169.4 1 1
react-golang-starter/internal/email/template_resolver.go:170.3,170.39 1 1
react-golang-starter/internal/email/template_resolver.go:172.2,172.24 1 1
react-golang-starter/internal/email/templates.go:32.53,39.16 3 1
react-golang-starter/internal/email/templates.go:39.16,41.3 1 0
react-golang-starter/internal/email/templates.go:42.2,45.49 2 1
react-golang-starter/internal/email/templates.go:45.49,47.3 1 0
react-golang-starter/internal/email/templates.go:49.2,49.16 1 1
react-golang-starter/internal/email/templates.go:53.77,58.16 3 1
react-golang-starter/internal/email/templates.go:58.16,60.3 1 0
react-golang-starter/internal/email/templates.go:62.2,62.35 1 1
react-golang-starter/internal/email/templates.go:62.35,64.17 2 1
react-golang-starter/internal/email/templates.go:64.17,66.4 1 0
react-golang-starter/internal/email/templates.go:67.3,67.59 1 1
react-golang-starter/internal/email/templates.go:67.59,69.4 1 0
react-golang-starter/internal/email/templates.go:73.2,74.16 2 1
react-golang-starter/internal/email/templates.go:74.16,76.3 1 0
react-golang-starter/internal/email/templates.go:78.2,78.36 1 1
react-golang-starter/internal/email/templates.go:78.36,80.17 2 1
react-golang-starter/internal/email/templates.go:80.17,82.4 1 0
react-golang-starter/internal/email/templates.go:83.3,83.59 1 1
react-golang-starter/internal/email/templates.go:83.59,85.4 1 0
react-golang-starter/internal/email/templates.go:88.2,88.21 1 1
react-golang-starter/internal/email/templates.go:92.56,94.16 2 1
react-golang-starter/internal/email/templates.go:94.16,96.3 1 0
react-golang-starter/internal/email/templates.go:98.2,98.34 1 1
react-golang-starter/internal/email/templates.go:98.34,103.17 3 1
react-golang-starter/internal/email/templates.go:103.17,105.4 1 0
react-golang-starter/internal/email/templates.go:108.3,109.17 2 1
react-golang-starter/internal/email/templates.go:109.17,111.4 1 0
react-golang-starter/internal/email/templates.go:112.3,112.56 1 1
react-golang-starter/internal/email/templates.go:112.56,114.4 1 0
react-golang-starter/internal/email/templates.go:115.3,115.28 1 1
react-golang-starter/internal/email/templates.go:118.2,118.12 1 1
react-golang-starter/internal/email/templates.go:122.46,126.2 2 1
react-golang-starter/internal/email/templates.go:130.109,132.9 2 1
react-golang-starter/internal/email/templates.go:132.9,134.3 1 1
react-golang-starter/internal/email/templates.go:137.2,148.32 3 1
react-golang-starter/internal/email/templates.go:148.32,150.74 1 1
react-golang-starter/internal/email/templates.go:150.74,152.4 1 0
react-golang-starter/internal/email/templates.go:153.8,155.58 1 0
react-golang-starter/internal/email/templates.go:155.58,157.4 1 0
react-golang-starter/internal/email/templates.go:160.2,164.35 3 1
react-golang-starter/internal/email/templates.go:164.35,166.84 2 1
react-golang-starter/internal/email/templates.go:166.84,168.4 1 1
react-golang-starter/internal/email/templates.go:172.2,174.41 2 1
react-golang-starter/internal/email/templates.go:178.58,181.2 2 1
react-golang-starter/internal/email/templates.go:184.53,186.33 2 1
react-golang-starter/internal/email/templates.go:186.33,188.3 1 1
react-golang-starter/internal/email/templates.go:189.2,189.14 1 1
react-golang-starter/internal/email/templates.go:192.44,196.6 2 1
react-golang-starter/internal/email/templates.go:196.6,198.18 2 1
react-golang-starter/internal/email/templates.go:198.18,199.9 1 1
react-golang-starter/internal/email/templates.go:201.3,202.16 2 1
react-golang-starter/internal/email/templates.go:202.16,203.9 1 1
react-golang-starter/internal/email/templates.go:205.3,205.43 1 1
react-golang-starter/internal/email/templates.go:209.2,222.25 12 1
react-golang-starter/internal/email/templates.go:222.25,223.15 1 1
react-golang-starter/internal/email/templates.go:223.15,225.4 1 1
react-golang-starter/internal/email/templates.go:225.9,225.22 1 1
react-golang-starter/internal/email/templates.go:225.22,227.4 1 1
react-golang-starter/internal/email/templates.go:227.9,227.20 1 1
react-golang-starter/internal/email/templates.go:227.20,229.4 1 1
react-golang-starter/internal/email/templates.go:233.2,237.39 3 1
react-golang-starter/internal/email/templates.go:237.39,239.3 1 1
react-golang-starter/internal/email/templates.go:241.2,241.13 1 1
react-golang-starter/internal/email/templates.go:244.26,245.48 1 1
react-golang-starter/internal/email/templates.go:245.48,247.3 1 1
react-golang-starter/internal/email/templates.go:248.2,248.27 1 1
react-golang-starter/internal/email/templates.go:251.31,252.44 1 1
react-golang-starter/internal/email/templates.go:252.44,254.3 1 1
react-golang-starter/internal/email/templates.go:255.2,255.30 1 1
react-golang-starter/internal/config/config.go:32.35,33.65 1 0
react-golang-starter/internal/config/config.go:33.65,35.3 1 0
react-golang-starter/internal/config/config.go:36.2,36.30 1 0
react-golang-starter/internal/config/config.go:137.30,140.40 1 0
react-golang-starter/internal/config/config.go:140.40,142.3 1 0
react-golang-starter/internal/config/config.go:144.2,217.42 2 0
react-golang-starter/internal/config/config.go:217.42,219.3 1 0
react-golang-starter/internal/config/config.go:221.2,221.20 1 0
react-golang-starter/internal/config/config.go:225.35,229.24 2 0
react-golang-starter/internal/config/config.go:229.24,231.3 1 0
react-golang-starter/internal/config/config.go:234.2,234.27 1 0
react-golang-starter/internal/config/config.go:234.27,236.3 1 0
react-golang-starter/internal/config/config.go:237.2,237.27 1 0
react-golang-starter/internal/config/config.go:237.27,239.3 1 0
react-golang-starter/internal/config/config.go:242.2,244.39 3 0
react-golang-starter/internal/config/config.go:244.39,245.48 1 0
react-golang-starter/internal/config/config.go:245.48,247.9 2 0
react-golang-starter/internal/config/config.go:250.2,250.17 1 0
react-golang-starter/internal/config/config.go:250.17,252.3 1 0
react-golang-starter/internal/config/config.go:254.2,254.19 1 0
react-golang-starter/internal/config/config.go:254.19,256.3 1 0
react-golang-starter/internal/config/config.go:258.2,258.12 1 0
react-golang-starter/internal/config/config.go:263.42,264.42 1 0
react-golang-starter/internal/config/config.go:264.42,266.3 1 0
react-golang-starter/internal/config/config.go:267.2,267.17 1 0
react-golang-starter/internal/config/config.go:270.49,271.42 1 0
react-golang-starter/internal/config/config.go:271.42,273.17 2 0
react-golang-starter/internal/config/config.go:273.17,276.4 2 0
react-golang-starter/internal/config/config.go:277.3,277.16 1 0
react-golang-starter/internal/config/config.go:279.2,279.17 1 0
react-golang-starter/internal/config/config.go:282.46,283.42 1 0
react-golang-starter/internal/config/config.go:283.42,285.17 2 0
react-golang-starter/internal/config/config.go:285.17,288.4 2 0
react-golang-starter/internal/config/config.go:289.3,289.16 1 0
react-golang-starter/internal/config/config.go:291.2,291.17 1 0
react-golang-starter/internal/config/config.go:294.52,295.42 1 0
react-golang-starter/internal/config/config.go:295.42,297.17 2 0
react-golang-starter/internal/config/config.go:297.17,300.4 2 0
react-golang-starter/internal/config/config.go:301.3,301.16 1 0
react-golang-starter/internal/config/config.go:303.2,303.17 1 0
react-golang-starter/internal/config/config.go:306.58,307.42 1 0
react-golang-starter/internal/config/config.go:307.42,309.17 2 0
react-golang-starter/internal/config/config.go:309.17,312.4 2 0
react-golang-starter/internal/config/config.go:313.3,313.16 1 0
react-golang-starter/internal/config/config.go:315.2,315.17 1 0
react-golang-starter/internal/config/config.go:318.71,319.42 1 0
react-golang-starter/internal/config/config.go:319.42,321.17 2 0
react-golang-starter/internal/config/config.go:321.17,324.4 2 0
react-golang-starter/internal/config/config.go:325.3,325.16 1 0
react-golang-starter/internal/config/config.go:327.2,327.17 1 0
react-golang-starter/internal/config/config.go:330.58,331.42 1 0
react-golang-starter/internal/config/config.go:331.42,333.3 1 0
react-golang-starter/internal/config/config.go:334.2,334.17 1 0
react-golang-starter/internal/config/config.go:338.39,340.2 1 0
react-golang-starter/internal/config/config.go:343.38,345.2 1 0
react-golang-starter/internal/config/config.go:348.42,352.2 1 0
react-golang-starter/internal/config/config.go:355.41,357.2 1 0
react-golang-starter/internal/config/yaml_loader.go:94.53,96.16 2 0
react-golang-starter/internal/config/yaml_loader.go:96.16,97.25 1 0
react-golang-starter/internal/config/yaml_loader.go:97.25,99.4 1 0
react-golang-starter/internal/config/yaml_loader.go:100.3,100.18 1 0
react-golang-starter/internal/config/yaml_loader.go:103.2,104.58 2 0
react-golang-starter/internal/config/yaml_loader.go:104.58,106.3 1 0
react-golang-starter/internal/config/yaml_loader.go:108.2,109.25 2 0
react-golang-starter/internal/config/yaml_loader.go:114.62,115.23 1 0
react-golang-starter/internal/config/yaml_loader.go:115.23,117.3 1 0
react-golang-starter/internal/config/yaml_loader.go:120.2,120.40 1 0
react-golang-starter/internal/config/yaml_loader.go:120.40,121.51 1 0
react-golang-starter/internal/config/yaml_loader.go:121.51,123.4 1 0
react-golang-starter/internal/config/yaml_loader.go:124.3,124.51 1 0
react-golang-starter/internal/config/yaml_loader.go:124.51,126.4 1 0
react-golang-starter/internal/config/yaml_loader.go:127.3,127.48 1 0
react-golang-starter/internal/config/yaml_loader.go:127.48,129.4 1 0
react-golang-starter/internal/config/yaml_loader.go:130.3,130.50 1 0
react-golang-starter/internal/config/yaml_loader.go:130.50,132.4 1 0
react-golang-starter/internal/config/yaml_loader.go:133.3,133.60 1 0
react-golang-starter/internal/config/yaml_loader.go:133.60,134.60 1 0
react-golang-starter/internal/config/yaml_loader.go:134.60,136.5 1 0
react-golang-starter/internal/config/yaml_loader.go:141.2,141.42 1 0
react-golang-starter/internal/config/yaml_loader.go:141.42,142.79 1 0
react-golang-starter/internal/config/yaml_loader.go:142.79,144.4 1 0
react-golang-starter/internal/config/yaml_loader.go:145.3,145.79 1 0
react-golang-starter/internal/config/yaml_loader.go:145.79,147.4 1 0
react-golang-starter/internal/config/yaml_loader.go:148.3,148.79 1 0
react-golang-starter/internal/config/yaml_loader.go:148.79,150.4 1 0
react-golang-starter/internal/config/yaml_loader.go:151.3,151.83 1 0
react-golang-starter/internal/config/yaml_loader.go:151.83,153.4 1 0
react-golang-starter/internal/config/yaml_loader.go:154.3,154.56 1 0
react-golang-starter/internal/config/yaml_loader.go:154.56,156.4 1 0
react-golang-starter/internal/config/yaml_loader.go:160.2,160.37 1 0
react-golang-starter/internal/config/yaml_loader.go:160.37,161.75 1 0
react-golang-starter/internal/config/yaml_loader.go:161.75,163.4 1 0
react-golang-starter/internal/config/yaml_loader.go:167.2,167.43 1 0
[...]
react-golang-starter/internal/services/totp_service.go:206.2,206.33 1 0
react-golang-starter/internal/services/totp_service.go:206.33,213.3 2 0
react-golang-starter/internal/services/totp_service.go:216.2,216.20 1 0
react-golang-starter/internal/services/totp_service.go:216.20,218.12 2 0
react-golang-starter/internal/services/totp_service.go:218.12,228.4 3 0
react-golang-starter/internal/services/totp_service.go:232.2,238.35 3 0
react-golang-starter/internal/services/totp_service.go:238.35,241.3 2 0
react-golang-starter/internal/services/totp_service.go:243.2,244.19 2 0
react-golang-starter/internal/services/totp_service.go:248.72,251.16 2 0
react-golang-starter/internal/services/totp_service.go:251.16,253.3 1 0
react-golang-starter/internal/services/totp_service.go:254.2,254.12 1 0
react-golang-starter/internal/services/totp_service.go:254.12,256.3 1 0
react-golang-starter/internal/services/totp_service.go:259.2,259.103 1 0
react-golang-starter/internal/services/totp_service.go:259.103,261.3 1 0
react-golang-starter/internal/services/totp_service.go:264.2,266.12 2 0
react-golang-starter/internal/services/totp_service.go:270.96,272.89 2 0
react-golang-starter/internal/services/totp_service.go:272.89,273.36 1 0
react-golang-starter/internal/services/totp_service.go:273.36,278.4 1 0
react-golang-starter/internal/services/totp_service.go:279.3,279.67 1 0
react-golang-starter/internal/services/totp_service.go:282.2,283.33 2 0
react-golang-starter/internal/services/totp_service.go:283.33,285.3 1 0
react-golang-starter/internal/services/totp_service.go:287.2,291.8 1 0
react-golang-starter/internal/services/totp_service.go:295.89,298.16 2 0
react-golang-starter/internal/services/totp_service.go:298.16,300.3 1 0
react-golang-starter/internal/services/totp_service.go:301.2,301.12 1 0
react-golang-starter/internal/services/totp_service.go:301.12,303.3 1 0
react-golang-starter/internal/services/totp_service.go:306.2,307.16 2 0
react-golang-starter/internal/services/totp_service.go:307.16,309.3 1 0
react-golang-starter/internal/services/totp_service.go:311.2,320.24 2 0
react-golang-starter/internal/services/totp_service.go:320.24,322.3 1 0
react-golang-starter/internal/services/totp_service.go:324.2,324.25 1 0
react-golang-starter/internal/services/totp_service.go:328.63,332.35 2 0
react-golang-starter/internal/services/totp_service.go:332.35,334.3 1 0
react-golang-starter/internal/services/totp_service.go:335.2,335.23 1 0
react-golang-starter/internal/services/totp_service.go:340.68,342.16 2 1
react-golang-starter/internal/services/totp_service.go:342.16,344.3 1 0
react-golang-starter/internal/services/totp_service.go:346.2,347.16 2 1
react-golang-starter/internal/services/totp_service.go:347.16,349.3 1 0
react-golang-starter/internal/services/totp_service.go:351.2,352.44 2 1
react-golang-starter/internal/services/totp_service.go:352.44,354.3 1 0
react-golang-starter/internal/services/totp_service.go:356.2,357.59 2 1
react-golang-starter/internal/services/totp_service.go:360.71,362.16 2 1
react-golang-starter/internal/services/totp_service.go:362.16,364.3 1 1
react-golang-starter/internal/services/totp_service.go:366.2,367.16 2 1
react-golang-starter/internal/services/totp_service.go:367.16,369.3 1 0
react-golang-starter/internal/services/totp_service.go:371.2,372.16 2 1
react-golang-starter/internal/services/totp_service.go:372.16,374.3 1 0
react-golang-starter/internal/services/totp_service.go:376.2,376.33 1 1
react-golang-starter/internal/services/totp_service.go:376.33,378.3 1 1
react-golang-starter/internal/services/totp_service.go:380.2,384.16 4 1
react-golang-starter/internal/services/totp_service.go:384.16,386.3 1 0
react-golang-starter/internal/services/totp_service.go:388.2,388.31 1 1
react-golang-starter/internal/services/totp_service.go:391.82,395.29 3 1
react-golang-starter/internal/services/totp_service.go:395.29,402.17 4 1
react-golang-starter/internal/services/totp_service.go:402.17,404.4 1 0
react-golang-starter/internal/services/totp_service.go:405.3,405.32 1 1
react-golang-starter/internal/services/totp_service.go:408.2,408.32 1 1
react-golang-starter/internal/services/totp_service.go:411.100,413.60 2 1
react-golang-starter/internal/services/totp_service.go:413.60,415.3 1 1
react-golang-starter/internal/services/totp_service.go:417.2,417.30 1 1
react-golang-starter/internal/services/totp_service.go:417.30,418.83 1 1
react-golang-starter/internal/services/totp_service.go:418.83,422.4 2 1
react-golang-starter/internal/services/totp_service.go:425.2,425.22 1 1
react-golang-starter/internal/services/totp_service.go:428.44,432.19 4 1
react-golang-starter/internal/services/totp_service.go:432.19,434.3 1 1
react-golang-starter/internal/services/totp_service.go:435.2,435.18 1 1
react-golang-starter/internal/services/totp_service.go:439.37,442.2 2 1
react-golang-starter/internal/services/totp_service.go:445.43,446.20 1 1
react-golang-starter/internal/services/totp_service.go:446.20,448.3 1 1
react-golang-starter/internal/services/totp_service.go:449.2,449.34 1 1
react-golang-starter/internal/services/totp_service.go:453.45,455.2 1 1
react-golang-starter/internal/services/usage_service.go:36.49,47.34 2 1
react-golang-starter/internal/services/usage_service.go:47.34,49.3 1 1
react-golang-starter/internal/services/usage_service.go:51.2,51.10 1 1
react-golang-starter/internal/services/usage_service.go:60.17,71.34 2 1
react-golang-starter/internal/services/usage_service.go:71.34,73.3 1 1
react-golang-starter/internal/services/usage_service.go:75.2,75.10 1 1
react-golang-starter/internal/services/usage_service.go:79.39,81.33 2 1
react-golang-starter/internal/services/usage_service.go:81.33,85.3 3 1
react-golang-starter/internal/services/usage_service.go:86.2,86.62 1 1
react-golang-starter/internal/services/usage_service.go:90.35,93.2 2 1
react-golang-starter/internal/services/usage_service.go:96.51,98.2 1 1
react-golang-starter/internal/services/usage_service.go:101.151,102.18 1 0
react-golang-starter/internal/services/usage_service.go:102.18,104.3 1 0
react-golang-starter/internal/services/usage_service.go:107.2,111.19 4 0
react-golang-starter/internal/services/usage_service.go:112.18,113.17 1 0
react-golang-starter/internal/services/usage_service.go:113.17,115.4 1 0
react-golang-starter/internal/services/usage_service.go:115.9,117.4 1 0
react-golang-starter/internal/services/usage_service.go:118.20,119.74 1 0
react-golang-starter/internal/services/usage_service.go:120.20,121.74 1 0
react-golang-starter/internal/services/usage_service.go:122.10,123.57 1 0
react-golang-starter/internal/services/usage_service.go:126.2,140.126 3 0
react-golang-starter/internal/services/usage_service.go:144.64,145.9 1 1
react-golang-starter/internal/services/usage_service.go:146.34,147.22 1 1
react-golang-starter/internal/services/usage_service.go:148.33,149.15 1 1
react-golang-starter/internal/services/usage_service.go:150.10,151.16 1 1
react-golang-starter/internal/services/usage_service.go:156.62,157.21 1 1
react-golang-starter/internal/services/usage_service.go:158.14,159.21 1 1
react-golang-starter/internal/services/usage_service.go:160.13,161.28 1 1
react-golang-starter/internal/services/usage_service.go:162.10,163.19 1 1
react-golang-starter/internal/services/usage_service.go:216.61,217.43 1 1
react-golang-starter/internal/services/usage_service.go:217.43,219.3 1 1
react-golang-starter/internal/services/usage_service.go:220.2,220.27 1 1
react-golang-starter/internal/services/usage_service.go:224.97,227.16 3 0
react-golang-starter/internal/services/usage_service.go:227.16,229.3 1 0
react-golang-starter/internal/services/usage_service.go:231.2,251.25 4 0
react-golang-starter/internal/services/usage_service.go:251.25,253.3 1 0
react-golang-starter/internal/services/usage_service.go:255.2,260.12 2 0
react-golang-starter/internal/services/usage_service.go:264.89,266.68 1 1
react-golang-starter/internal/services/usage_service.go:266.68,270.3 3 1
react-golang-starter/internal/services/usage_service.go:273.2,273.25 1 1
react-golang-starter/internal/services/usage_service.go:273.25,275.3 1 1
react-golang-starter/internal/services/usage_service.go:278.2,278.22 1 1
react-golang-starter/internal/services/usage_service.go:278.22,280.3 1 1
react-golang-starter/internal/services/usage_service.go:283.2,285.55 2 1
react-golang-starter/internal/services/usage_service.go:285.55,287.3 1 1
react-golang-starter/internal/services/usage_service.go:290.2,290.9 1 1
react-golang-starter/internal/services/usage_service.go:291.28,291.28 0 1
react-golang-starter/internal/services/usage_service.go:293.10,297.86 1 0
react-golang-starter/internal/services/usage_service.go:300.2,300.12 1 1
react-golang-starter/internal/services/usage_service.go:304.139,316.50 2 1
react-golang-starter/internal/services/usage_service.go:316.50,318.3 1 0
react-golang-starter/internal/services/usage_service.go:322.121,332.50 2 1
react-golang-starter/internal/services/usage_service.go:332.50,334.3 1 0
react-golang-starter/internal/services/usage_service.go:338.122,348.50 2 1
react-golang-starter/internal/services/usage_service.go:348.50,350.3 1 0
react-golang-starter/internal/services/usage_service.go:353.2,353.62 1 1
react-golang-starter/internal/services/usage_service.go:357.133,364.19 4 0
react-golang-starter/internal/services/usage_service.go:364.19,366.3 1 0
react-golang-starter/internal/services/usage_service.go:366.8,366.25 1 0
react-golang-starter/internal/services/usage_service.go:366.25,368.3 1 0
react-golang-starter/internal/services/usage_service.go:368.8,370.3 1 0
react-golang-starter/internal/services/usage_service.go:372.2,373.49 2 0
react-golang-starter/internal/services/usage_service.go:373.49,375.3 1 0
react-golang-starter/internal/services/usage_service.go:378.2,379.30 2 0
react-golang-starter/internal/services/usage_service.go:379.30,380.77 1 0
react-golang-starter/internal/services/usage_service.go:380.77,382.4 1 0
react-golang-starter/internal/services/usage_service.go:386.2,387.60 2 0
react-golang-starter/internal/services/usage_service.go:387.60,388.77 1 0
react-golang-starter/internal/services/usage_service.go:388.77,391.4 2 0
react-golang-starter/internal/services/usage_service.go:392.8,394.3 1 0
react-golang-starter/internal/services/usage_service.go:397.2,405.25 2 0
react-golang-starter/internal/services/usage_service.go:405.25,407.3 1 0
react-golang-starter/internal/services/usage_service.go:408.2,408.29 1 0
react-golang-starter/internal/services/usage_service.go:408.29,410.3 1 0
react-golang-starter/internal/services/usage_service.go:411.2,411.26 1 0
react-golang-starter/internal/services/usage_service.go:411.26,413.3 1 0
react-golang-starter/internal/services/usage_service.go:414.2,414.28 1 0
react-golang-starter/internal/services/usage_service.go:414.28,416.3 1 0
react-golang-starter/internal/services/usage_service.go:418.2,418.22 1 0
react-golang-starter/internal/services/usage_service.go:422.98,424.16 2 0
react-golang-starter/internal/services/usage_service.go:424.16,426.3 1 0
react-golang-starter/internal/services/usage_service.go:428.2,432.87 3 0
react-golang-starter/internal/services/usage_service.go:432.87,433.17 1 0
react-golang-starter/internal/services/usage_service.go:433.17,435.4 1 0
react-golang-starter/internal/services/usage_service.go:437.3,437.47 1 0
react-golang-starter/internal/services/usage_service.go:437.47,438.31 1 0
react-golang-starter/internal/services/usage_service.go:438.31,440.25 2 0
react-golang-starter/internal/services/usage_service.go:440.25,443.6 2 0
react-golang-starter/internal/services/usage_service.go:446.5,466.65 3 0
react-golang-starter/internal/services/usage_service.go:466.65,468.6 1 0
react-golang-starter/internal/services/usage_service.go:473.2,478.28 5 0
react-golang-starter/internal/services/usage_service.go:482.125,486.19 3 1
react-golang-starter/internal/services/usage_service.go:486.19,488.3 1 1
react-golang-starter/internal/services/usage_service.go:488.8,488.25 1 1
react-golang-starter/internal/services/usage_service.go:488.25,490.3 1 1
react-golang-starter/internal/services/usage_service.go:490.8,492.3 1 1
react-golang-starter/internal/services/usage_service.go:494.2,494.16 1 1
react-golang-starter/internal/services/usage_service.go:494.16,496.3 1 1
react-golang-starter/internal/services/usage_service.go:498.2,498.20 1 1
react-golang-starter/internal/services/usage_service.go:502.103,505.16 3 1
react-golang-starter/internal/services/usage_service.go:505.16,507.3 1 1
react-golang-starter/internal/services/usage_service.go:509.2,509.23 1 1
react-golang-starter/internal/services/usage_service.go:509.23,511.3 1 1
react-golang-starter/internal/services/usage_service.go:513.2,513.12 1 1
react-golang-starter/internal/services/usage_service.go:517.90,519.17 1 1
react-golang-starter/internal/services/usage_service.go:519.17,521.3 1 1
react-golang-starter/internal/services/usage_service.go:524.2,528.25 3 0
react-golang-starter/internal/services/usage_service.go:528.25,530.3 1 0
react-golang-starter/internal/services/usage_service.go:530.8,530.40 1 0
react-golang-starter/internal/services/usage_service.go:530.40,532.3 1 0
react-golang-starter/internal/services/usage_service.go:532.8,534.3 1 0
react-golang-starter/internal/services/usage_service.go:536.2,537.35 2 0
react-golang-starter/internal/services/usage_service.go:537.35,550.69 3 0
react-golang-starter/internal/services/usage_service.go:550.69,553.4 2 0
react-golang-starter/internal/services/usage_service.go:554.8,554.23 1 0
react-golang-starter/internal/services/usage_service.go:554.23,557.3 2 0
react-golang-starter/internal/services/usage_service.go:560.2,561.60 2 0
react-golang-starter/internal/services/usage_service.go:561.60,562.77 1 0
react-golang-starter/internal/services/usage_service.go:562.77,564.4 1 0
react-golang-starter/internal/services/usage_service.go:568.2,568.25 1 0
react-golang-starter/internal/services/usage_service.go:569.24,570.36 1 0
react-golang-starter/internal/services/usage_service.go:571.24,572.40 1 0
react-golang-starter/internal/services/usage_service.go:573.24,574.37 1 0
react-golang-starter/internal/services/usage_service.go:575.27,576.39 1 0
react-golang-starter/internal/services/usage_service.go:580.2,581.16 2 0
react-golang-starter/internal/services/usage_service.go:581.16,584.3 2 0
react-golang-starter/internal/services/usage_service.go:586.2,591.23 2 0
react-golang-starter/internal/services/usage_service.go:591.23,593.3 1 0
react-golang-starter/internal/services/usage_service.go:597.49,605.2 4 1
react-golang-starter/internal/services/usage_service.go:608.139,612.19 3 1
react-golang-starter/internal/services/usage_service.go:612.19,614.3 1 1
react-golang-starter/internal/services/usage_service.go:614.8,614.25 1 1
react-golang-starter/internal/services/usage_service.go:614.25,616.3 1 1
react-golang-starter/internal/services/usage_service.go:616.8,618.3 1 1
react-golang-starter/internal/services/usage_service.go:620.2,620.16 1 1
react-golang-starter/internal/services/usage_service.go:620.16,622.3 1 1
react-golang-starter/internal/services/usage_service.go:624.2,625.33 2 1
react-golang-starter/internal/services/usage_service.go:625.33,629.31 3 1
react-golang-starter/internal/services/usage_service.go:629.31,630.78 1 1
react-golang-starter/internal/services/usage_service.go:630.78,636.5 1 0
react-golang-starter/internal/services/usage_service.go:638.3,638.31 1 1
react-golang-starter/internal/services/usage_service.go:638.31,639.78 1 1
react-golang-starter/internal/services/usage_service.go:639.78,646.5 2 0
react-golang-starter/internal/services/usage_service.go:647.9,649.4 1 1
react-golang-starter/internal/services/usage_service.go:651.3,659.26 2 1
react-golang-starter/internal/services/usage_service.go:659.26,661.4 1 1
react-golang-starter/internal/services/usage_service.go:662.3,662.30 1 1
react-golang-starter/internal/services/usage_service.go:662.30,664.4 1 1
react-golang-starter/internal/services/usage_service.go:665.3,665.27 1 1
react-golang-starter/internal/services/usage_service.go:665.27,667.4 1 1
react-golang-starter/internal/services/usage_service.go:668.3,668.29 1 1
react-golang-starter/internal/services/usage_service.go:668.29,670.4 1 1
react-golang-starter/internal/services/usage_service.go:672.3,672.37 1 1
react-golang-starter/internal/services/usage_service.go:675.2,675.21 1 1
react-golang-starter/internal/services/user_preferences_service.go:17.58,19.2 1 1
react-golang-starter/internal/services/user_preferences_service.go:22.95,26.44 3 0
react-golang-starter/internal/services/user_preferences_service.go:26.44,29.58 2 0
react-golang-starter/internal/services/user_preferences_service.go:29.58,31.4 1 0
react-golang-starter/internal/services/user_preferences_service.go:32.3,32.21 1 0
react-golang-starter/internal/services/user_preferences_service.go:35.2,35.25 1 0
react-golang-starter/internal/services/user_preferences_service.go:35.25,37.3 1 0
react-golang-starter/internal/services/user_preferences_service.go:39.2,39.20 1 0
react-golang-starter/internal/services/user_preferences_service.go:43.140,46.16 2 0
react-golang-starter/internal/services/user_preferences_service.go:46.16,48.3 1 0
react-golang-starter/internal/services/user_preferences_service.go:51.2,55.22 2 0
react-golang-starter/internal/services/user_preferences_service.go:55.22,56.32 1 0
react-golang-starter/internal/services/user_preferences_service.go:56.32,58.4 1 0
react-golang-starter/internal/services/user_preferences_service.go:59.3,59.32 1 0
react-golang-starter/internal/services/user_preferences_service.go:62.2,62.25 1 0
react-golang-starter/internal/services/user_preferences_service.go:62.25,64.3 1 0
react-golang-starter/internal/services/user_preferences_service.go:66.2,66.25 1 0
react-golang-starter/internal/services/user_preferences_service.go:66.25,67.38 1 0
react-golang-starter/internal/services/user_preferences_service.go:67.38,69.4 1 0
react-golang-starter/internal/services/user_preferences_service.go:70.3,70.38 1 0
react-golang-starter/internal/services/user_preferences_service.go:73.2,73.27 1 0
react-golang-starter/internal/services/user_preferences_service.go:73.27,75.3 1 0
react-golang-starter/internal/services/user_preferences_service.go:77.2,77.27 1 0
react-golang-starter/internal/services/user_preferences_service.go:77.27,78.59 1 0
react-golang-starter/internal/services/user_preferences_service.go:78.59,80.4 1 0
react-golang-starter/internal/services/user_preferences_service.go:81.3,81.43 1 0
react-golang-starter/internal/services/user_preferences_service.go:84.2,84.35 1 0
react-golang-starter/internal/services/user_preferences_service.go:84.35,87.3 2 0
react-golang-starter/internal/services/user_preferences_service.go:89.2,89.72 1 0
react-golang-starter/internal/services/user_preferences_service.go:89.72,91.3 1 0
react-golang-starter/internal/services/user_preferences_service.go:94.2,94.33 1 0
react-golang-starter/internal/services/user_preferences_service.go:98.79,99.26 1 0
react-golang-starter/internal/services/user_preferences_service.go:99.26,101.3 1 0
react-golang-starter/internal/services/user_preferences_service.go:104.2,105.16 2 0
react-golang-starter/internal/services/user_preferences_service.go:105.16,107.3 1 0
react-golang-starter/internal/services/user_preferences_service.go:109.2,114.11 1 0
react-golang-starter/internal/services/user_preferences_service.go:118.127,121.16 2 0
react-golang-starter/internal/services/user_preferences_service.go:121.16,123.3 1 0
react-golang-starter/internal/services/user_preferences_service.go:125.2,132.11 2 0
react-golang-starter/internal/services/user_preferences_service.go:136.71,138.2 1 0
react-golang-starter/internal/services/user_preferences_service.go:141.95,161.2 3 1
react-golang-starter/internal/services/user_preferences_service.go:163.38,165.2 1 1
react-golang-starter/internal/services/user_preferences_service.go:167.40,170.2 2 1
